TN:
SF:openresty/lua/fastfn/console/data.lua
DA:1,10
DA:2,10
DA:3,10
DA:5,10
DA:7,10
DA:8,10
DA:9,10
DA:10,10
DA:11,10
DA:12,10
DA:13,10
DA:14,10
DA:15,10
DA:27,10
DA:41,156
DA:42,302
DA:43,146
DA:45,156
DA:46,156
DA:50,329
DA:51,329
DA:52,246
DA:54,83
DA:55,83
DA:59,377
DA:60,377
DA:61,377
DA:62,1
DA:64,376
DA:65,376
DA:66,376
DA:70,182
DA:71,139
DA:73,43
DA:74,12
DA:76,31
DA:77,7
DA:79,24
DA:80,7
DA:82,17
DA:83,7
DA:85,10
DA:86,7
DA:88,3
DA:92,11
DA:93,11
DA:94,1
DA:96,20
DA:97,10
DA:98,2
DA:100,8
DA:101,3
DA:103,5
DA:104,1
DA:106,4
DA:107,1
DA:109,3
DA:110,1
DA:112,2
DA:113,1
DA:115,1
DA:119,22
DA:120,1
DA:122,21
DA:126,37
DA:127,2
DA:129,35
DA:130,9
DA:132,52
DA:133,1
DA:135,25
DA:136,1
DA:138,46
DA:139,24
DA:140,2
DA:143,22
DA:147,115
DA:148,1
DA:150,114
DA:151,96
DA:153,18
DA:157,273
DA:158,1
DA:160,272
DA:161,272
DA:162,1
DA:164,271
DA:165,12
DA:167,259
DA:168,518
DA:172,21
DA:173,21
DA:177,60
DA:178,124
DA:179,63
DA:180,59
DA:183,1
DA:187,61
DA:191,61
DA:192,61
DA:196,5
DA:197,5
DA:198,1
DA:200,4
DA:201,4
DA:202,4
DA:206,20
DA:207,20
DA:211,19
DA:212,19
DA:216,8
DA:217,8
DA:218,2
DA:220,6
DA:221,9
DA:222,3
DA:224,6
DA:225,6
DA:226,6
DA:230,3
DA:231,7
DA:232,1
DA:234,3
DA:238,40
DA:249,14
DA:250,14
DA:252,26
DA:261,5
DA:262,5
DA:264,21
DA:276,5
DA:277,5
DA:279,16
DA:290,5
DA:291,5
DA:293,11
DA:304,5
DA:305,5
DA:307,6
DA:329,5
DA:330,5
DA:332,1
DA:336,17
DA:337,17
DA:338,17
DA:339,17
DA:340,21
DA:341,12
DA:342,12
DA:343,11
DA:344,11
DA:348,17
DA:349,8
DA:351,17
DA:355,143
DA:356,143
DA:357,1
DA:359,284
DA:360,142
DA:361,1
DA:363,141
DA:364,140
DA:366,1
DA:370,306
DA:371,306
DA:372,239
DA:376,67
DA:377,65
DA:379,3
DA:381,67
DA:384,67
DA:385,1
DA:388,67
DA:389,2
DA:392,66
DA:396,80
DA:397,1
DA:399,39
DA:400,39
DA:401,1
DA:403,38
DA:404,38
DA:405,38
DA:409,267
DA:410,139
DA:411,338
DA:412,60
DA:415,34
DA:419,438
DA:420,1
DA:422,218
DA:423,218
DA:424,169
DA:427,49
DA:428,49
DA:429,1
DA:432,48
DA:436,2
DA:437,1
DA:439,1
DA:440,6
DA:441,5
DA:443,1
DA:447,8
DA:448,70
DA:449,64
DA:450,2
DA:453,6
DA:457,42
DA:458,42
DA:459,29
DA:462,24
DA:463,11
DA:464,11
DA:465,7
DA:466,7
DA:467,7
DA:468,7
DA:469,7
DA:470,7
DA:471,7
DA:472,7
DA:475,4
DA:476,3
DA:477,3
DA:478,3
DA:479,3
DA:480,6
DA:481,3
DA:486,13
DA:490,2
DA:491,2
DA:492,1
DA:494,1
DA:498,35
DA:499,74
DA:500,4
DA:501,4
DA:502,4
DA:503,4
DA:504,4
DA:505,5
DA:506,4
DA:508,35
DA:512,37
DA:513,37
DA:515,37
DA:516,37
DA:517,1
DA:520,276
DA:521,276
DA:522,276
DA:523,36
DA:525,240
DA:526,240
DA:527,2
DA:528,5
DA:529,3
DA:530,3
DA:531,3
DA:537,36
DA:538,36
DA:539,36
DA:543,36
DA:544,36
DA:545,36
DA:546,35
DA:549,4
DA:550,3
DA:551,3
DA:552,2
DA:553,2
DA:554,2
DA:555,2
DA:560,1
DA:561,1
DA:565,71
DA:566,71
DA:567,68
DA:569,3
DA:570,3
DA:571,1
DA:573,4
DA:577,36
DA:578,36
DA:579,36
DA:581,36
DA:582,34
DA:585,14
DA:586,12
DA:587,12
DA:588,4
DA:589,8
DA:590,4
DA:591,4
DA:592,4
DA:593,4
DA:598,2
DA:599,2
DA:603,31
DA:607,23
DA:611,38
DA:615,60
DA:616,1
DA:618,59
DA:619,59
DA:620,2
DA:622,59
DA:623,59
DA:624,1
DA:626,59
DA:627,59
DA:630,84
DA:631,46
DA:632,45
DA:633,45
DA:635,46
DA:641,59
DA:642,22
DA:644,59
DA:645,54
DA:648,59
DA:649,24
DA:653,2
DA:655,22
DA:658,35
DA:662,27
DA:663,1
DA:665,26
DA:666,26
DA:669,52
DA:670,32
DA:672,20
DA:673,20
DA:674,24
DA:675,2
DA:677,12
DA:679,8
DA:680,1
DA:681,1
DA:683,17
DA:684,22
DA:685,1
DA:686,1
DA:691,26
DA:692,26
DA:694,26
DA:695,4
DA:697,22
DA:701,16
DA:702,1
DA:704,15
DA:705,1
DA:708,14
DA:709,14
DA:710,3
DA:711,2
DA:713,13
DA:714,12
DA:716,1
DA:719,13
DA:720,13
DA:721,25
DA:722,17
DA:723,1
DA:725,16
DA:726,16
DA:727,16
DA:728,1
DA:730,15
DA:731,2
DA:733,13
DA:734,1
DA:736,12
DA:737,10
DA:738,10
DA:743,8
DA:747,37
DA:748,37
DA:749,37
DA:750,1
DA:753,280
DA:754,280
DA:755,280
DA:756,36
DA:759,244
DA:760,244
DA:761,244
DA:763,244
DA:764,10
DA:765,5
DA:766,1
DA:767,4
DA:768,2
DA:769,3
DA:770,1
DA:771,1
DA:772,1
DA:774,2
DA:775,1
DA:776,1
DA:777,1
DA:782,36
DA:783,36
DA:787,37
DA:788,1
DA:791,36
DA:792,36
DA:793,20
DA:795,36
DA:796,52
DA:798,36
DA:799,20
DA:801,36
DA:802,21
DA:803,20
DA:805,1
DA:806,1
DA:807,1
DA:811,36
DA:812,1
DA:814,36
DA:815,2
DA:817,36
DA:818,4
DA:819,4
DA:820,4
DA:823,36
DA:824,36
DA:825,21
DA:827,36
DA:828,5
DA:829,5
DA:830,5
DA:833,36
DA:837,37
DA:838,1
DA:841,36
DA:842,81
DA:843,9
DA:844,9
DA:845,9
DA:846,8
DA:847,9
DA:848,8
DA:852,36
DA:856,71
DA:857,71
DA:859,133
DA:860,79
DA:861,79
DA:864,138
DA:865,67
DA:867,137
DA:868,66
DA:870,71
DA:874,35
DA:875,35
DA:876,35
DA:878,179
DA:879,109
DA:880,109
DA:881,7
DA:883,109
DA:884,186
DA:885,109
DA:886,109
DA:887,51
DA:888,32
DA:889,32
DA:890,32
DA:896,35
DA:900,35
DA:901,35
DA:902,35
DA:903,15
DA:905,35
DA:906,15
DA:909,35
DA:910,35
DA:911,15
DA:913,35
DA:914,15
DA:917,35
DA:918,35
DA:919,35
DA:920,35
DA:921,35
DA:922,35
DA:923,35
DA:925,35
DA:926,35
DA:927,35
DA:928,6
DA:931,35
DA:932,35
DA:934,95
DA:935,40
DA:936,40
DA:939,35
DA:940,35
DA:941,60
DA:942,25
DA:945,35
DA:946,35
DA:947,35
DA:948,35
DA:949,35
DA:950,35
DA:951,35
DA:952,35
DA:953,35
DA:954,35
DA:955,35
DA:956,35
DA:957,35
DA:958,35
DA:962,35
DA:963,20
DA:965,35
DA:969,110
DA:970,110
DA:971,4
DA:973,106
DA:977,67
DA:978,67
DA:979,4
DA:981,63
DA:986,80
DA:987,160
DA:988,73
DA:989,73
DA:990,177
DA:991,1
DA:993,58
DA:994,58
DA:995,58
DA:996,58
DA:997,58
DA:998,58
DA:1003,21
DA:1004,21
DA:1005,15
DA:1006,1
DA:1008,28
DA:1009,1
DA:1012,13
DA:1013,13
DA:1014,38
DA:1015,1
DA:1017,24
DA:1018,1
DA:1020,22
DA:1021,2
DA:1023,9
DA:1024,9
DA:1025,2
DA:1028,7
DA:1029,7
DA:1030,7
DA:1031,7
DA:1032,7
DA:1033,7
DA:1036,6
DA:1040,79
DA:1041,1
DA:1044,78
DA:1046,78
DA:1047,5
DA:1048,1
DA:1049,4
DA:1050,1
DA:1052,3
DA:1053,3
DA:1054,1
DA:1055,2
DA:1056,1
DA:1058,1
DA:1063,76
DA:1064,2
DA:1065,2
DA:1066,1
DA:1068,1
DA:1071,75
DA:1072,2
DA:1073,2
DA:1074,1
DA:1076,1
DA:1079,74
DA:1080,2
DA:1081,2
DA:1082,1
DA:1084,1
DA:1087,73
DA:1088,1
DA:1091,73
DA:1092,73
DA:1093,3
DA:1095,73
DA:1096,2
DA:1098,73
DA:1099,5
DA:1100,5
DA:1101,1
DA:1103,4
DA:1104,4
DA:1105,4
DA:1110,72
DA:1111,72
DA:1112,3
DA:1114,72
DA:1115,15
DA:1116,5
DA:1118,72
DA:1119,7
DA:1120,7
DA:1121,1
DA:1123,6
DA:1124,6
DA:1125,5
DA:1126,2
DA:1128,5
DA:1132,71
DA:1134,15
DA:1135,6
DA:1136,4
DA:1139,6
DA:1140,6
DA:1141,1
DA:1142,5
DA:1143,1
DA:1145,4
DA:1146,4
DA:1147,1
DA:1148,3
DA:1149,1
DA:1151,2
DA:1156,13
DA:1157,8
DA:1158,6
DA:1160,8
DA:1161,8
DA:1162,5
DA:1164,3
DA:1168,64
DA:1169,4
DA:1170,2
DA:1173,2
DA:1174,2
DA:1175,2
DA:1178,2
DA:1179,2
DA:1183,62
DA:1184,30
DA:1185,1
DA:1186,29
DA:1187,1
DA:1189,28
DA:1190,28
DA:1191,2
DA:1193,28
DA:1194,3
DA:1195,3
DA:1196,1
DA:1198,2
DA:1200,27
DA:1201,6
DA:1202,1
DA:1203,5
DA:1204,1
DA:1206,4
DA:1207,4
DA:1208,1
DA:1210,6
DA:1211,1
DA:1212,1
DA:1221,1
DA:1222,1
DA:1225,2
DA:1226,10
DA:1227,8
DA:1229,2
DA:1230,1
DA:1233,1
DA:1236,23
DA:1237,6
DA:1238,1
DA:1239,5
DA:1240,1
DA:1242,4
DA:1243,4
DA:1244,1
DA:1246,3
DA:1247,3
DA:1248,1
DA:1250,2
DA:1253,20
DA:1254,11
DA:1255,1
DA:1256,10
DA:1257,1
DA:1258,9
DA:1259,1
DA:1261,8
DA:1262,8
DA:1263,1
DA:1265,8
DA:1266,3
DA:1267,3
DA:1268,1
DA:1270,2
DA:1271,2
DA:1272,1
DA:1274,2
DA:1276,7
DA:1277,4
DA:1278,4
DA:1279,1
DA:1281,3
DA:1282,1
DA:1284,3
DA:1286,6
DA:1287,4
DA:1288,4
DA:1289,1
DA:1291,3
DA:1292,1
DA:1294,3
DA:1296,5
DA:1297,3
DA:1298,3
DA:1299,1
DA:1301,2
DA:1302,1
DA:1304,2
DA:1306,4
DA:1307,1
DA:1309,3
DA:1310,1
DA:1312,2
DA:1315,13
DA:1316,3
DA:1317,3
DA:1318,1
DA:1320,2
DA:1322,12
DA:1323,2
DA:1324,1
DA:1326,1
DA:1328,11
DA:1329,2
DA:1330,1
DA:1332,1
DA:1334,10
DA:1335,3
DA:1336,1
DA:1338,3
DA:1341,10
DA:1342,2
DA:1343,1
DA:1345,1
DA:1347,9
DA:1351,42
DA:1352,7
DA:1353,7
DA:1354,2
DA:1356,7
DA:1357,1
DA:1360,7
DA:1361,1
DA:1362,6
DA:1363,3
DA:1364,3
DA:1365,8
DA:1366,7
DA:1367,7
DA:1368,7
DA:1369,2
DA:1371,5
DA:1372,4
DA:1373,4
DA:1377,1
DA:1378,3
DA:1379,2
DA:1380,2
DA:1381,5
DA:1382,4
DA:1383,4
DA:1384,1
DA:1386,3
DA:1387,2
DA:1388,2
DA:1391,1
DA:1393,1
DA:1397,38
DA:1398,10
DA:1399,1
DA:1400,9
DA:1401,1
DA:1403,8
DA:1404,8
DA:1406,8
DA:1407,4
DA:1408,1
DA:1410,3
DA:1411,3
DA:1412,3
DA:1413,1
DA:1415,2
DA:1419,7
DA:1420,4
DA:1421,1
DA:1422,3
DA:1423,1
DA:1425,2
DA:1426,2
DA:1427,4
DA:1428,2
DA:1429,2
DA:1430,2
DA:1431,2
DA:1434,2
DA:1438,6
DA:1439,2
DA:1442,6
DA:1443,4
DA:1444,1
DA:1446,3
DA:1447,3
DA:1448,1
DA:1450,2
DA:1454,5
DA:1458,34
DA:1462,17
DA:1463,2
DA:1466,15
DA:1467,23
DA:1468,12
DA:1469,1
DA:1472,11
DA:1473,6
DA:1474,6
DA:1476,6
DA:1477,6
DA:1478,1
DA:1479,5
DA:1480,1
DA:1481,4
DA:1482,1
DA:1484,3
DA:1485,3
DA:1486,2
DA:1488,1
DA:1491,4
DA:1493,5
DA:1494,5
DA:1495,2
DA:1496,3
DA:1497,2
DA:1499,1
DA:1504,11
DA:1505,11
DA:1506,11
DA:1510,164
DA:1511,164
DA:1512,164
DA:1516,6
DA:1517,6
DA:1518,6
DA:1519,6
DA:1520,6
DA:1521,2
DA:1523,6
DA:1524,4
DA:1525,1
DA:1527,1
DA:1530,6
DA:1531,6
DA:1532,6
DA:1533,6
DA:1534,6
DA:1535,18
DA:1536,18
DA:1537,18
DA:1538,18
DA:1539,6
DA:1542,10
DA:1543,2
DA:1544,2
DA:1546,2
DA:1547,4
DA:1548,2
DA:1549,2
DA:1550,2
DA:1551,2
DA:1552,2
DA:1553,2
DA:1556,7
DA:1557,3
DA:1558,3
DA:1560,3
DA:1561,3
DA:1562,3
DA:1563,6
DA:1564,3
DA:1567,3
DA:1569,9
DA:1570,9
DA:1571,5
DA:1573,4
DA:1574,4
DA:1576,4
DA:1577,4
DA:1578,4
DA:1580,4
DA:1581,4
DA:1582,4
DA:1584,4
DA:1585,4
DA:1588,10
DA:1589,4
DA:1590,4
DA:1591,4
DA:1592,4
DA:1593,4
DA:1594,4
DA:1595,4
DA:1596,1
DA:1598,4
DA:1599,2
DA:1601,4
DA:1602,2
DA:1604,7
DA:1605,3
DA:1607,6
DA:1608,2
DA:1612,11
DA:1613,5
DA:1614,5
DA:1615,3
DA:1617,5
DA:1618,12
DA:1619,7
DA:1620,6
DA:1621,5
DA:1622,5
DA:1623,5
DA:1624,5
DA:1625,5
DA:1626,5
DA:1627,5
DA:1628,12
DA:1629,7
DA:1630,3
DA:1631,3
DA:1634,5
DA:1635,4
DA:1636,4
DA:1643,10
DA:1644,4
DA:1645,4
DA:1646,4
DA:1647,4
DA:1648,8
DA:1650,4
DA:1651,6
DA:1652,2
DA:1653,2
DA:1654,4
DA:1656,4
DA:1657,4
DA:1658,4
DA:1659,4
DA:1662,3
DA:1665,2
DA:1668,10
DA:1669,43
DA:1670,1
DA:1672,84
DA:1673,1
DA:1675,41
DA:1676,1
DA:1679,40
DA:1680,40
DA:1681,1
DA:1684,39
DA:1685,39
DA:1686,39
DA:1687,3
DA:1689,36
DA:1690,36
DA:1691,36
DA:1692,107
DA:1693,1
DA:1695,35
DA:1696,35
DA:1697,35
DA:1698,70
DA:1699,35
DA:1700,35
DA:1702,35
DA:1703,4
DA:1704,35
DA:1705,35
DA:1706,27
DA:1707,35
DA:1708,35
DA:1709,4
DA:1710,35
DA:1711,35
DA:1712,35
DA:1714,35
DA:1715,35
DA:1716,4
DA:1717,8
DA:1718,4
DA:1719,4
DA:1720,4
DA:1721,4
DA:1726,35
DA:1727,35
DA:1728,35
DA:1729,35
DA:1731,35
DA:1732,35
DA:1733,35
DA:1734,35
DA:1735,35
DA:1736,36
DA:1737,36
DA:1739,70
DA:1740,1
DA:1741,68
DA:1742,1
DA:1745,35
DA:1746,35
DA:1747,35
DA:1748,35
DA:1749,35
DA:1750,35
DA:1751,35
DA:1752,35
DA:1755,35
DA:1756,35
DA:1757,35
DA:1758,35
DA:1760,35
DA:1761,35
DA:1762,35
DA:1763,9
DA:1764,9
DA:1765,1
DA:1768,35
DA:1769,35
DA:1770,35
DA:1771,35
DA:1772,35
DA:1773,35
DA:1777,35
DA:1778,35
DA:1779,35
DA:1780,35
DA:1781,35
DA:1782,77
DA:1783,42
DA:1784,42
DA:1788,35
DA:1789,35
DA:1790,35
DA:1791,35
DA:1792,35
DA:1793,35
DA:1794,35
DA:1795,35
DA:1796,35
DA:1797,70
DA:1798,35
DA:1799,35
DA:1800,35
DA:1801,35
DA:1802,35
DA:1803,35
DA:1804,35
DA:1805,35
DA:1806,35
DA:1807,105
DA:1808,105
DA:1809,105
DA:1810,105
DA:1811,35
DA:1812,35
DA:1813,35
DA:1814,35
DA:1815,35
DA:1816,35
DA:1817,35
DA:1818,35
DA:1819,35
DA:1820,35
DA:1821,35
DA:1822,35
DA:1823,35
DA:1824,35
DA:1825,35
DA:1826,35
DA:1827,35
DA:1828,35
DA:1829,35
DA:1834,35
DA:1835,35
DA:1836,35
DA:1837,35
DA:1838,35
DA:1839,35
DA:1840,35
DA:1841,35
DA:1842,35
DA:1843,70
DA:1844,35
DA:1845,35
DA:1846,35
DA:1847,35
DA:1848,35
DA:1849,35
DA:1850,35
DA:1851,35
DA:1852,35
DA:1853,35
DA:1854,35
DA:1855,70
DA:1856,35
DA:1857,35
DA:1858,35
DA:1859,35
DA:1860,70
DA:1861,35
DA:1862,35
DA:1863,35
DA:1864,35
DA:1865,70
DA:1866,35
DA:1867,35
DA:1869,35
DA:1870,35
DA:1871,35
DA:1872,35
DA:1873,35
DA:1874,70
DA:1875,35
DA:1876,35
DA:1877,70
DA:1878,35
DA:1879,35
DA:1882,35
DA:1883,13
DA:1884,13
DA:1885,13
DA:1888,35
DA:1891,10
DA:1892,19
DA:1893,1
DA:1895,36
DA:1896,1
DA:1898,17
DA:1899,1
DA:1902,16
DA:1903,16
DA:1904,5
DA:1907,11
DA:1908,11
DA:1909,1
DA:1912,10
DA:1913,10
DA:1914,10
DA:1915,2
DA:1917,8
DA:1918,8
DA:1919,23
DA:1920,1
DA:1923,14
DA:1924,7
DA:1925,1
DA:1927,13
DA:1928,6
DA:1929,1
DA:1930,2
DA:1931,1
DA:1933,1
DA:1934,5
DA:1935,3
DA:1936,7
DA:1937,5
DA:1938,1
DA:1940,4
DA:1943,2
DA:1945,3
DA:1949,7
DA:1950,7
DA:1951,1
DA:1954,6
DA:1955,6
DA:1956,1
DA:1959,5
DA:1961,5
DA:1962,5
DA:1963,1
DA:1966,4
DA:1969,10
DA:1970,14
DA:1971,1
DA:1973,26
DA:1974,1
DA:1976,12
DA:1977,1
DA:1980,11
DA:1981,11
DA:1982,1
DA:1985,10
DA:1986,10
DA:1987,1
DA:1990,9
DA:1991,9
DA:1992,9
DA:1993,2
DA:1995,7
DA:1996,7
DA:1997,20
DA:1998,1
DA:2001,12
DA:2002,11
DA:2003,5
DA:2004,1
DA:2006,4
DA:2008,6
DA:2011,4
DA:2012,4
DA:2013,4
DA:2016,4
DA:2018,1
DA:2021,3
DA:2022,2
DA:2025,4
DA:2026,2
DA:2027,2
DA:2028,4
DA:2031,4
DA:2032,1
DA:2034,3
DA:2041,6
DA:2042,6
DA:2043,1
DA:2046,5
DA:2047,5
DA:2048,1
DA:2051,4
DA:2053,4
DA:2054,4
DA:2055,1
DA:2058,3
DA:2061,10
DA:2062,12
DA:2063,1
DA:2065,22
DA:2066,1
DA:2068,10
DA:2069,1
DA:2071,9
DA:2072,1
DA:2074,8
DA:2075,1
DA:2077,7
DA:2078,1
DA:2081,6
DA:2082,6
DA:2083,1
DA:2086,5
DA:2087,5
DA:2088,5
DA:2089,1
DA:2091,4
DA:2093,4
DA:2094,4
DA:2095,1
DA:2098,3
DA:2100,3
DA:2101,3
DA:2102,1
DA:2105,2
DA:2108,10
DA:2109,27
DA:2110,1
DA:2112,26
DA:2113,1
DA:2115,25
DA:2116,1
DA:2119,24
DA:2120,24
DA:2121,1
DA:2124,23
DA:2125,46
DA:2126,1
DA:2128,44
DA:2129,1
DA:2132,42
DA:2133,1
DA:2136,20
DA:2137,20
DA:2138,1
DA:2141,19
DA:2142,19
DA:2143,1
DA:2145,18
DA:2146,4
DA:2147,1
DA:2149,1
DA:2151,17
DA:2153,17
DA:2154,17
DA:2155,17
DA:2156,1
DA:2158,17
DA:2159,17
DA:2160,1
DA:2162,17
DA:2163,17
DA:2164,9
DA:2166,17
DA:2167,17
DA:2168,17
DA:2169,17
DA:2170,10
DA:2172,17
DA:2173,1
DA:2175,17
DA:2176,17
DA:2177,1
DA:2179,32
DA:2182,16
DA:2183,16
DA:2184,1
DA:2186,30
DA:2188,16
DA:2189,1
DA:2192,15
DA:2193,15
DA:2194,1
DA:2197,14
DA:2198,14
DA:2199,14
DA:2200,14
DA:2201,14
DA:2202,14
DA:2203,14
DA:2205,14
DA:2206,10
DA:2208,14
DA:2209,41
DA:2210,1
DA:2212,13
DA:2213,13
DA:2214,1
DA:2216,12
DA:2217,12
DA:2218,1
DA:2221,11
DA:2222,11
DA:2223,11
DA:2224,1
DA:2226,10
DA:2229,10
DA:2230,8
DA:2231,1
DA:2233,14
DA:2234,1
DA:2236,6
DA:2237,1
DA:2240,5
DA:2241,5
DA:2242,10
DA:2243,1
DA:2245,8
DA:2246,1
DA:2248,6
DA:2249,1
DA:2252,2
DA:2253,1
DA:2254,1
DA:2255,1
DA:2258,4
DA:2259,2
DA:2260,4
DA:2261,1
DA:2264,1
DA:2265,1
DA:2266,1
DA:2267,1
DA:2268,1
DA:2269,1
DA:2270,1
DA:2271,1
DA:2272,1
DA:2273,1
DA:2274,1
DA:2275,1
DA:2276,1
DA:2277,1
DA:2278,1
DA:2279,1
DA:2280,1
DA:2282,2
DA:2283,1
DA:2287,1
DA:2288,1
DA:2291,10
DA:2292,9
DA:2293,9
DA:2294,3
DA:2297,10
DA:2298,4
DA:2299,4
DA:2301,5
DA:2302,2
DA:2303,1
DA:2304,1
DA:2305,1
DA:2308,4
DA:2309,3
DA:2314,4
DA:2315,4
DA:2316,4
DA:2318,4
DA:2321,10
DA:2322,2
DA:2323,2
DA:2324,2
DA:2325,5
DA:2326,3
DA:2327,1
DA:2329,2
DA:2333,2
DA:2334,2
DA:2335,2
DA:2336,2
DA:2338,2
DA:2341,10
DA:2343,1
DA:2344,1
DA:2345,1
DA:2347,1
DA:2348,1
DA:2349,1
DA:2350,1
DA:2351,1
DA:2358,10
DA:2364,10
DA:2372,15
DA:2373,4
DA:2375,11
DA:2376,3
DA:2378,8
DA:2379,1
DA:2381,7
DA:2382,1
DA:2384,6
DA:2385,8
DA:2386,7
DA:2387,5
DA:2390,1
DA:2395,10
DA:2396,10
DA:2397,1
DA:2399,9
DA:2400,9
DA:2401,9
DA:2405,10
DA:2406,5
DA:2407,5
DA:2409,5
DA:2410,5
DA:2411,1
DA:2413,4
DA:2414,16
DA:2415,12
DA:2417,4
DA:2418,4
DA:2419,4
DA:2422,10
DA:2423,9
DA:2424,1
DA:2426,16
DA:2427,1
DA:2429,7
DA:2430,1
DA:2433,6
DA:2434,6
DA:2435,6
DA:2436,1
DA:2438,5
DA:2439,10
DA:2440,1
DA:2443,4
DA:2444,4
DA:2445,4
DA:2447,16
DA:2448,36
DA:2449,12
DA:2450,12
DA:2451,12
DA:2452,12
DA:2453,12
DA:2454,12
DA:2455,12
DA:2456,24
DA:2457,12
DA:2458,12
DA:2464,4
DA:2465,10
DA:2466,2
DA:2467,2
DA:2469,2
DA:2470,2
DA:2471,1
DA:2475,4
DA:2477,4
DA:2478,4
DA:2479,4
DA:2480,4
DA:2481,4
DA:2482,4
DA:2483,4
DA:2490,10
DA:2493,22
DA:2494,1
DA:2496,41
DA:2497,1
DA:2499,20
DA:2500,1
DA:2502,19
DA:2505,10
DA:2506,6
DA:2507,6
DA:2509,10
DA:2510,1
DA:2513,4
DA:2514,4
DA:2515,4
DA:2517,3
DA:2518,6
DA:2519,6
DA:2520,1
DA:2523,2
DA:2524,2
DA:2525,1
DA:2527,1
DA:2530,10
DA:2531,9
DA:2532,9
DA:2534,7
DA:2535,1
DA:2537,6
DA:2538,1
DA:2542,5
DA:2543,5
DA:2544,1
DA:2547,8
DA:2548,1
DA:2551,3
DA:2552,3
DA:2553,3
DA:2555,2
DA:2556,4
DA:2557,4
DA:2558,1
DA:2562,1
DA:2563,2
DA:2564,1
DA:2567,1
DA:2568,1
DA:2569,1
DA:2572,10
DA:2573,7
DA:2574,7
DA:2577,7
DA:2578,7
DA:2579,1
DA:2582,12
DA:2583,1
DA:2586,5
DA:2587,5
DA:2588,5
DA:2590,4
DA:2591,8
DA:2592,8
DA:2593,1
DA:2595,6
DA:2596,1
DA:2600,2
DA:2601,1
DA:2604,1
DA:2605,1
DA:2608,10
LF:1601
LH:1601
end_of_record
TN:
SF:openresty/lua/fastfn/console/guard.lua
DA:1,4
DA:2,4
DA:4,4
DA:5,4
DA:16,94
DA:20,78
DA:21,78
DA:22,7
DA:24,142
DA:25,71
DA:26,58
DA:28,13
DA:29,12
DA:31,1
DA:35,87
DA:36,87
DA:37,1
DA:39,86
DA:40,86
DA:41,81
DA:43,5
DA:47,65
DA:48,65
DA:49,3
DA:51,62
DA:55,8
DA:56,8
DA:57,8
DA:60,4
DA:61,11
DA:64,4
DA:65,18
DA:68,4
DA:69,16
DA:72,4
DA:73,10
DA:76,4
DA:77,19
DA:80,4
DA:82,8
DA:83,8
DA:84,1
DA:86,7
DA:89,4
DA:90,14
DA:91,14
DA:92,1
DA:94,13
DA:97,4
DA:98,7
DA:101,4
DA:102,15
DA:103,15
DA:104,1
DA:107,14
DA:108,6
DA:111,8
DA:112,1
DA:115,7
DA:116,7
DA:117,1
DA:121,6
DA:122,6
DA:123,1
DA:126,5
DA:129,4
DA:130,13
DA:131,13
DA:132,1
DA:134,24
DA:135,12
DA:138,4
DA:139,1
DA:140,1
DA:143,4
DA:144,9
DA:145,9
DA:146,6
DA:148,3
DA:149,1
DA:151,2
DA:154,4
DA:155,10
DA:156,10
DA:158,20
DA:159,1
DA:160,1
DA:163,18
DA:164,1
DA:165,1
DA:168,24
DA:169,1
DA:170,1
DA:173,16
DA:174,1
DA:175,1
DA:178,6
DA:181,4
DA:182,6
DA:183,1
DA:184,1
DA:187,7
DA:188,1
DA:189,1
DA:192,1
DA:195,4
DA:196,14
DA:197,4
DA:200,6
DA:201,1
DA:202,1
DA:205,6
DA:206,1
DA:207,1
DA:210,1
DA:213,4
DA:214,5
DA:215,5
DA:216,5
DA:219,4
DA:220,7
DA:221,14
DA:222,14
DA:223,14
DA:224,14
DA:225,14
DA:226,14
DA:227,14
DA:228,14
DA:229,14
DA:230,7
DA:233,4
DA:234,5
DA:235,1
DA:238,4
DA:239,4
DA:240,1
DA:243,22
DA:244,20
DA:245,20
DA:246,4
DA:247,1
DA:249,3
DA:253,2
DA:256,4
DA:257,3
DA:258,3
DA:259,1
DA:262,16
DA:263,14
DA:266,2
DA:269,4
LF:152
LH:152
end_of_record
TN:
SF:openresty/lua/fastfn/console/ui_state_endpoint.lua
DA:1,10
DA:2,10
DA:4,10
DA:5,10
DA:6,1
DA:7,1
DA:10,18
DA:11,1
DA:14,8
DA:15,4
DA:16,2
DA:19,12
DA:20,1
DA:23,5
DA:24,2
DA:25,2
DA:26,1
DA:27,1
DA:29,1
DA:30,1
DA:33,3
DA:34,6
DA:35,3
DA:36,1
DA:37,1
DA:40,2
DA:41,2
DA:42,1
DA:43,1
DA:46,2
LF:30
LH:30
end_of_record
TN:
SF:openresty/lua/fastfn/core/assistant.lua
DA:1,1
DA:2,1
DA:4,1
DA:7,91
DA:8,91
DA:9,43
DA:11,48
DA:15,27
DA:16,27
DA:17,1
DA:19,52
DA:20,26
DA:21,24
DA:23,2
DA:24,1
DA:26,1
DA:30,26
DA:34,56
DA:38,24
DA:39,24
DA:40,18
DA:42,6
DA:43,2
DA:45,4
DA:46,6
DA:47,1
DA:49,4
DA:50,1
DA:52,1
DA:54,1
DA:58,23
DA:59,23
DA:60,2
DA:62,21
DA:66,10
DA:67,5
DA:68,1
DA:70,4
DA:71,1
DA:73,3
DA:83,26
DA:84,24
DA:85,1
DA:88,2
DA:92,22
DA:93,22
DA:94,20
DA:96,4
DA:97,1
DA:99,1
DA:103,7
DA:104,4
DA:106,3
DA:107,3
DA:108,3
DA:109,2
DA:111,29
DA:112,26
DA:113,26
DA:114,26
DA:115,26
DA:116,26
DA:117,26
DA:118,26
DA:119,48
DA:121,26
DA:125,3
DA:129,7
DA:130,4
DA:132,3
DA:133,1
DA:135,2
DA:136,2
DA:137,2
DA:138,2
DA:139,2
DA:143,6
DA:144,1
DA:146,5
DA:147,5
DA:148,5
DA:149,1
DA:151,8
DA:152,4
DA:153,8
DA:154,4
DA:155,3
DA:160,4
DA:161,1
DA:163,3
DA:167,4
DA:168,4
DA:169,4
DA:170,4
DA:172,4
DA:173,2
DA:174,2
DA:175,2
DA:177,2
DA:180,2
DA:181,1
DA:182,1
DA:183,1
DA:185,1
DA:188,1
DA:192,1
DA:193,1
DA:194,1
DA:195,1
DA:196,1
DA:197,1
DA:198,1
DA:199,1
DA:200,1
DA:202,1
DA:203,1
DA:204,1
DA:205,1
DA:206,1
DA:207,1
DA:208,1
DA:209,1
DA:210,1
DA:212,1
DA:216,8
DA:217,8
DA:218,1
DA:221,7
DA:222,7
DA:223,7
DA:225,7
DA:226,7
DA:227,7
DA:230,7
DA:231,7
DA:232,7
DA:233,7
DA:236,7
DA:237,7
DA:238,7
DA:239,7
DA:240,7
DA:243,7
DA:244,7
DA:245,1
DA:248,12
DA:249,6
DA:251,6
DA:253,6
DA:255,6
DA:256,6
DA:257,6
DA:259,6
DA:260,1
DA:262,5
DA:263,1
DA:264,1
DA:265,1
DA:267,1
DA:270,4
DA:271,4
DA:272,4
DA:273,1
DA:275,3
DA:279,6
DA:280,1
DA:282,5
DA:283,5
DA:284,5
DA:285,1
DA:287,8
DA:288,4
DA:289,3
DA:292,4
DA:293,1
DA:295,3
DA:299,8
DA:300,8
DA:301,1
DA:304,7
DA:305,7
DA:306,7
DA:308,7
DA:309,7
DA:310,7
DA:311,7
DA:312,7
DA:315,7
DA:316,7
DA:317,7
DA:320,7
DA:321,7
DA:322,1
DA:325,12
DA:326,6
DA:328,6
DA:330,6
DA:332,6
DA:333,12
DA:334,6
DA:335,6
DA:337,6
DA:338,1
DA:340,5
DA:341,1
DA:342,1
DA:343,1
DA:345,1
DA:348,4
DA:349,4
DA:350,4
DA:351,1
DA:353,3
DA:357,5
DA:358,5
DA:359,5
DA:360,5
DA:366,5
DA:368,10
DA:371,5
DA:373,5
DA:377,4
DA:378,4
DA:379,4
DA:380,4
DA:386,4
DA:388,8
DA:391,4
DA:393,4
DA:397,2
DA:398,2
DA:399,2
DA:400,2
DA:401,2
DA:402,2
DA:403,2
DA:404,1
DA:406,2
DA:407,2
DA:414,2
DA:416,4
DA:429,2
DA:431,2
DA:435,3
DA:436,3
DA:437,3
DA:438,3
DA:439,3
DA:440,3
DA:441,3
DA:442,1
DA:444,3
DA:445,2
DA:452,3
DA:454,6
DA:467,3
DA:469,3
DA:472,1
DA:473,4
DA:474,8
DA:475,8
DA:476,8
DA:477,8
DA:478,8
DA:479,4
DA:482,1
DA:483,22
DA:484,22
DA:485,44
DA:486,2
DA:489,20
DA:490,20
DA:491,5
DA:492,2
DA:494,8
DA:497,15
DA:499,7
DA:500,4
DA:502,10
DA:504,7
DA:505,4
DA:507,3
DA:510,8
DA:512,7
DA:513,6
DA:515,8
DA:517,7
DA:518,4
DA:520,3
DA:523,1
DA:526,1
LF:291
LH:291
end_of_record
TN:
SF:openresty/lua/fastfn/core/client.lua
DA:1,1
DA:3,1
DA:6,13
DA:7,13
DA:8,13
DA:9,13
DA:10,13
DA:14,9
DA:15,9
DA:19,8
DA:22,1
DA:23,16
DA:24,16
DA:25,1
DA:28,15
DA:29,15
DA:31,15
DA:32,15
DA:34,15
DA:35,15
DA:36,4
DA:37,1
DA:39,1
DA:42,13
DA:43,13
DA:44,2
DA:45,4
DA:46,1
DA:48,1
DA:51,11
DA:52,11
DA:53,2
DA:54,4
DA:55,1
DA:57,1
DA:60,9
DA:61,9
DA:62,1
DA:63,1
DA:66,8
DA:67,8
DA:68,8
DA:69,4
DA:70,1
DA:72,1
DA:75,6
DA:76,6
DA:77,1
DA:80,5
DA:81,1
DA:84,4
DA:85,1
DA:88,3
DA:89,3
DA:90,1
DA:91,1
DA:94,2
DA:95,1
DA:99,1
DA:100,1
DA:101,1
DA:102,1
DA:103,1
DA:104,1
DA:105,1
DA:106,1
DA:109,1
LF:67
LH:67
end_of_record
TN:
SF:openresty/lua/fastfn/core/gateway_utils.lua
DA:1,1
DA:3,1
DA:4,5
DA:5,1
DA:8,4
DA:9,4
DA:10,1
DA:13,3
DA:16,1
DA:17,4
DA:18,4
DA:19,1
DA:22,3
DA:23,3
DA:24,1
DA:27,2
DA:28,2
DA:29,1
DA:32,1
DA:35,1
DA:36,5
DA:37,1
DA:40,4
DA:41,1
DA:44,3
DA:45,1
DA:48,2
DA:51,1
LF:28
LH:28
end_of_record
TN:
SF:openresty/lua/fastfn/core/home.lua
DA:1,1
DA:3,1
DA:6,97
DA:7,97
DA:8,97
DA:9,97
DA:13,53
DA:14,45
DA:15,45
DA:16,12
DA:19,8
DA:23,19
DA:24,57
DA:28,14
DA:29,14
DA:30,1
DA:32,26
DA:33,1
DA:36,12
DA:37,24
DA:38,12
DA:39,2
DA:42,20
DA:43,2
DA:46,10
DA:47,10
DA:48,7
DA:51,10
DA:52,3
DA:54,7
DA:55,1
DA:58,6
DA:59,4
DA:61,6
DA:65,7
DA:66,7
DA:67,1
DA:70,12
DA:71,1
DA:74,5
DA:75,5
DA:76,2
DA:79,3
DA:80,1
DA:82,2
DA:85,1
DA:86,120
DA:87,4
DA:90,116
DA:96,426
DA:97,4
DA:98,2
DA:100,424
DA:101,415
DA:104,18
DA:105,9
DA:106,9
DA:107,9
DA:108,9
DA:109,9
DA:111,18
DA:113,18
DA:114,9
DA:115,9
DA:117,18
DA:120,116
DA:122,116
DA:123,107
DA:124,107
DA:125,104
DA:126,104
DA:127,103
DA:129,104
DA:130,103
DA:135,116
DA:136,105
DA:138,11
DA:142,6
DA:143,6
DA:144,1
DA:146,5
DA:147,5
DA:148,5
DA:149,1
DA:151,4
DA:152,4
DA:153,1
DA:155,3
DA:158,1
DA:159,14
DA:162,7
DA:165,14
DA:166,20
DA:167,6
DA:168,6
DA:169,2
DA:171,2
DA:172,2
DA:174,2
DA:175,2
DA:177,4
DA:180,12
DA:181,16
DA:182,4
DA:183,4
DA:184,3
DA:186,3
DA:188,3
DA:189,3
DA:191,1
DA:194,9
DA:195,9
DA:196,6
DA:197,6
DA:198,6
DA:199,3
DA:200,2
DA:201,2
DA:202,1
DA:204,1
DA:205,1
DA:207,1
DA:208,1
DA:210,1
DA:212,2
DA:213,2
DA:214,2
DA:215,1
DA:217,1
DA:219,1
DA:220,1
DA:222,1
DA:227,7
DA:230,7
DA:231,7
DA:234,1
LF:136
LH:136
end_of_record
TN:
SF:openresty/lua/fastfn/core/http_client.lua
DA:1,1
DA:4,30
DA:8,61
DA:12,25
DA:16,25
DA:17,25
DA:18,1
DA:19,1
DA:20,1
DA:22,24
DA:23,24
DA:24,1
DA:25,1
DA:26,1
DA:29,23
DA:30,23
DA:31,1
DA:32,1
DA:33,1
DA:36,22
DA:37,22
DA:38,22
DA:39,1
DA:41,21
DA:43,22
DA:47,26
DA:48,26
DA:49,26
DA:50,1
DA:52,25
DA:53,25
DA:54,25
DA:55,25
DA:56,2
DA:58,25
DA:59,25
DA:60,1
DA:62,24
DA:63,24
DA:64,24
DA:65,24
DA:66,24
DA:67,24
DA:68,24
DA:73,63
DA:74,63
DA:75,5
DA:77,99
DA:78,80
DA:80,58
DA:84,20
DA:86,35
DA:87,35
DA:88,3
DA:90,32
DA:91,17
DA:93,15
DA:94,15
DA:95,30
DA:96,15
DA:97,15
DA:98,14
DA:101,1
DA:105,17
DA:109,11
DA:110,4
DA:112,7
DA:113,7
DA:114,3
DA:116,4
DA:120,8
DA:121,8
DA:123,9
DA:124,9
DA:125,1
DA:127,8
DA:128,8
DA:129,1
DA:131,7
DA:132,7
DA:133,1
DA:135,6
DA:137,2
DA:138,2
DA:139,1
DA:143,4
DA:144,1
DA:146,3
DA:147,3
DA:148,1
DA:150,2
DA:151,2
DA:153,2
DA:154,2
DA:155,1
DA:158,1
DA:162,3
DA:163,3
DA:165,5
DA:166,5
DA:167,5
DA:168,3
DA:169,3
DA:170,1
DA:172,2
DA:174,4
DA:177,2
DA:178,1
DA:180,1
DA:181,1
DA:185,1
DA:189,4
DA:190,4
DA:191,1
DA:193,6
DA:194,3
DA:195,1
DA:197,2
DA:198,1
DA:200,1
DA:211,1
DA:212,27
DA:213,1
DA:215,26
DA:216,26
DA:217,2
DA:220,24
DA:221,24
DA:222,24
DA:223,1
DA:225,23
DA:227,23
DA:228,23
DA:229,2
DA:232,23
DA:233,23
DA:234,1
DA:237,23
DA:238,23
DA:240,23
DA:241,23
DA:243,23
DA:244,23
DA:245,1
DA:248,22
DA:249,2
DA:250,2
DA:251,2
DA:253,2
DA:254,2
DA:255,1
DA:256,1
DA:260,21
DA:261,21
DA:262,21
DA:263,21
DA:265,21
DA:266,23
DA:267,2
DA:268,2
DA:269,4
DA:270,1
DA:272,2
DA:275,21
DA:276,4
DA:278,21
DA:279,21
DA:280,21
DA:282,21
DA:283,21
DA:284,1
DA:285,1
DA:287,20
DA:288,3
DA:289,3
DA:290,1
DA:291,1
DA:295,19
DA:296,19
DA:297,1
DA:298,1
DA:301,18
DA:302,18
DA:303,1
DA:304,1
DA:307,17
DA:308,17
DA:309,1
DA:310,1
DA:313,16
DA:314,16
DA:315,16
DA:318,16
DA:319,12
DA:320,6
DA:321,5
DA:322,5
DA:324,10
DA:325,7
DA:326,1
DA:327,1
DA:329,12
DA:330,6
DA:331,1
DA:332,1
DA:335,6
DA:336,3
DA:337,2
DA:338,2
DA:342,7
DA:343,7
DA:344,7
DA:345,7
DA:346,7
DA:347,7
DA:350,1
LF:216
LH:216
end_of_record
TN:
SF:openresty/lua/fastfn/core/invoke_rules.lua
DA:1,1
DA:3,1
DA:4,1
DA:10,1
DA:11,1
DA:14,1
DA:15,1
DA:17,1
DA:20,3
DA:21,6
DA:22,3
DA:24,3
DA:27,1
DA:28,291
DA:29,291
DA:32,405
DA:33,405
DA:34,401
DA:35,401
DA:39,291
DA:40,680
DA:41,399
DA:43,10
DA:44,9
DA:45,6
DA:49,291
DA:50,9
DA:52,282
DA:55,1
DA:56,40
DA:57,40
DA:58,37
DA:60,3
DA:63,1
DA:64,638
DA:65,2
DA:67,1899
DA:68,2536
DA:69,5
DA:72,631
DA:75,1
DA:76,641
DA:77,1
DA:79,640
DA:80,1280
DA:81,4
DA:83,636
DA:84,636
DA:85,635
DA:87,636
DA:88,1
DA:90,1270
DA:91,5
DA:93,630
DA:96,1
DA:97,153
DA:98,153
DA:101,228
DA:102,228
DA:103,226
DA:104,226
DA:105,226
DA:106,1
DA:109,227
DA:112,153
DA:113,52
DA:114,127
DA:115,328
DA:116,404
DA:117,1
DA:122,153
DA:125,1
DA:126,158
DA:127,8
DA:130,150
DA:131,150
DA:134,290
DA:135,177
DA:136,176
DA:137,176
DA:142,150
DA:143,28
DA:145,150
DA:146,198
DA:149,150
DA:150,40
DA:151,1
DA:153,39
DA:155,110
DA:158,1
LF:90
LH:90
end_of_record
TN:
SF:openresty/lua/fastfn/core/jobs.lua
DA:1,2
DA:3,2
DA:4,2
DA:5,2
DA:6,2
DA:7,2
DA:8,2
DA:10,2
DA:12,2
DA:13,2
DA:15,2
DA:16,2
DA:17,2
DA:18,2
DA:19,2
DA:20,2
DA:21,2
DA:24,38
DA:25,38
DA:26,20
DA:28,36
DA:29,18
DA:30,4
DA:32,14
DA:33,13
DA:35,1
DA:39,19
DA:40,19
DA:41,4
DA:43,15
DA:44,15
DA:45,2
DA:47,13
DA:51,100
DA:55,36
DA:59,3
DA:60,3
DA:61,1
DA:63,2
DA:67,7
DA:68,7
DA:69,1
DA:71,6
DA:75,8
DA:76,8
DA:77,1
DA:79,7
DA:83,49
DA:84,49
DA:85,49
DA:86,1
DA:88,48
DA:89,47
DA:90,47
DA:91,47
DA:94,1
DA:98,3
DA:102,17
DA:103,1
DA:105,16
DA:106,13
DA:108,6
DA:109,3
DA:110,2
DA:111,2
DA:113,1
DA:117,64
DA:118,16
DA:119,16
DA:120,1
DA:122,15
DA:123,15
DA:124,15
DA:125,15
DA:126,14
DA:128,1
DA:129,1
DA:133,19
DA:134,19
DA:135,4
DA:138,15
DA:139,13
DA:141,3
DA:143,15
DA:144,15
DA:145,1
DA:147,14
DA:148,2
DA:150,13
DA:154,260
DA:158,10
DA:162,14
DA:166,17
DA:170,42
DA:174,271
DA:178,974
DA:182,21
DA:186,8
DA:187,8
DA:188,8
DA:192,12
DA:193,8
DA:195,4
DA:196,1
DA:198,3
DA:199,3
DA:200,2
DA:202,1
DA:206,21
DA:207,21
DA:208,2
DA:210,19
DA:214,27
DA:215,2
DA:217,25
DA:218,50
DA:219,1
DA:221,24
DA:222,1
DA:224,23
DA:228,25
DA:229,22
DA:231,3
DA:232,2
DA:234,1
DA:238,24
DA:239,2
DA:241,22
DA:242,2
DA:244,20
DA:248,7
DA:249,17
DA:250,10
DA:252,7
DA:253,7
DA:257,11
DA:258,1
DA:260,13
DA:261,22
DA:262,8
DA:265,2
DA:269,7
DA:270,7
DA:271,7
DA:273,24
DA:274,10
DA:275,10
DA:276,1
DA:278,10
DA:279,12
DA:280,10
DA:281,10
DA:282,10
DA:283,10
DA:284,20
DA:285,8
DA:286,8
DA:292,7
DA:293,1
DA:295,6
DA:296,6
DA:300,17
DA:301,2
DA:303,15
DA:304,1
DA:307,14
DA:308,29
DA:309,16
DA:310,1
DA:312,15
DA:314,14
DA:315,12
DA:317,3
DA:320,13
DA:324,14
DA:328,4
DA:329,4
DA:330,1
DA:332,3
DA:333,9
DA:334,12
DA:336,3
DA:337,1
DA:339,2
DA:343,15
DA:344,30
DA:345,16
DA:346,16
DA:347,2
DA:348,2
DA:350,14
DA:351,1
DA:353,13
DA:356,15
DA:357,2
DA:359,13
DA:363,5
DA:364,1
DA:366,4
DA:370,29
DA:371,2
DA:373,42
DA:374,78
DA:375,24
DA:378,3
DA:382,58
DA:386,462
DA:387,231
DA:388,199
DA:390,32
DA:391,32
DA:392,1
DA:394,31
DA:398,536
DA:399,536
DA:400,268
DA:401,268
DA:402,268
DA:403,28
DA:408,18
DA:409,18
DA:413,24
DA:414,24
DA:415,8
DA:416,2
DA:418,6
DA:419,12
DA:420,12
DA:421,12
DA:422,6
DA:426,30
DA:430,30
DA:434,16
DA:435,8
DA:436,1
DA:438,7
DA:439,14
DA:443,16
DA:444,8
DA:445,3
DA:447,5
DA:448,5
DA:449,1
DA:451,4
DA:455,16
DA:456,8
DA:457,1
DA:459,7
DA:460,7
DA:461,7
DA:462,2
DA:463,1
DA:464,1
DA:465,1
DA:466,2
DA:469,14
DA:473,7
DA:474,7
DA:475,1
DA:476,1
DA:477,1
DA:479,6
DA:483,10
DA:484,10
DA:485,10
DA:486,10
DA:487,10
DA:488,10
DA:489,10
DA:490,10
DA:491,10
DA:492,10
DA:493,10
DA:495,10
DA:496,10
DA:497,1
DA:500,9
DA:501,9
DA:502,1
DA:504,16
DA:505,2
DA:508,14
DA:509,1
DA:512,6
DA:513,6
DA:514,1
DA:517,5
DA:518,5
DA:520,5
DA:521,5
DA:522,5
DA:523,5
DA:524,2
DA:525,1
DA:527,1
DA:530,3
DA:531,3
DA:532,3
DA:533,3
DA:534,3
DA:535,3
DA:536,3
DA:537,6
DA:538,3
DA:539,3
DA:540,3
DA:541,3
DA:542,3
DA:543,3
DA:544,3
DA:545,3
DA:546,3
DA:547,3
DA:548,3
DA:549,3
DA:550,3
DA:551,3
DA:552,3
DA:553,3
DA:554,3
DA:555,6
DA:556,3
DA:557,3
DA:558,3
DA:559,3
DA:562,6
DA:563,4
DA:565,2
DA:568,3
DA:570,6
DA:571,3
DA:572,1
DA:573,1
DA:576,2
DA:580,9
DA:581,1
DA:584,8
DA:585,8
DA:586,2
DA:587,1
DA:589,21
DA:590,1
DA:591,2
DA:592,1
DA:593,2
DA:594,1
DA:597,6
DA:598,12
DA:599,6
DA:600,6
DA:602,12
DA:603,6
DA:605,12
DA:606,6
DA:607,5
DA:608,6
DA:609,1
DA:612,6
DA:613,6
DA:615,6
DA:616,6
DA:619,6
DA:622,6
DA:623,5
DA:624,3
DA:625,3
DA:626,3
DA:627,1
DA:628,1
DA:629,1
DA:631,2
DA:634,2
DA:635,2
DA:636,1
DA:638,2
DA:641,1
DA:642,1
DA:645,6
DA:647,6
DA:648,4
DA:649,4
DA:650,8
DA:651,4
DA:652,8
DA:653,4
DA:656,3
DA:657,2
DA:658,4
DA:660,2
DA:661,2
DA:662,1
DA:663,2
DA:664,1
DA:665,1
DA:666,2
DA:667,1
DA:670,1
DA:671,1
DA:672,2
DA:676,9
DA:677,1
DA:679,16
DA:680,1
DA:682,14
DA:683,1
DA:686,6
DA:687,18
DA:688,6
DA:689,6
DA:690,1
DA:693,12
DA:694,9
DA:695,9
DA:696,2
DA:698,7
DA:699,7
DA:702,7
DA:703,2
DA:705,5
DA:706,10
DA:707,1
DA:708,1
DA:710,8
DA:711,4
DA:712,4
DA:713,2
DA:714,1
DA:715,1
DA:716,2
DA:717,1
DA:723,2
DA:724,6
DA:725,1
DA:727,4
DA:728,1
DA:730,2
DA:731,2
DA:734,2
DA:735,52
DA:736,1
DA:738,25
DA:739,1
DA:742,24
DA:743,24
DA:744,1
DA:746,23
DA:747,23
DA:748,1
DA:750,22
DA:751,22
DA:752,22
DA:755,3
DA:756,3
DA:757,1
DA:759,2
DA:760,2
DA:762,21
DA:763,1
DA:765,20
DA:766,20
DA:767,1
DA:770,19
DA:771,19
DA:772,19
DA:773,19
DA:774,1
DA:776,36
DA:777,4
DA:780,16
DA:781,16
DA:782,16
DA:783,1
DA:785,16
DA:786,1
DA:788,15
DA:789,15
DA:790,1
DA:794,14
DA:795,18
DA:796,9
DA:797,1
DA:800,10
DA:801,5
DA:802,1
DA:806,12
DA:807,12
DA:808,1
DA:811,11
DA:812,11
DA:813,1
DA:816,10
DA:817,10
DA:818,1
DA:821,9
DA:822,9
DA:823,9
DA:824,9
DA:825,1
DA:828,8
DA:829,8
DA:830,1
DA:832,8
DA:833,8
DA:834,1
DA:837,8
DA:838,8
DA:839,8
DA:841,16
DA:842,16
DA:843,8
DA:844,8
DA:845,8
DA:846,8
DA:847,8
DA:848,8
DA:850,8
DA:851,8
DA:853,8
DA:854,8
DA:856,8
DA:857,8
DA:858,8
DA:859,8
DA:860,8
DA:861,8
DA:862,8
DA:863,8
DA:864,8
DA:865,8
DA:866,8
DA:867,8
DA:869,8
DA:870,8
DA:871,1
DA:872,1
DA:873,2
DA:874,1
DA:875,1
DA:878,7
DA:879,7
DA:882,2
DA:883,3
DA:884,3
DA:885,1
DA:887,3
DA:888,1
DA:890,9
DA:891,3
DA:892,208
DA:893,410
DA:894,205
DA:895,205
DA:896,205
DA:897,8
DA:901,3
DA:904,2
DA:905,4
DA:908,2
DA:909,4
DA:910,4
DA:911,1
DA:913,3
DA:914,1
DA:916,4
DA:917,2
DA:918,4
DA:919,2
DA:920,2
DA:923,2
DA:924,16
DA:925,8
DA:926,1
DA:928,7
DA:929,7
DA:930,3
DA:932,4
DA:935,2
LF:577
LH:577
end_of_record
TN:
SF:openresty/lua/fastfn/core/limits.lua
DA:1,1
DA:4,8
DA:8,13
DA:12,9
DA:16,17
DA:17,17
DA:18,8
DA:22,1
DA:23,6
DA:24,1
DA:27,5
DA:28,5
DA:29,5
DA:30,1
DA:33,4
DA:34,1
DA:35,1
DA:38,3
DA:41,1
DA:42,3
DA:43,3
DA:46,1
DA:47,8
DA:48,8
DA:49,1
DA:52,7
DA:53,7
DA:54,7
DA:55,1
DA:58,6
DA:59,2
DA:62,4
DA:64,4
DA:65,4
DA:66,1
DA:69,3
DA:70,3
DA:71,3
DA:72,1
DA:75,2
DA:76,1
DA:77,1
DA:80,1
DA:83,1
DA:84,12
DA:87,1
DA:88,6
DA:89,6
DA:90,1
DA:91,1
DA:94,5
DA:95,5
DA:96,1
DA:97,1
DA:100,4
DA:101,4
DA:102,1
DA:104,4
DA:105,1
DA:108,4
DA:109,8
DA:110,10
DA:111,4
DA:113,4
DA:114,4
DA:115,1
DA:116,1
DA:118,3
DA:119,2
DA:120,2
DA:122,2
DA:125,1
DA:126,1
DA:129,1
DA:130,4
DA:133,1
LF:76
LH:76
end_of_record
TN:
SF:openresty/lua/fastfn/core/lua_runtime.lua
DA:1,6
DA:2,6
DA:4,6
DA:5,6
DA:6,6
DA:9,4
DA:10,1
DA:12,3
DA:13,3
DA:14,3
DA:15,2
DA:18,1
DA:22,8
DA:23,8
DA:24,1
DA:26,8
DA:30,5
DA:32,5
DA:33,10
DA:34,5
DA:38,14
DA:39,1
DA:41,13
DA:42,19
DA:43,6
DA:44,6
DA:45,6
DA:46,6
DA:47,6
DA:51,13
DA:55,15
DA:56,1
DA:57,1
DA:58,1
DA:59,1
DA:60,15
DA:64,4
DA:65,1
DA:67,3
DA:68,11
DA:69,8
DA:70,7
DA:71,3
DA:72,3
DA:73,2
DA:75,4
DA:76,6
DA:80,3
DA:84,15
DA:85,1
DA:87,14
DA:88,14
DA:89,14
DA:90,14
DA:91,11
DA:93,3
DA:94,3
DA:95,3
DA:96,1
DA:98,2
DA:99,2
DA:103,13
DA:104,13
DA:105,17
DA:106,4
DA:110,13
DA:111,13
DA:112,13
DA:113,3
DA:114,2
DA:115,2
DA:119,13
DA:120,16
DA:121,3
DA:122,3
DA:126,13
DA:127,13
DA:131,11
DA:132,11
DA:133,11
DA:134,11
DA:135,11
DA:139,19
DA:140,19
DA:141,19
DA:142,19
DA:143,19
DA:144,19
DA:145,19
DA:146,19
DA:147,19
DA:148,19
DA:149,19
DA:150,19
DA:151,19
DA:152,19
DA:153,19
DA:154,19
DA:155,19
DA:156,19
DA:157,19
DA:158,19
DA:159,19
DA:160,19
DA:161,19
DA:162,19
DA:163,19
DA:165,2
DA:166,5
DA:167,4
DA:169,2
DA:174,7
DA:175,6
DA:177,1
DA:180,19
DA:181,19
DA:185,19
DA:186,19
DA:187,1
DA:190,18
DA:191,18
DA:193,18
DA:194,18
DA:195,1
DA:198,17
DA:199,17
DA:200,1
DA:201,16
DA:202,4
DA:203,1
DA:204,3
DA:205,1
DA:208,17
DA:209,14
DA:210,11
DA:211,3
DA:212,1
DA:216,17
DA:217,2
DA:220,15
DA:224,30
DA:225,1
DA:227,1
DA:228,2
DA:229,1
DA:232,14
DA:233,14
DA:234,28
DA:237,14
DA:238,1
DA:241,14
DA:242,1
DA:243,1
DA:244,1
DA:247,13
DA:248,13
DA:249,2
DA:250,1
DA:251,1
DA:253,12
DA:254,2
DA:255,10
DA:256,2
DA:259,13
DA:260,13
DA:263,6
DA:264,15
DA:265,2
DA:268,14
DA:269,14
DA:270,14
DA:271,14
DA:272,2
DA:275,13
DA:276,13
DA:277,2
DA:280,12
DA:281,12
DA:283,12
DA:284,12
DA:285,12
DA:286,2
DA:289,11
DA:290,22
DA:291,11
DA:293,11
DA:294,2
DA:297,10
DA:298,10
DA:299,1
DA:301,10
DA:304,6
LF:192
LH:192
end_of_record
TN:
SF:openresty/lua/fastfn/core/openapi.lua
DA:1,1
DA:2,1
DA:3,1
DA:4,1
DA:7,7
DA:8,34
DA:9,27
DA:11,7
DA:12,7
DA:16,189
DA:17,189
DA:18,189
DA:19,189
DA:20,189
DA:22,189
DA:23,189
DA:24,189
DA:25,189
DA:26,189
DA:27,189
DA:28,189
DA:29,189
DA:33,9
DA:35,9
DA:36,9
DA:37,9
DA:40,9
DA:41,9
DA:42,9
DA:43,9
DA:46,9
DA:47,9
DA:48,9
DA:49,9
DA:50,9
DA:51,9
DA:52,9
DA:53,9
DA:55,9
DA:56,9
DA:57,9
DA:58,9
DA:59,9
DA:63,4
DA:64,10
DA:65,6
DA:66,6
DA:69,6
DA:70,6
DA:71,6
DA:73,4
DA:77,22
DA:81,23
DA:82,23
DA:83,3
DA:85,20
DA:86,8
DA:87,1
DA:89,6
DA:90,3
DA:92,3
DA:94,13
DA:95,10
DA:96,10
DA:97,16
DA:98,13
DA:99,13
DA:100,6
DA:102,7
DA:103,7
DA:106,10
DA:107,3
DA:109,7
DA:111,3
DA:115,7
DA:116,1
DA:118,6
DA:119,6
DA:120,1
DA:122,5
DA:123,5
DA:124,1
DA:126,4
DA:130,10
DA:131,6
DA:133,4
DA:134,1
DA:137,3
DA:138,3
DA:139,8
DA:140,5
DA:141,5
DA:145,22
DA:146,16
DA:147,16
DA:148,16
DA:149,16
DA:150,6
DA:151,6
DA:152,6
DA:153,6
DA:157,16
DA:158,16
DA:159,15
DA:160,15
DA:163,15
DA:164,15
DA:165,15
DA:166,15
DA:172,20
DA:173,7
DA:176,13
DA:178,13
DA:179,13
DA:180,13
DA:181,13
DA:182,13
DA:183,13
DA:184,13
DA:185,13
DA:186,13
DA:187,13
DA:188,13
DA:189,13
DA:190,13
DA:191,13
DA:192,13
DA:193,13
DA:194,13
DA:195,13
DA:198,13
DA:199,2
DA:202,11
DA:203,11
DA:204,1
DA:207,10
DA:208,10
DA:209,1
DA:211,10
DA:213,10
DA:214,7
DA:215,7
DA:216,7
DA:218,7
DA:219,7
DA:220,7
DA:221,7
DA:222,7
DA:223,7
DA:224,7
DA:225,7
DA:226,7
DA:229,3
DA:230,3
DA:231,2
DA:232,2
DA:233,1
DA:235,1
DA:239,3
DA:241,3
DA:242,3
DA:243,3
DA:244,3
DA:245,3
DA:246,3
DA:247,3
DA:248,3
DA:249,3
DA:253,9
DA:254,9
DA:255,9
DA:256,1
DA:259,9
DA:260,12
DA:261,6
DA:264,9
DA:265,9
DA:266,9
DA:267,9
DA:268,9
DA:269,18
DA:270,18
DA:271,18
DA:272,18
DA:273,18
DA:274,18
DA:275,18
DA:276,18
DA:277,9
DA:280,18
DA:282,9
DA:283,8
DA:285,9
DA:287,9
DA:291,7
DA:295,9
DA:296,1
DA:300,8
DA:301,2
DA:305,6
DA:306,14
DA:307,8
DA:308,7
DA:311,6
DA:315,11
DA:316,11
DA:317,1
DA:319,10
DA:320,1
DA:323,9
DA:324,9
DA:325,9
DA:326,32
DA:327,23
DA:328,23
DA:329,4
DA:330,4
DA:331,4
DA:332,4
DA:333,4
DA:336,4
DA:338,4
DA:339,1
DA:341,4
DA:343,19
DA:344,6
DA:345,6
DA:346,3
DA:347,8
DA:348,1
DA:350,6
DA:352,6
DA:353,6
DA:354,6
DA:355,6
DA:358,6
DA:360,6
DA:362,13
DA:366,9
DA:367,1
DA:369,8
DA:372,1
DA:373,2
DA:375,2
DA:376,2
DA:377,2
DA:378,2
DA:380,2
DA:381,2
DA:382,2
DA:383,2
DA:384,2
DA:385,2
DA:386,2
DA:387,2
DA:388,2
DA:392,16
DA:397,16
DA:399,16
DA:404,16
DA:406,16
DA:411,16
DA:413,16
DA:415,16
DA:416,2
DA:420,2
DA:422,2
DA:424,2
DA:426,2
DA:428,16
DA:431,2
DA:433,2
DA:434,2
DA:435,2
DA:437,2
DA:438,2
DA:439,2
DA:440,2
DA:441,2
DA:442,2
DA:443,2
DA:444,2
DA:447,2
DA:448,2
DA:450,2
DA:451,2
DA:452,2
DA:453,2
DA:454,2
DA:455,2
DA:456,4
DA:457,2
DA:458,2
DA:459,2
DA:460,2
DA:461,2
DA:462,2
DA:465,2
DA:466,2
DA:468,2
DA:469,2
DA:470,2
DA:471,2
DA:472,2
DA:473,2
DA:474,4
DA:475,2
DA:476,2
DA:477,2
DA:478,2
DA:479,2
DA:480,2
DA:483,2
DA:484,2
DA:486,2
DA:487,2
DA:488,2
DA:489,2
DA:490,2
DA:491,2
DA:492,2
DA:493,2
DA:494,2
DA:495,2
DA:496,2
DA:497,2
DA:500,2
DA:501,2
DA:503,2
DA:504,2
DA:505,2
DA:507,2
DA:508,2
DA:509,2
DA:510,2
DA:511,2
DA:512,4
DA:513,2
DA:514,2
DA:515,2
DA:516,2
DA:519,2
DA:520,2
DA:522,2
DA:523,2
DA:524,2
DA:526,2
DA:527,2
DA:528,2
DA:529,2
DA:530,2
DA:531,4
DA:532,2
DA:533,2
DA:534,2
DA:535,2
DA:536,2
DA:537,2
DA:540,2
DA:541,2
DA:543,2
DA:544,2
DA:545,2
DA:546,2
DA:547,2
DA:548,2
DA:549,4
DA:550,2
DA:551,2
DA:552,2
DA:553,2
DA:554,2
DA:555,2
DA:558,2
DA:559,2
DA:561,2
DA:562,2
DA:563,2
DA:564,2
DA:565,2
DA:566,2
DA:567,4
DA:568,2
DA:569,2
DA:570,2
DA:571,2
DA:572,2
DA:573,2
DA:576,2
DA:578,2
DA:579,2
DA:580,2
DA:582,2
DA:583,2
DA:584,2
DA:585,2
DA:586,2
DA:587,2
DA:588,2
DA:589,2
DA:591,2
DA:593,2
DA:594,2
DA:595,2
DA:596,2
DA:597,2
DA:598,2
DA:599,2
DA:600,2
DA:601,2
DA:602,2
DA:603,2
DA:604,2
DA:605,2
DA:606,2
DA:607,2
DA:609,2
DA:610,2
DA:611,2
DA:612,2
DA:613,2
DA:614,2
DA:615,4
DA:616,4
DA:617,4
DA:618,2
DA:619,2
DA:620,2
DA:621,2
DA:622,2
DA:623,2
DA:626,2
DA:627,2
DA:629,2
DA:630,2
DA:631,2
DA:632,2
DA:633,2
DA:634,2
DA:635,4
DA:636,2
DA:637,2
DA:638,2
DA:639,2
DA:640,2
DA:641,2
DA:644,2
DA:645,2
DA:647,2
DA:648,2
DA:649,2
DA:650,2
DA:651,2
DA:652,2
DA:653,4
DA:654,2
DA:655,2
DA:656,2
DA:657,2
DA:658,2
DA:659,2
DA:662,2
DA:667,2
DA:669,2
DA:670,2
DA:671,2
DA:672,2
DA:674,2
DA:675,2
DA:676,2
DA:677,2
DA:678,2
DA:679,2
DA:680,4
DA:681,2
DA:682,2
DA:683,2
DA:684,2
DA:687,2
DA:689,2
DA:690,2
DA:691,2
DA:693,2
DA:694,2
DA:695,2
DA:696,2
DA:697,2
DA:698,2
DA:699,2
DA:701,2
DA:702,2
DA:703,2
DA:704,2
DA:705,2
DA:706,2
DA:707,2
DA:708,2
DA:709,2
DA:710,2
DA:711,2
DA:712,2
DA:713,2
DA:714,2
DA:715,2
DA:716,2
DA:717,2
DA:718,2
DA:720,2
DA:721,2
DA:722,4
DA:723,4
DA:724,4
DA:725,4
DA:726,4
DA:727,4
DA:728,2
DA:729,2
DA:730,2
DA:731,2
DA:732,2
DA:733,2
DA:736,2
DA:737,2
DA:738,2
DA:739,2
DA:740,2
DA:741,4
DA:742,4
DA:743,2
DA:744,2
DA:745,2
DA:746,2
DA:749,2
DA:750,2
DA:751,2
DA:752,2
DA:753,2
DA:754,4
DA:755,4
DA:756,4
DA:757,2
DA:758,2
DA:759,2
DA:760,2
DA:761,2
DA:762,2
DA:765,2
DA:766,2
DA:767,2
DA:768,2
DA:769,2
DA:770,4
DA:771,4
DA:772,4
DA:773,2
DA:774,2
DA:775,2
DA:776,2
DA:777,2
DA:778,2
DA:781,4
DA:782,2
DA:783,2
DA:785,2
DA:786,2
DA:787,2
DA:788,2
DA:789,2
DA:790,2
DA:791,4
DA:792,2
DA:793,2
DA:794,2
DA:795,2
DA:798,4
DA:799,2
DA:801,2
DA:802,2
DA:803,2
DA:806,2
DA:807,2
DA:808,2
DA:809,2
DA:810,2
DA:811,2
DA:813,2
DA:814,2
DA:815,2
DA:816,2
DA:817,2
DA:818,2
DA:819,4
DA:820,4
DA:821,2
DA:822,2
DA:823,2
DA:824,2
DA:827,4
DA:828,2
DA:829,2
DA:831,2
DA:832,2
DA:833,2
DA:834,2
DA:835,2
DA:836,2
DA:837,4
DA:838,4
DA:839,2
DA:840,2
DA:841,2
DA:842,2
DA:843,2
DA:844,2
DA:847,4
DA:848,2
DA:849,2
DA:851,2
DA:852,2
DA:853,2
DA:854,2
DA:855,2
DA:856,2
DA:857,4
DA:858,2
DA:859,2
DA:860,2
DA:861,2
DA:864,4
DA:865,2
DA:867,2
DA:868,2
DA:869,2
DA:871,2
DA:872,2
DA:873,2
DA:874,2
DA:875,2
DA:876,2
DA:878,2
DA:879,2
DA:881,2
DA:882,2
DA:883,2
DA:885,2
DA:886,2
DA:887,2
DA:890,2
DA:891,2
DA:892,2
DA:893,2
DA:894,2
DA:895,2
DA:896,2
DA:897,2
DA:898,2
DA:899,2
DA:901,2
DA:902,2
DA:903,2
DA:904,2
DA:905,2
DA:906,2
DA:907,4
DA:908,4
DA:909,4
DA:910,2
DA:911,2
DA:912,2
DA:913,2
DA:914,2
DA:915,2
DA:918,4
DA:919,2
DA:920,2
DA:922,2
DA:923,2
DA:924,2
DA:926,2
DA:928,2
DA:929,2
DA:930,2
DA:931,2
DA:932,2
DA:933,2
DA:934,2
DA:935,2
DA:936,2
DA:937,2
DA:938,4
DA:939,2
DA:940,2
DA:941,2
DA:942,2
DA:945,4
DA:946,2
DA:948,2
DA:949,2
DA:950,2
DA:952,2
DA:953,2
DA:954,2
DA:955,2
DA:956,2
DA:957,2
DA:960,2
DA:961,2
DA:962,2
DA:963,2
DA:964,2
DA:965,2
DA:966,2
DA:967,2
DA:968,2
DA:969,2
DA:970,2
DA:971,2
DA:973,2
DA:974,2
DA:975,2
DA:976,2
DA:977,2
DA:978,2
DA:979,2
DA:980,2
DA:981,2
DA:982,2
DA:983,2
DA:984,2
DA:985,2
DA:987,2
DA:988,2
DA:989,2
DA:990,2
DA:991,2
DA:992,2
DA:993,4
DA:994,4
DA:995,4
DA:996,2
DA:997,2
DA:998,2
DA:999,2
DA:1000,2
DA:1001,2
DA:1004,2
DA:1006,2
DA:1007,2
DA:1008,2
DA:1010,2
DA:1011,2
DA:1012,2
DA:1013,2
DA:1014,2
DA:1015,2
DA:1016,2
DA:1018,2
DA:1019,2
DA:1020,2
DA:1021,2
DA:1022,2
DA:1023,2
DA:1024,2
DA:1025,2
DA:1026,2
DA:1027,2
DA:1028,2
DA:1029,2
DA:1030,2
DA:1031,2
DA:1032,2
DA:1033,2
DA:1034,2
DA:1035,2
DA:1036,2
DA:1037,2
DA:1038,2
DA:1039,2
DA:1043,2
DA:1044,2
DA:1045,2
DA:1046,2
DA:1047,2
DA:1051,2
DA:1052,2
DA:1053,2
DA:1054,2
DA:1055,2
DA:1056,2
DA:1057,2
DA:1058,2
DA:1059,2
DA:1060,2
DA:1062,2
DA:1063,2
DA:1064,2
DA:1065,2
DA:1066,2
DA:1067,2
DA:1068,4
DA:1069,4
DA:1070,4
DA:1071,4
DA:1072,4
DA:1073,4
DA:1074,4
DA:1075,2
DA:1076,2
DA:1077,2
DA:1078,2
DA:1079,2
DA:1080,2
DA:1083,2
DA:1084,2
DA:1085,2
DA:1086,2
DA:1087,2
DA:1088,2
DA:1089,2
DA:1091,2
DA:1092,2
DA:1093,2
DA:1094,2
DA:1095,2
DA:1096,4
DA:1097,4
DA:1098,4
DA:1099,2
DA:1100,2
DA:1101,2
DA:1102,2
DA:1103,2
DA:1104,2
DA:1107,2
DA:1108,2
DA:1110,2
DA:1111,2
DA:1112,2
DA:1113,2
DA:1114,2
DA:1115,2
DA:1116,4
DA:1117,2
DA:1118,2
DA:1119,2
DA:1120,2
DA:1123,2
DA:1125,2
DA:1126,2
DA:1127,2
DA:1129,2
DA:1130,2
DA:1131,2
DA:1132,2
DA:1133,2
DA:1134,2
DA:1135,2
DA:1136,2
DA:1137,2
DA:1138,2
DA:1139,2
DA:1140,2
DA:1141,2
DA:1142,2
DA:1144,2
DA:1145,2
DA:1146,2
DA:1147,2
DA:1148,2
DA:1149,2
DA:1150,4
DA:1151,4
DA:1152,2
DA:1153,2
DA:1154,2
DA:1155,2
DA:1158,2
DA:1160,2
DA:1161,2
DA:1162,2
DA:1164,2
DA:1165,2
DA:1166,2
DA:1167,2
DA:1168,2
DA:1169,2
DA:1170,2
DA:1171,2
DA:1172,2
DA:1173,2
DA:1174,2
DA:1175,2
DA:1176,2
DA:1177,2
DA:1179,2
DA:1180,2
DA:1181,2
DA:1182,2
DA:1183,2
DA:1184,2
DA:1185,4
DA:1186,4
DA:1187,2
DA:1188,2
DA:1189,2
DA:1190,2
DA:1193,2
DA:1195,2
DA:1196,2
DA:1197,2
DA:1199,2
DA:1200,2
DA:1201,2
DA:1202,2
DA:1203,2
DA:1204,2
DA:1205,2
DA:1206,2
DA:1207,2
DA:1208,2
DA:1209,2
DA:1210,2
DA:1211,2
DA:1212,2
DA:1214,2
DA:1215,2
DA:1216,2
DA:1217,2
DA:1218,2
DA:1219,2
DA:1220,4
DA:1221,4
DA:1222,2
DA:1223,2
DA:1224,2
DA:1225,2
DA:1228,2
DA:1229,2
DA:1231,2
DA:1232,2
DA:1233,2
DA:1234,2
DA:1235,2
DA:1236,2
DA:1237,4
DA:1238,2
DA:1239,2
DA:1240,2
DA:1241,2
DA:1242,2
DA:1243,2
DA:1246,2
DA:1248,2
DA:1249,2
DA:1250,2
DA:1252,2
DA:1253,2
DA:1254,2
DA:1255,2
DA:1256,2
DA:1257,2
DA:1258,2
DA:1259,2
DA:1260,2
DA:1261,2
DA:1262,2
DA:1263,4
DA:1264,4
DA:1265,4
DA:1266,2
DA:1267,2
DA:1268,2
DA:1269,2
DA:1270,2
DA:1271,2
DA:1274,2
DA:1275,2
DA:1276,2
DA:1277,2
DA:1278,2
DA:1279,2
DA:1280,2
DA:1281,2
DA:1284,4
DA:1285,2
DA:1287,2
DA:1288,2
DA:1289,2
DA:1291,2
DA:1292,2
DA:1293,2
DA:1294,2
DA:1295,2
DA:1296,2
DA:1297,2
DA:1298,2
DA:1299,2
DA:1300,2
DA:1302,2
DA:1303,2
DA:1304,2
DA:1305,2
DA:1306,2
DA:1307,2
DA:1308,4
DA:1309,4
DA:1310,4
DA:1311,2
DA:1312,2
DA:1313,2
DA:1314,2
DA:1315,2
DA:1316,2
DA:1317,2
DA:1318,2
DA:1321,2
DA:1322,2
DA:1323,2
DA:1324,2
DA:1326,2
DA:1327,22
DA:1328,42
DA:1329,21
DA:1332,1
DA:1333,1
DA:1334,1
DA:1337,2
DA:1338,10
DA:1339,6
DA:1340,6
DA:1341,6
DA:1342,19
DA:1343,7
DA:1344,7
DA:1345,7
DA:1346,7
DA:1347,2
DA:1349,22
DA:1350,8
DA:1351,8
DA:1352,16
DA:1353,8
DA:1354,8
DA:1355,8
DA:1356,8
DA:1357,8
DA:1359,16
DA:1364,6
DA:1365,6
DA:1370,2
DA:1373,1
LF:1051
LH:1051
end_of_record
TN:
SF:openresty/lua/fastfn/core/routes.lua
DA:1,24
DA:2,24
DA:3,24
DA:4,24
DA:6,24
DA:8,24
DA:9,24
DA:10,24
DA:11,24
DA:12,24
DA:13,24
DA:14,24
DA:15,24
DA:16,24
DA:17,24
DA:18,24
DA:19,24
DA:20,24
DA:21,24
DA:22,24
DA:23,24
DA:24,24
DA:34,24
DA:35,24
DA:36,24
DA:37,24
DA:38,24
DA:39,24
DA:40,24
DA:41,24
DA:42,24
DA:43,24
DA:46,24
DA:54,24
DA:58,24
DA:61,571
DA:62,571
DA:65,111
DA:66,111
DA:67,2
DA:69,109
DA:70,4
DA:72,105
DA:73,1
DA:75,104
DA:76,103
DA:77,103
DA:81,571
DA:82,8
DA:83,6
DA:85,569
DA:86,209
DA:87,105
DA:91,571
DA:92,469
DA:94,102
DA:98,125
DA:99,125
DA:100,3
DA:102,122
DA:106,44
DA:107,44
DA:108,1
DA:110,43
DA:111,43
DA:112,1
DA:114,42
DA:115,42
DA:119,48
DA:120,48
DA:121,24
DA:122,1
DA:124,23
DA:125,5
DA:127,18
DA:128,18
DA:129,4
DA:130,3
DA:132,2
DA:134,14
DA:138,29
DA:139,16
DA:141,13
DA:142,1
DA:144,20
DA:145,12
DA:146,12
DA:147,12
DA:148,32
DA:149,4
DA:153,8
DA:157,30
DA:158,30
DA:159,1
DA:160,1
DA:161,1
DA:162,1
DA:166,29
DA:167,29
DA:168,27
DA:169,27
DA:170,27
DA:174,2
DA:175,1
DA:176,1
DA:178,1
DA:182,36
DA:183,36
DA:186,36
DA:187,30
DA:191,11
DA:192,6
DA:193,6
DA:194,1
DA:197,9
DA:198,5
DA:199,5
DA:200,1
DA:204,4
DA:205,8
DA:206,4
DA:207,4
DA:208,4
DA:212,7
DA:213,4
DA:214,4
DA:215,1
DA:219,3
DA:223,157
DA:224,144
DA:227,13
DA:228,13
DA:229,12
DA:230,2
DA:232,12
DA:233,12
DA:234,1
DA:238,13
DA:239,13
DA:240,13
DA:241,11
DA:242,26
DA:243,15
DA:244,15
DA:245,12
DA:246,12
DA:251,13
DA:252,13
DA:253,13
DA:254,11
DA:256,2
DA:259,13
DA:260,2
DA:263,11
DA:264,11
DA:265,11
DA:266,11
DA:267,11
DA:268,11
DA:272,217
DA:273,209
DA:276,8
DA:277,8
DA:278,8
DA:279,8
DA:280,8
DA:281,4
DA:285,8
DA:286,8
DA:287,6
DA:288,6
DA:289,3
DA:293,8
DA:294,8
DA:295,7
DA:296,7
DA:297,2
DA:301,8
DA:302,1
DA:305,7
DA:306,7
DA:307,7
DA:308,7
DA:309,7
DA:312,7
DA:313,1
DA:316,7
DA:320,216
DA:321,209
DA:324,7
DA:326,7
DA:327,7
DA:328,4
DA:329,4
DA:330,1
DA:334,7
DA:335,7
DA:336,2
DA:338,7
DA:339,6
DA:340,6
DA:341,1
DA:345,7
DA:346,7
DA:347,5
DA:348,5
DA:349,2
DA:353,7
DA:354,7
DA:355,3
DA:356,3
DA:357,1
DA:361,7
DA:362,7
DA:363,5
DA:364,5
DA:365,2
DA:369,7
DA:370,7
DA:371,4
DA:372,4
DA:373,2
DA:377,7
DA:378,7
DA:379,5
DA:380,5
DA:381,2
DA:385,7
DA:386,1
DA:389,6
DA:390,6
DA:391,6
DA:392,6
DA:393,6
DA:394,6
DA:395,6
DA:396,6
DA:397,6
DA:400,6
DA:401,1
DA:404,6
DA:408,23
DA:409,23
DA:410,19
DA:413,4
DA:414,4
DA:415,2
DA:416,1
DA:417,1
DA:421,3
DA:425,3
DA:429,3
DA:433,10
DA:437,13
DA:438,1
DA:440,12
DA:441,12
DA:442,12
DA:443,10
DA:445,2
DA:449,22
DA:450,22
DA:451,19
DA:454,6
DA:455,6
DA:456,6
DA:457,6
DA:458,3
DA:459,3
DA:460,1
DA:463,3
DA:464,3
DA:465,3
DA:466,3
DA:467,3
DA:468,3
DA:469,3
DA:470,3
DA:471,3
DA:472,3
DA:473,3
DA:474,3
DA:475,3
DA:476,3
DA:477,3
DA:478,3
DA:479,3
DA:482,24
DA:483,7
DA:484,1
DA:486,6
DA:487,6
DA:488,1
DA:490,5
DA:491,1
DA:493,8
DA:494,4
DA:498,13
DA:499,13
DA:500,1
DA:502,24
DA:503,12
DA:507,8
DA:508,8
DA:509,1
DA:511,14
DA:512,7
DA:516,47
DA:517,47
DA:518,1
DA:520,92
DA:521,46
DA:525,37
DA:526,72
DA:527,35
DA:528,35
DA:529,34
DA:532,37
DA:536,293
DA:537,293
DA:538,1
DA:540,292
DA:541,1
DA:543,291
DA:544,1
DA:546,290
DA:550,62
DA:551,62
DA:552,40
DA:553,42
DA:554,234
DA:555,193
DA:559,260
DA:560,198
DA:561,198
DA:562,169
DA:563,169
DA:569,19
DA:570,19
DA:572,19
DA:574,19
DA:575,19
DA:576,11
DA:577,11
DA:578,2
DA:580,11
DA:581,1
DA:583,11
DA:584,11
DA:586,11
DA:589,36
DA:590,19
DA:594,2335
DA:598,47
DA:599,196
DA:600,149
DA:602,47
DA:603,47
DA:607,1767
DA:611,21
DA:612,1
DA:614,40
DA:615,20
DA:616,20
DA:617,1
DA:619,19
DA:620,19
DA:621,19
DA:625,2262
DA:626,1131
DA:627,1131
DA:628,1
DA:631,1130
DA:632,2446
DA:633,1316
DA:635,1130
DA:636,1130
DA:637,1130
DA:641,1168
DA:642,584
DA:643,584
DA:644,1
DA:647,583
DA:648,1146
DA:649,563
DA:651,583
DA:652,583
DA:653,583
DA:657,40
DA:658,40
DA:659,19
DA:662,21
DA:663,21
DA:664,21
DA:665,3
DA:667,18
DA:671,1200
DA:672,600
DA:673,600
DA:675,600
DA:676,600
DA:677,1
DA:679,599
DA:680,599
DA:681,599
DA:685,209
DA:686,209
DA:687,203
DA:689,6
DA:690,6
DA:691,1
DA:693,5
DA:694,5
DA:698,585
DA:699,585
DA:700,1
DA:702,1168
DA:703,584
DA:704,85
DA:706,499
DA:707,148
DA:709,351
DA:710,26
DA:712,325
DA:713,41
DA:715,284
DA:716,27
DA:718,257
DA:719,25
DA:721,232
DA:725,34
DA:726,1
DA:728,66
DA:729,1
DA:731,32
DA:732,2
DA:734,61
DA:735,35
DA:736,4
DA:739,26
DA:743,19
DA:744,1
DA:746,18
DA:747,4
DA:749,14
DA:750,1
DA:752,13
DA:753,10
DA:755,3
DA:756,1
DA:758,2
DA:759,1
DA:761,1
DA:765,10
DA:766,1
DA:768,4
DA:769,8
DA:770,1
DA:772,3
DA:776,42
DA:777,1
DA:779,20
DA:780,20
DA:781,3
DA:782,1
DA:784,2
DA:786,38
DA:787,18
DA:789,1
DA:792,24
DA:793,22
DA:794,1
DA:796,21
DA:797,1
DA:800,20
DA:801,20
DA:802,20
DA:803,1
DA:806,19
DA:807,19
DA:808,3
DA:809,3
DA:810,1
DA:816,18
DA:817,18
DA:818,1
DA:821,17
DA:822,17
DA:823,17
DA:824,4
DA:825,1
DA:827,1
DA:828,2
DA:829,1
DA:833,43
DA:834,26
DA:835,52
DA:836,13
DA:840,4
DA:841,1
DA:842,2
DA:843,1
DA:847,1
DA:851,333
DA:852,333
DA:853,1
DA:855,664
DA:859,335
DA:860,335
DA:861,335
DA:862,2139
DA:863,1804
DA:864,1804
DA:865,40
DA:866,40
DA:867,1764
DA:868,40
DA:869,40
DA:871,40
DA:872,1724
DA:873,62
DA:874,62
DA:875,62
DA:877,62
DA:879,1662
DA:882,335
DA:883,335
DA:884,334
DA:886,335
DA:887,1
DA:889,334
DA:893,333
DA:894,333
DA:895,333
DA:896,333
DA:897,333
DA:898,333
DA:899,65
DA:900,65
DA:901,130
DA:902,268
DA:903,16
DA:904,16
DA:905,32
DA:906,252
DA:907,10
DA:908,10
DA:909,20
DA:910,242
DA:911,1
DA:912,1
DA:913,2
DA:914,241
DA:915,10
DA:916,10
DA:917,10
DA:920,333
DA:924,1351
DA:925,793
DA:927,558
DA:928,1
DA:930,557
DA:931,1
DA:933,556
DA:934,7
DA:936,549
DA:937,549
DA:938,187
DA:940,362
DA:944,582
DA:945,582
DA:947,1611
DA:948,1791
DA:949,179
DA:950,179
DA:951,41
DA:952,41
DA:953,41
DA:958,1570
DA:962,1029
DA:963,1029
DA:965,541
DA:969,1006
DA:970,1006
DA:971,1
DA:973,1005
DA:974,1005
DA:975,146
DA:977,859
DA:978,859
DA:979,4
DA:981,857
DA:982,857
DA:983,14
DA:985,850
DA:986,850
DA:987,84
DA:989,808
DA:990,808
DA:991,808
DA:992,808
DA:993,1
DA:995,807
DA:1002,24
DA:1003,3
DA:1004,3
DA:1005,1
DA:1009,2
DA:1010,5
DA:1011,3
DA:1012,3
DA:1013,3
DA:1014,3
DA:1015,3
DA:1016,2
DA:1019,2
DA:1020,1
DA:1022,1
DA:1026,280
DA:1030,338
DA:1031,338
DA:1032,338
DA:1033,91
DA:1035,864
DA:1036,617
DA:1037,617
DA:1038,616
DA:1041,247
DA:1045,838
DA:1046,838
DA:1047,838
DA:1048,838
DA:1049,3327
DA:1050,2489
DA:1051,2489
DA:1052,2489
DA:1053,693
DA:1054,3592
DA:1055,294
DA:1056,44
DA:1058,103
DA:1061,1649
DA:1065,838
DA:1069,51
DA:1070,486
DA:1071,435
DA:1072,138
DA:1075,102
DA:1076,420
DA:1077,420
DA:1078,420
DA:1079,23
DA:1081,397
DA:1082,1
DA:1084,396
DA:1085,52
DA:1087,344
DA:1088,1
DA:1090,343
DA:1092,51
DA:1096,5
DA:1097,5
DA:1098,1
DA:1100,4
DA:1101,1
DA:1104,6
DA:1105,1
DA:1108,2
DA:1109,6
DA:1110,4
DA:1111,4
DA:1112,4
DA:1115,2
DA:1116,2
DA:1120,585
DA:1121,476
DA:1123,109
DA:1124,109
DA:1125,105
DA:1128,4
DA:1129,4
DA:1130,8
DA:1131,4
DA:1132,1
DA:1135,3
DA:1136,3
DA:1137,1
DA:1140,2
DA:1142,5
DA:1143,3
DA:1144,1
DA:1146,3
DA:1147,2
DA:1150,2
DA:1151,1
DA:1154,1
DA:1155,1
DA:1156,1
DA:1157,1
DA:1158,1
DA:1159,1
DA:1160,1
DA:1164,714
DA:1165,1428
DA:1166,133
DA:1169,581
DA:1170,581
DA:1171,581
DA:1172,105
DA:1173,105
DA:1174,204
DA:1178,581
DA:1179,1724
DA:1180,562
DA:1181,562
DA:1182,1124
DA:1183,562
DA:1184,562
DA:1185,330
DA:1186,660
DA:1187,330
DA:1188,330
DA:1189,330
DA:1190,94
DA:1192,330
DA:1193,614
DA:1194,284
DA:1195,284
DA:1196,140
DA:1199,330
DA:1200,660
DA:1201,330
DA:1202,330
DA:1203,330
DA:1204,241
DA:1206,330
DA:1207,330
DA:1208,330
DA:1209,330
DA:1210,330
DA:1211,330
DA:1212,330
DA:1214,610
DA:1215,1
DA:1216,2
DA:1217,1
DA:1218,1
DA:1219,1
DA:1222,1
DA:1223,2
DA:1224,1
DA:1225,1
DA:1226,1
DA:1227,1
DA:1228,1
DA:1229,1
DA:1230,1
DA:1231,1
DA:1239,581
DA:1240,581
DA:1244,3947
DA:1245,3947
DA:1246,3216
DA:1249,731
DA:1250,731
DA:1252,731
DA:1253,1
DA:1256,730
DA:1257,730
DA:1258,3
DA:1261,727
DA:1265,741
DA:1266,741
DA:1267,731
DA:1270,10
DA:1271,30
DA:1272,20
DA:1273,20
DA:1274,20
DA:1275,15
DA:1276,15
DA:1278,40
DA:1279,20
DA:1281,20
DA:1282,5
DA:1283,10
DA:1284,5
DA:1287,15
DA:1290,40
DA:1291,20
DA:1292,20
DA:1293,5
DA:1296,20
DA:1297,20
DA:1298,20
DA:1299,20
DA:1300,20
DA:1301,20
DA:1305,10
DA:1309,183
DA:1310,183
DA:1311,29
DA:1314,154
DA:1315,1
DA:1316,1
DA:1317,1
DA:1321,154
DA:1322,154
DA:1323,61
DA:1326,154
DA:1327,154
DA:1328,57
DA:1331,154
DA:1332,154
DA:1333,46
DA:1336,154
DA:1337,154
DA:1338,2
DA:1341,154
DA:1342,1
DA:1345,154
DA:1346,154
DA:1347,9
DA:1348,9
DA:1352,154
DA:1353,154
DA:1354,147
DA:1355,147
DA:1356,147
DA:1359,154
DA:1360,154
DA:1361,109
DA:1363,154
DA:1364,14
DA:1365,14
DA:1366,14
DA:1372,154
DA:1373,154
DA:1374,1
DA:1376,154
DA:1377,10
DA:1379,154
DA:1380,11
DA:1383,154
DA:1384,154
DA:1385,60
DA:1386,60
DA:1387,60
DA:1388,60
DA:1389,60
DA:1390,60
DA:1391,41
DA:1392,41
DA:1394,1
DA:1396,40
DA:1398,41
DA:1401,60
DA:1402,22
DA:1403,1
DA:1405,21
DA:1406,21
DA:1407,1
DA:1412,60
DA:1413,47
DA:1414,1
DA:1416,46
DA:1417,46
DA:1418,1
DA:1420,45
DA:1421,45
DA:1424,1
DA:1430,60
DA:1431,60
DA:1432,22
DA:1433,11
DA:1434,2
DA:1438,60
DA:1439,60
DA:1440,13
DA:1441,1
DA:1442,12
DA:1443,1
DA:1444,11
DA:1445,11
DA:1446,11
DA:1447,9
DA:1450,11
DA:1451,11
DA:1452,11
DA:1453,11
DA:1454,1
DA:1456,11
DA:1457,1
DA:1459,11
DA:1462,11
DA:1463,11
DA:1464,11
DA:1465,1
DA:1467,11
DA:1468,1
DA:1470,11
DA:1473,11
DA:1474,11
DA:1475,11
DA:1476,1
DA:1478,11
DA:1479,1
DA:1481,11
DA:1484,11
DA:1485,11
DA:1486,11
DA:1487,1
DA:1489,11
DA:1490,1
DA:1492,11
DA:1495,11
DA:1496,11
DA:1501,60
DA:1502,60
DA:1503,40
DA:1505,60
DA:1506,20
DA:1508,60
DA:1509,44
DA:1511,60
DA:1512,13
DA:1514,60
DA:1515,9
DA:1517,60
DA:1518,9
DA:1520,60
DA:1521,9
DA:1523,60
DA:1524,10
DA:1525,9
DA:1527,2
DA:1530,60
DA:1531,9
DA:1534,60
DA:1537,154
DA:1538,154
DA:1539,2
DA:1542,154
DA:1543,154
DA:1544,9
DA:1545,9
DA:1546,18
DA:1547,9
DA:1548,9
DA:1549,9
DA:1550,9
DA:1553,9
DA:1556,154
DA:1557,154
DA:1558,10
DA:1561,154
DA:1565,18
DA:1566,18
DA:1567,16
DA:1570,2
DA:1571,2
DA:1573,2
DA:1577,4
DA:1578,6
DA:1579,1
DA:1583,1
DA:1587,18
DA:1588,18
DA:1589,16
DA:1592,4
DA:1593,1
DA:1596,1
DA:1600,214
DA:1601,204
DA:1602,204
DA:1603,198
DA:1604,198
DA:1605,198
DA:1610,16
DA:1611,32
DA:1612,16
DA:1613,29
DA:1614,34
DA:1615,17
DA:1616,17
DA:1617,17
DA:1618,16
DA:1619,17
DA:1620,10
DA:1623,6
DA:1624,2
DA:1626,6
DA:1629,16
DA:1630,32
DA:1632,16
DA:1633,16
DA:1634,16
DA:1635,1
DA:1636,1
DA:1637,1
DA:1641,16
DA:1642,60
DA:1643,44
DA:1644,44
DA:1645,10
DA:1647,10
DA:1649,10
DA:1651,34
DA:1652,34
DA:1653,34
DA:1654,34
DA:1655,34
DA:1660,16
DA:1661,16
DA:1662,16
DA:1663,16
DA:1664,16
DA:1665,16
DA:1666,32
DA:1667,32
DA:1668,16
DA:1669,16
DA:1670,32
DA:1671,16
DA:1672,16
DA:1675,16
DA:1676,32
DA:1678,16
DA:1681,24
DA:1682,58
DA:1685,24
DA:1686,1
DA:1687,1
DA:1688,1
DA:1689,1
DA:1692,24
DA:1693,66
DA:1694,66
DA:1697,24
DA:1698,1
DA:1699,1
DA:1702,24
DA:1703,5
DA:1704,5
DA:1707,24
DA:1708,25
DA:1709,50
DA:1710,25
DA:1713,24
DA:1714,2
DA:1715,2
DA:1716,1
DA:1718,1
DA:1721,24
DA:1722,40
DA:1723,40
DA:1724,40
DA:1725,40
DA:1726,33
DA:1728,7
DA:1731,24
DA:1732,20
DA:1733,1
DA:1735,19
DA:1736,19
DA:1737,19
DA:1738,19
DA:1739,19
DA:1740,1
DA:1741,1
DA:1743,18
DA:1746,24
DA:1747,26
DA:1748,8
DA:1750,18
DA:1753,24
DA:1754,26
DA:1755,52
DA:1756,8
DA:1758,18
DA:1759,1
DA:1761,17
DA:1764,24
DA:1765,7
DA:1766,31
DA:1767,24
DA:1768,24
DA:1772,24
DA:1773,174
DA:1774,127
DA:1775,127
DA:1776,127
DA:1777,127
DA:1778,127
DA:1783,47
DA:1784,47
DA:1785,47
DA:1787,47
DA:1788,94
DA:1789,47
DA:1790,47
DA:1791,47
DA:1792,47
DA:1793,47
DA:1797,81
DA:1798,81
DA:1799,63
DA:1800,81
DA:1804,75
DA:1805,75
DA:1806,150
DA:1807,120
DA:1808,75
DA:1810,45
DA:1814,595
DA:1815,2
DA:1817,593
DA:1818,34
DA:1820,559
DA:1821,48
DA:1824,511
DA:1825,511
DA:1826,511
DA:1827,511
DA:1828,511
DA:1829,511
DA:1830,1022
DA:1831,511
DA:1834,511
DA:1835,511
DA:1836,440
DA:1837,440
DA:1845,71
DA:1846,133
DA:1847,162
DA:1848,75
DA:1849,105
DA:1850,29
DA:1851,29
DA:1852,29
DA:1853,21
DA:1854,9
DA:1855,9
DA:1856,9
DA:1857,4
DA:1858,5
DA:1859,3
DA:1862,2
DA:1863,2
DA:1864,2
DA:1868,12
DA:1869,12
DA:1870,12
DA:1872,8
DA:1874,2
DA:1878,6
DA:1882,2
DA:1889,52
DA:1890,114
DA:1891,62
DA:1892,56
DA:1895,52
DA:1896,6
DA:1897,6
DA:1901,52
DA:1906,47
DA:1907,47
DA:1908,10
DA:1909,7
DA:1915,47
DA:1916,196
DA:1917,149
DA:1919,47
DA:1920,138
DA:1921,91
DA:1922,91
DA:1923,91
DA:1928,759
DA:1929,759
DA:1930,2
DA:1932,1514
DA:1933,45
DA:1935,712
DA:1936,85
DA:1938,627
DA:1942,265
DA:1943,1
DA:1946,264
DA:1947,264
DA:1948,1
DA:1951,263
DA:1952,263
DA:1953,42
DA:1956,578
DA:1957,196
DA:1958,392
DA:1959,176
DA:1960,176
DA:1961,176
DA:1962,352
DA:1963,60
DA:1968,161
DA:1972,89
DA:1973,178
DA:1976,43
DA:1979,46
DA:1983,452
DA:1984,1
DA:1987,451
DA:1988,451
DA:1989,451
DA:1990,6
DA:1991,16
DA:1992,10
DA:1996,451
DA:1997,738
DA:1998,287
DA:2001,451
DA:2002,451
DA:2003,451
DA:2005,451
DA:2006,61
DA:2009,1343
DA:2010,563
DA:2011,1126
DA:2014,451
DA:2015,451
DA:2016,178
DA:2018,451
DA:2019,405
DA:2020,405
DA:2025,47
DA:2027,243
DA:2028,149
DA:2029,149
DA:2030,149
DA:2034,169
DA:2035,341
DA:2036,169
DA:2037,507
DA:2038,169
DA:2041,413
DA:2042,75
DA:2043,220
DA:2044,5
DA:2045,15
DA:2049,169
DA:2051,169
DA:2052,169
DA:2054,169
DA:2055,166
DA:2056,166
DA:2057,166
DA:2058,166
DA:2059,166
DA:2063,59
DA:2064,153
DA:2065,94
DA:2066,94
DA:2067,94
DA:2070,59
DA:2071,59
DA:2073,456
DA:2074,290
DA:2078,174
DA:2079,5
DA:2080,5
DA:2081,5
DA:2085,6
DA:2086,1
DA:2094,183
DA:2095,149
DA:2096,149
DA:2099,55
DA:2100,55
DA:2104,106
DA:2105,243
DA:2106,83
DA:2107,83
DA:2108,194
DA:2109,110
DA:2110,3
DA:2112,52
DA:2117,54
DA:2121,755
DA:2122,273
DA:2123,273
DA:2124,756
DA:2125,169
DA:2126,338
DA:2127,103
DA:2128,92
DA:2129,92
DA:2134,149
DA:2136,149
DA:2139,94
DA:2141,47
DA:2142,94
DA:2143,47
DA:2147,27
DA:2148,1
DA:2150,30
DA:2151,27
DA:2152,23
DA:2155,3
DA:2159,16
DA:2160,1
DA:2163,15
DA:2164,15
DA:2165,15
DA:2166,48
DA:2167,33
DA:2168,33
DA:2169,11
DA:2170,11
DA:2171,11
DA:2172,3
DA:2174,8
DA:2176,22
DA:2177,7
DA:2178,7
DA:2179,3
DA:2180,8
DA:2181,1
DA:2183,6
DA:2185,7
DA:2186,7
DA:2187,7
DA:2189,15
DA:2193,15
DA:2197,12
DA:2198,12
DA:2199,12
DA:2200,4
DA:2203,8
DA:2204,8
DA:2205,16
DA:2206,8
DA:2207,8
DA:2208,8
DA:2209,14
DA:2211,1
DA:2215,8
DA:2218,24
DA:2219,26
DA:2220,26
DA:2221,1
DA:2223,50
DA:2224,25
DA:2225,25
DA:2226,25
DA:2227,25
DA:2229,25
DA:2232,25
DA:2233,25
DA:2234,26
DA:2235,44
DA:2236,38
DA:2237,13
DA:2239,6
DA:2240,6
DA:2247,12
DA:2248,17
DA:2249,9
DA:2250,9
DA:2251,9
DA:2252,9
DA:2253,6
DA:2254,10
DA:2255,10
DA:2256,4
DA:2258,1
DA:2259,1
DA:2267,8
DA:2268,4
DA:2271,4
DA:2274,24
DA:2275,66
DA:2276,66
DA:2277,66
DA:2278,66
DA:2279,1
DA:2282,65
DA:2283,65
DA:2286,65
DA:2288,16
DA:2289,12
DA:2290,12
DA:2291,12
DA:2293,13
DA:2294,13
DA:2295,15
DA:2296,2
DA:2297,2
DA:2298,1
DA:2301,13
DA:2304,1
DA:2307,12
DA:2308,13
DA:2309,3
DA:2310,2
DA:2314,12
DA:2316,12
DA:2317,12
DA:2319,4
DA:2323,61
DA:2324,4
DA:2325,5
DA:2326,4
DA:2327,3
DA:2328,3
DA:2331,4
DA:2332,1
DA:2335,57
DA:2336,1
DA:2340,59
DA:2341,59
DA:2342,59
DA:2343,59
DA:2345,59
DA:2346,59
DA:2347,59
DA:2348,59
DA:2349,59
DA:2350,59
DA:2352,59
DA:2353,10
DA:2354,20
DA:2355,10
DA:2359,59
DA:2360,59
DA:2361,2
DA:2364,59
DA:2365,59
DA:2366,2
DA:2370,59
DA:2371,52
DA:2373,7
DA:2374,7
DA:2378,59
DA:2379,59
DA:2380,7
DA:2381,7
DA:2382,7
DA:2383,7
DA:2384,7
DA:2385,7
DA:2386,7
DA:2387,14
DA:2388,7
DA:2393,59
DA:2396,24
DA:2397,5
DA:2398,5
DA:2401,5
DA:2402,5
DA:2403,3
DA:2405,3
DA:2406,2
DA:2407,1
DA:2410,1
DA:2414,6
DA:2415,6
DA:2418,5
DA:2419,5
DA:2420,8
DA:2421,10
DA:2422,1
DA:2425,3
DA:2427,1
DA:2429,2
DA:2432,8
DA:2433,12
DA:2434,2
DA:2437,2
DA:2439,1
DA:2441,1
DA:2444,24
DA:2445,3
DA:2446,3
DA:2447,3
DA:2448,53
DA:2449,50
DA:2451,3
DA:2452,4
DA:2453,1
DA:2455,3
DA:2456,6
DA:2457,3
DA:2458,3
DA:2459,3
DA:2460,3
DA:2461,3
DA:2462,6
DA:2463,6
DA:2464,3
DA:2465,6
DA:2466,6
DA:2467,6
DA:2468,6
DA:2469,6
DA:2470,3
DA:2471,3
DA:2472,3
DA:2473,3
DA:2474,3
DA:2475,3
DA:2476,3
DA:2477,3
DA:2489,3
DA:2490,3
DA:2491,3
DA:2492,3
DA:2495,14
DA:2496,11
DA:2497,11
DA:2498,11
DA:2499,22
DA:2500,11
DA:2503,14
DA:2504,31
DA:2506,21
DA:2507,42
DA:2508,21
DA:2509,21
DA:2510,21
DA:2511,21
DA:2512,21
DA:2513,21
DA:2514,21
DA:2515,21
DA:2516,21
DA:2517,21
DA:2518,21
DA:2519,21
DA:2521,21
DA:2522,21
DA:2523,21
DA:2524,2
DA:2526,21
DA:2527,2
DA:2528,19
DA:2529,1
DA:2531,18
DA:2533,21
DA:2534,2
DA:2535,2
DA:2537,2
DA:2538,2
DA:2539,2
DA:2540,2
DA:2541,2
DA:2542,2
DA:2543,2
DA:2544,2
DA:2548,20
DA:2549,18
DA:2551,23
DA:2552,3
DA:2557,3
DA:2560,24
DA:2561,2
DA:2564,24
DA:2565,10
DA:2566,1
DA:2569,4
DA:2570,4
DA:2572,8
DA:2573,4
DA:2574,1
DA:2577,8
DA:2578,4
DA:2579,1
DA:2581,6
DA:2583,4
DA:2584,1
DA:2587,8
DA:2588,4
DA:2589,2
DA:2591,4
DA:2593,4
DA:2594,1
DA:2597,4
DA:2598,11
DA:2599,6
DA:2600,3
DA:2601,6
DA:2602,6
DA:2604,6
DA:2605,3
DA:2606,1
DA:2608,2
DA:2609,2
DA:2610,2
DA:2611,1
DA:2612,1
DA:2614,2
DA:2617,3
DA:2618,1
DA:2619,1
DA:2620,1
DA:2621,1
DA:2622,2
DA:2624,2
DA:2625,2
DA:2626,2
DA:2629,1
DA:2632,8
DA:2633,4
DA:2634,2
DA:2635,2
DA:2638,4
DA:2639,3
DA:2640,1
DA:2642,4
DA:2643,2
DA:2644,1
DA:2646,1
DA:2647,1
DA:2648,1
DA:2649,1
DA:2653,2
DA:2654,1
DA:2659,24
LF:1624
LH:1624
end_of_record
TN:
SF:openresty/lua/fastfn/core/scheduler.lua
DA:1,7
DA:2,7
DA:3,7
DA:4,7
DA:5,7
DA:6,7
DA:8,7
DA:10,7
DA:11,7
DA:13,7
DA:14,7
DA:15,7
DA:16,7
DA:17,7
DA:18,7
DA:19,7
DA:20,7
DA:21,7
DA:22,7
DA:23,7
DA:24,7
DA:25,7
DA:27,7
DA:28,7
DA:29,7
DA:30,7
DA:32,7
DA:33,7
DA:34,7
DA:37,267
DA:41,50
DA:42,50
DA:46,152
DA:47,152
DA:51,679
DA:55,72
DA:59,12
DA:63,11
DA:64,11
DA:65,11
DA:66,1
DA:68,10
DA:72,9
DA:73,1
DA:75,16
DA:76,8
DA:80,5
DA:81,5
DA:82,1
DA:84,4
DA:85,4
DA:86,4
DA:90,9
DA:91,18
DA:92,1
DA:95,16
DA:96,8
DA:97,8
DA:98,1
DA:100,7
DA:101,7
DA:103,7
DA:104,7
DA:105,5
DA:108,6
DA:109,2
DA:110,1
DA:113,1
DA:114,1
DA:118,9
DA:119,7
DA:121,2
DA:122,2
DA:123,1
DA:125,1
DA:129,28
DA:130,28
DA:131,19
DA:133,9
DA:134,9
DA:135,8
DA:137,1
DA:141,42
DA:142,42
DA:143,10
DA:145,32
DA:146,32
DA:147,26
DA:149,6
DA:150,5
DA:152,1
DA:156,39
DA:160,18
DA:161,9
DA:162,1
DA:164,9
DA:165,1
DA:167,9
DA:171,41
DA:172,41
DA:173,7
DA:174,7
DA:175,7
DA:177,34
DA:181,27
DA:182,1
DA:185,26
DA:186,43
DA:187,27
DA:188,27
DA:189,10
DA:191,17
DA:192,3
DA:195,16
DA:196,1
DA:198,15
DA:202,26
DA:203,26
DA:204,26
DA:206,26
DA:207,26
DA:208,1
DA:211,26
DA:212,26
DA:213,1
DA:216,26
DA:217,26
DA:218,1
DA:221,26
DA:222,26
DA:223,1
DA:226,26
DA:227,26
DA:228,1
DA:231,26
DA:232,26
DA:233,1
DA:236,26
DA:237,26
DA:238,1
DA:241,26
DA:242,26
DA:243,26
DA:244,26
DA:245,26
DA:246,26
DA:247,26
DA:248,26
DA:249,26
DA:250,26
DA:254,25
DA:255,25
DA:256,25
DA:258,25
DA:259,3
DA:261,28
DA:262,3
DA:264,25
DA:265,18
DA:266,11
DA:267,11
DA:271,25
DA:275,42
DA:276,42
DA:277,1
DA:280,82
DA:281,6
DA:284,35
DA:285,35
DA:286,44
DA:287,78
DA:288,30
DA:289,30
DA:292,35
DA:293,5
DA:296,30
DA:297,30
DA:298,2
DA:300,30
DA:301,30
DA:302,3
DA:305,27
DA:306,27
DA:307,27
DA:308,27
DA:309,27
DA:310,2
DA:311,1
DA:313,1
DA:316,25
DA:317,25
DA:319,25
DA:320,25
DA:321,9
DA:324,50
DA:325,25
DA:326,25
DA:327,50
DA:328,25
DA:329,25
DA:330,25
DA:331,25
DA:332,25
DA:333,25
DA:334,25
DA:337,25
DA:338,25
DA:339,25
DA:340,25
DA:341,25
DA:342,25
DA:343,25
DA:344,25
DA:345,25
DA:346,50
DA:347,50
DA:348,25
DA:349,25
DA:352,50
DA:353,24
DA:354,24
DA:355,24
DA:356,24
DA:357,24
DA:359,1
DA:360,1
DA:361,1
DA:362,1
DA:363,1
DA:364,25
DA:366,25
DA:368,25
DA:369,1
DA:370,1
DA:373,24
DA:374,24
DA:375,1
DA:376,2
DA:377,1
DA:378,1
DA:379,1
DA:380,1
DA:381,1
DA:382,1
DA:383,1
DA:384,1
DA:386,1
DA:387,1
DA:389,1
DA:392,46
DA:393,23
DA:394,23
DA:395,23
DA:396,33
DA:398,23
DA:399,12
DA:400,12
DA:401,12
DA:402,12
DA:403,24
DA:406,24
DA:407,12
DA:408,12
DA:409,12
DA:410,12
DA:411,12
DA:412,12
DA:413,12
DA:416,23
DA:420,54
DA:421,22
DA:423,32
DA:424,31
DA:426,1
DA:430,267
DA:434,19
DA:435,19
DA:436,1
DA:438,18
DA:439,18
DA:440,1
DA:442,17
DA:443,9
DA:445,8
DA:446,8
DA:447,4
DA:449,4
DA:450,4
DA:451,4
DA:452,1
DA:454,3
DA:455,3
DA:456,2
DA:458,3
DA:462,41
DA:463,41
DA:464,1
DA:466,40
DA:467,40
DA:468,3
DA:470,37
DA:471,37
DA:472,1
DA:474,36
DA:475,10
DA:477,26
DA:481,101
DA:482,101
DA:483,58
DA:484,58
DA:485,1647
DA:486,1589
DA:487,1589
DA:489,58
DA:492,43
DA:493,43
DA:494,72
DA:495,43
DA:496,43
DA:497,43
DA:498,1
DA:499,1
DA:502,42
DA:503,42
DA:504,33
DA:505,33
DA:507,42
DA:508,42
DA:509,1
DA:513,96
DA:514,96
DA:515,3
DA:517,93
DA:518,93
DA:521,82
DA:522,41
DA:523,192
DA:524,184
DA:527,33
DA:528,33
DA:529,5
DA:530,5
DA:531,1
DA:533,4
DA:534,4
DA:535,1
DA:537,3
DA:538,1
DA:540,77
DA:541,75
DA:542,75
DA:543,1
DA:547,28
DA:548,28
DA:549,7
DA:551,21
DA:552,21
DA:553,2
DA:560,30
DA:561,1
DA:562,1
DA:563,7
DA:564,6
DA:565,6
DA:567,1
DA:570,29
DA:571,1531
DA:572,1502
DA:573,217
DA:576,29
DA:577,1
DA:579,28
DA:583,22
DA:584,22
DA:585,1
DA:588,21
DA:597,42
DA:598,21
DA:599,1
DA:602,21
DA:603,129
DA:604,108
DA:608,21
DA:609,7
DA:610,7
DA:611,7
DA:612,7
DA:613,7
DA:614,7
DA:615,14
DA:616,11
DA:617,11
DA:618,11
DA:619,11
DA:620,11
DA:621,11
DA:623,3
DA:626,18
DA:630,18
DA:634,18
DA:635,18
DA:636,1
DA:638,17
DA:639,17
DA:640,2
DA:642,15
DA:643,15
DA:644,1
DA:646,14
DA:647,14
DA:648,1
DA:650,13
DA:651,13
DA:652,1
DA:654,12
DA:655,12
DA:656,1
DA:659,11
DA:660,11
DA:661,11
DA:662,11
DA:663,11
DA:664,11
DA:665,11
DA:666,11
DA:670,1054930
DA:671,1054930
DA:672,1054930
DA:673,1054930
DA:674,1054930
DA:676,1054933
DA:677,1054930
DA:678,1
DA:680,1054929
DA:681,1054929
DA:682,1
DA:684,1054929
DA:685,1
DA:687,1054929
DA:691,65
DA:692,65
DA:693,65
DA:694,65
DA:695,65
DA:696,6
DA:698,59
DA:699,1
DA:701,58
DA:702,57
DA:705,1
DA:709,14
DA:710,14
DA:711,3
DA:714,11
DA:715,11
DA:716,2
DA:719,9
DA:720,9
DA:721,9
DA:722,2
DA:723,1
DA:726,7
DA:729,9
DA:730,9
DA:731,9
DA:734,1054934
DA:735,1
DA:737,1054933
DA:738,1054925
DA:740,105
DA:741,100
DA:742,3
DA:745,5
DA:748,1054936
DA:749,1054934
DA:750,1054934
DA:751,1054934
DA:752,1054928
DA:753,1054928
DA:754,1
DA:757,1054927
DA:758,1054927
DA:759,1054927
DA:760,1054990
DA:761,6
DA:766,2
DA:770,57
DA:771,57
DA:772,21
DA:773,36
DA:774,21
DA:776,57
DA:777,15
DA:780,42
DA:781,42
DA:782,42
DA:783,2
DA:785,42
DA:786,2
DA:789,40
DA:790,40
DA:791,1
DA:793,40
DA:794,40
DA:795,1
DA:798,40
DA:800,40
DA:801,40
DA:802,40
DA:803,40
DA:807,21
DA:808,21
DA:809,1
DA:811,20
DA:813,20
DA:814,20
DA:818,64
DA:819,31
DA:821,33
DA:822,24
DA:824,33
DA:825,1
DA:827,32
DA:828,1
DA:831,31
DA:832,31
DA:833,31
DA:834,1
DA:836,31
DA:837,1
DA:840,31
DA:841,31
DA:842,31
DA:843,1
DA:845,31
DA:846,1
DA:849,31
DA:850,31
DA:851,1
DA:853,31
DA:854,1
DA:857,31
DA:858,31
DA:859,1
DA:861,31
DA:862,1
DA:865,31
DA:867,31
DA:868,31
DA:869,31
DA:870,31
DA:871,31
DA:875,25
DA:876,25
DA:877,25
DA:878,25
DA:879,2
DA:881,25
DA:882,25
DA:883,18
DA:884,19
DA:885,18
DA:886,1
DA:889,25
DA:893,8
DA:894,8
DA:895,1
DA:897,7
DA:898,3
DA:900,4
DA:901,2
DA:903,2
DA:907,97
DA:911,51
DA:912,51
DA:913,1
DA:915,153
DA:916,51
DA:920,92
DA:924,27
DA:925,16
DA:927,27
DA:928,27
DA:929,54
DA:931,27
DA:932,27
DA:933,27
DA:934,27
DA:935,2
DA:937,27
DA:938,11
DA:939,1
DA:942,16
DA:944,27
DA:945,27
DA:946,27
DA:947,31
DA:948,40
DA:950,11
DA:953,27
DA:954,27
DA:955,27
DA:956,24
DA:957,24
DA:959,3
DA:961,54
DA:962,7
DA:965,20
DA:966,6
DA:967,6
DA:973,20
DA:974,17
DA:976,17
DA:977,30
DA:978,2
DA:979,2
DA:981,17
DA:982,32
DA:984,1
DA:985,3
DA:986,2
DA:987,2
DA:988,1
DA:989,1
DA:992,3
DA:993,3
DA:994,2
DA:996,2
DA:997,2
DA:998,1
DA:999,2
DA:1001,2
DA:1002,2
DA:1004,1
DA:1005,3
DA:1006,2
DA:1007,2
DA:1008,1
DA:1009,1
DA:1015,16
DA:1016,1
DA:1017,1
DA:1020,15
DA:1021,15
DA:1022,1
DA:1025,30
DA:1026,30
DA:1028,30
DA:1029,15
DA:1030,15
DA:1031,15
DA:1032,15
DA:1035,45
DA:1036,15
DA:1037,2
DA:1038,2
DA:1039,1
DA:1040,1
DA:1041,1
DA:1044,28
DA:1045,28
DA:1047,17
DA:1048,2
DA:1049,4
DA:1050,4
DA:1051,4
DA:1052,4
DA:1053,2
DA:1054,3
DA:1056,2
DA:1057,2
DA:1058,2
DA:1059,2
DA:1060,1
DA:1062,1
DA:1064,2
DA:1067,24
DA:1068,24
DA:1069,12
DA:1072,18
DA:1073,18
DA:1074,1
DA:1075,2
DA:1076,2
DA:1077,2
DA:1078,1
DA:1083,26
DA:1084,52
DA:1085,26
DA:1086,26
DA:1087,1
DA:1089,26
DA:1090,26
DA:1091,1
DA:1094,52
DA:1095,26
DA:1096,26
DA:1097,26
DA:1098,5
DA:1099,5
DA:1102,26
DA:1103,26
DA:1104,12
DA:1106,14
DA:1107,14
DA:1108,11
DA:1109,3
DA:1110,2
DA:1114,26
DA:1115,1
DA:1118,25
DA:1119,25
DA:1120,25
DA:1121,50
DA:1122,1
DA:1125,24
DA:1126,24
DA:1127,48
DA:1128,24
DA:1129,24
DA:1132,48
DA:1133,23
DA:1134,5
DA:1135,5
DA:1138,36
DA:1139,18
DA:1142,54
DA:1143,18
DA:1144,34
DA:1145,51
DA:1147,2
DA:1148,2
DA:1149,1
DA:1152,18
DA:1155,24
DA:1156,5
DA:1157,10
DA:1158,10
DA:1159,10
DA:1160,5
DA:1167,38
DA:1168,19
DA:1169,1
DA:1172,36
DA:1173,18
DA:1174,17
DA:1175,17
DA:1177,34
DA:1178,17
DA:1179,35
DA:1180,18
DA:1183,18
DA:1184,17
DA:1185,17
DA:1186,17
DA:1187,17
DA:1188,17
DA:1189,17
DA:1190,17
DA:1191,17
DA:1192,17
DA:1194,17
DA:1195,8
DA:1196,1
DA:1198,8
DA:1199,1
DA:1201,8
DA:1204,17
DA:1205,7
DA:1206,7
DA:1207,1
DA:1208,2
DA:1209,6
DA:1210,6
DA:1211,6
DA:1212,1
DA:1214,6
DA:1217,10
DA:1218,10
DA:1219,4
DA:1220,2
DA:1222,3
DA:1223,6
DA:1224,3
DA:1225,2
DA:1226,2
DA:1227,2
DA:1228,1
DA:1231,4
DA:1232,4
DA:1235,10
DA:1236,6
DA:1240,17
DA:1241,17
DA:1242,10
DA:1247,32
DA:1248,14
DA:1249,14
DA:1250,14
DA:1251,14
DA:1252,14
DA:1253,14
DA:1254,14
DA:1255,14
DA:1256,14
DA:1257,14
DA:1259,14
DA:1260,6
DA:1261,1
DA:1263,6
DA:1264,1
DA:1266,6
DA:1269,14
DA:1270,2
DA:1271,2
DA:1272,1
DA:1273,2
DA:1274,1
DA:1275,1
DA:1276,1
DA:1277,1
DA:1279,1
DA:1282,12
DA:1283,12
DA:1284,3
DA:1285,4
DA:1287,1
DA:1288,2
DA:1289,1
DA:1290,2
DA:1291,2
DA:1292,2
DA:1293,1
DA:1296,3
DA:1297,3
DA:1300,12
DA:1301,4
DA:1305,14
DA:1306,14
DA:1307,10
DA:1315,18
DA:1316,18
DA:1317,1
DA:1321,7
DA:1322,13
DA:1323,26
DA:1324,13
DA:1325,13
DA:1328,13
DA:1329,13
DA:1331,26
DA:1332,13
DA:1333,27
DA:1334,14
DA:1337,22
DA:1338,22
DA:1339,22
DA:1340,22
DA:1341,22
DA:1342,22
DA:1343,22
DA:1344,22
DA:1345,66
DA:1346,66
DA:1347,66
DA:1348,66
DA:1349,66
DA:1350,66
DA:1351,22
DA:1352,22
DA:1356,19
DA:1357,38
DA:1358,19
DA:1359,19
DA:1360,19
DA:1361,30
DA:1362,15
DA:1363,6
DA:1365,9
DA:1368,19
DA:1369,19
DA:1370,19
DA:1371,19
DA:1372,19
DA:1373,19
DA:1374,19
DA:1375,19
DA:1376,19
DA:1377,57
DA:1378,57
DA:1379,57
DA:1380,57
DA:1381,19
DA:1382,19
DA:1385,14
DA:1386,14
DA:1387,14
DA:1388,14
DA:1390,14
DA:1391,14
DA:1392,11
DA:1396,22
DA:1397,8
DA:1398,8
DA:1399,8
DA:1400,8
DA:1402,8
DA:1403,8
DA:1404,8
DA:1411,13
DA:1415,30
DA:1416,1
DA:1418,29
DA:1419,18
DA:1421,22
DA:1425,18
DA:1426,1
DA:1429,16
DA:1430,8
DA:1431,8
DA:1432,3
DA:1435,5
DA:1436,5
DA:1437,1
DA:1440,4
DA:1441,4
DA:1442,1
DA:1446,7
DA:1447,2
DA:1451,25
DA:1452,25
DA:1453,28
DA:1458,5
DA:1459,1
DA:1461,12
DA:1464,5
DA:1465,5
DA:1466,5
DA:1467,5
DA:1468,5
DA:1469,5
DA:1471,5
DA:1472,5
DA:1473,6
DA:1477,3
DA:1478,3
DA:1479,10
DA:1480,7
DA:1484,3
DA:1485,3
DA:1486,8
DA:1487,5
DA:1489,15
DA:1490,15
DA:1491,18
DA:1496,5
DA:1497,1
DA:1499,12
DA:1502,5
DA:1503,5
DA:1504,5
DA:1505,5
DA:1507,5
DA:1508,5
DA:1509,6
DA:1515,3
DA:1518,7
DA:1519,16
DA:1520,1
DA:1523,14
DA:1524,7
DA:1525,7
DA:1526,1
DA:1529,6
DA:1530,6
DA:1532,12
DA:1533,6
DA:1534,6
DA:1537,16
DA:1538,10
DA:1539,10
DA:1540,10
DA:1541,10
DA:1542,10
DA:1543,10
DA:1544,10
DA:1545,10
DA:1546,10
DA:1547,20
DA:1548,30
DA:1549,10
DA:1553,16
DA:1554,10
DA:1555,10
DA:1556,10
DA:1557,10
DA:1558,10
DA:1559,10
DA:1560,10
DA:1561,10
DA:1562,20
DA:1563,10
DA:1567,6
DA:1568,6
DA:1569,1
DA:1572,5
DA:1575,7
DA:1576,28
DA:1577,1
DA:1580,13
DA:1581,13
DA:1582,13
DA:1583,13
DA:1584,2
DA:1585,2
DA:1589,11
DA:1590,22
DA:1591,10
DA:1592,10
DA:1593,6
DA:1594,12
DA:1595,4
DA:1597,4
DA:1598,2
DA:1599,3
DA:1600,3
DA:1604,20
DA:1605,11
DA:1606,2
DA:1609,22
DA:1610,15
DA:1611,1
DA:1613,14
DA:1614,14
DA:1615,1
DA:1618,11
DA:1619,1
DA:1622,22
DA:1623,20
DA:1624,10
DA:1625,10
DA:1626,7
DA:1627,14
DA:1628,6
DA:1629,1
DA:1631,5
DA:1632,5
DA:1633,4
DA:1634,3
DA:1635,1
DA:1638,7
DA:1639,2
DA:1640,6
DA:1643,10
DA:1644,4
DA:1645,1
DA:1647,3
DA:1648,3
DA:1649,2
DA:1650,2
DA:1651,1
DA:1654,5
DA:1655,1
DA:1662,7
LF:1064
LH:1064
end_of_record
TN:
SF:openresty/lua/fastfn/core/watchdog.lua
DA:1,4
DA:3,4
DA:11,4
DA:12,4
DA:13,4
DA:14,4
DA:16,4
DA:17,4
DA:18,4
DA:19,4
DA:20,4
DA:21,4
DA:22,4
DA:23,4
DA:24,4
DA:25,4
DA:26,4
DA:27,4
DA:29,4
DA:30,4
DA:31,4
DA:34,4
DA:38,67
DA:39,51
DA:40,2
DA:43,16
DA:47,8
DA:48,4
DA:49,4
DA:51,4
DA:52,4
DA:53,1
DA:55,3
DA:56,7
DA:57,4
DA:58,4
DA:61,3
DA:62,3
DA:63,3
DA:67,4
DA:68,1
DA:70,6
DA:87,3
DA:88,3
DA:89,1
DA:90,1
DA:91,1
DA:94,2
DA:95,2
DA:99,3
DA:100,1
DA:102,2
DA:105,4
DA:106,11
DA:107,11
DA:108,11
DA:109,1
DA:111,10
DA:112,1
DA:114,18
DA:115,1
DA:117,8
DA:118,1
DA:120,7
DA:121,1
DA:124,6
DA:125,6
DA:126,1
DA:129,5
DA:130,5
DA:131,3
DA:134,8
DA:135,4
DA:136,4
DA:137,4
DA:138,4
DA:139,4
DA:140,4
DA:141,4
DA:142,4
DA:143,4
DA:145,4
DA:146,8
DA:147,4
DA:148,4
DA:149,4
DA:150,4
DA:151,4
DA:152,4
DA:153,4
DA:154,4
DA:155,4
DA:157,4
DA:159,4
DA:160,4
DA:161,4
DA:164,2
DA:165,2
DA:166,2
DA:171,21
DA:172,2
DA:174,9
DA:175,1
DA:177,8
DA:178,8
DA:179,3
DA:181,7
DA:182,7
DA:183,7
DA:184,7
DA:185,7
DA:188,17
DA:189,10
DA:190,10
DA:191,1
DA:192,1
DA:196,3
DA:197,3
DA:198,1
DA:200,3
DA:201,3
DA:202,1
DA:204,3
DA:206,3
DA:207,3
DA:208,3
DA:209,3
DA:210,3
DA:213,5
DA:214,1
DA:216,4
DA:217,8
DA:218,3
DA:219,3
DA:220,1
DA:222,2
DA:223,2
DA:224,1
DA:227,4
DA:228,1
DA:229,1
DA:234,15
DA:236,21
DA:237,21
DA:238,15
DA:239,15
DA:242,2
DA:245,6
DA:246,6
DA:247,12
DA:248,12
DA:249,6
DA:250,6
DA:251,6
DA:252,6
DA:253,6
DA:254,6
DA:255,10
DA:258,6
DA:259,1
DA:260,1
DA:261,1
DA:262,1
DA:266,6
DA:267,1
DA:268,2
DA:269,1
DA:273,6
DA:274,6
DA:275,5
DA:277,11
DA:278,5
DA:281,6
DA:284,14
DA:287,6
DA:288,16
DA:289,1
DA:291,15
DA:292,15
DA:293,1
DA:294,1
DA:296,14
DA:297,10
DA:299,25
DA:300,5
DA:301,5
DA:305,3
DA:306,1
DA:307,1
DA:310,2
DA:312,2
DA:313,2
DA:314,2
DA:315,2
DA:318,4
LF:195
LH:195
end_of_record
