{"total": {"lines":{"total":4268,"covered":4268,"skipped":0,"pct":100},"statements":{"total":4268,"covered":4268,"skipped":0,"pct":100},"functions":{"total":166,"covered":166,"skipped":0,"pct":100},"branches":{"total":1667,"covered":1285,"skipped":0,"pct":77.08},"branchesTrue":{"total":0,"covered":0,"skipped":0,"pct":100}}
,"/Users/misaelzapata/Downloads/simpleroute/examples/functions/ip-intel/get.remote.js": {"lines":{"total":96,"covered":96,"skipped":0,"pct":100},"functions":{"total":5,"covered":5,"skipped":0,"pct":100},"statements":{"total":96,"covered":96,"skipped":0,"pct":100},"branches":{"total":39,"covered":28,"skipped":0,"pct":71.79}}
,"/Users/misaelzapata/Downloads/simpleroute/examples/functions/node/ai-tool-agent/_internal.js": {"lines":{"total":373,"covered":373,"skipped":0,"pct":100},"functions":{"total":18,"covered":18,"skipped":0,"pct":100},"statements":{"total":373,"covered":373,"skipped":0,"pct":100},"branches":{"total":148,"covered":102,"skipped":0,"pct":68.91}}
,"/Users/misaelzapata/Downloads/simpleroute/examples/functions/node/ai-tool-agent/app.js": {"lines":{"total":170,"covered":170,"skipped":0,"pct":100},"functions":{"total":1,"covered":1,"skipped":0,"pct":100},"statements":{"total":170,"covered":170,"skipped":0,"pct":100},"branches":{"total":31,"covered":21,"skipped":0,"pct":67.74}}
,"/Users/misaelzapata/Downloads/simpleroute/examples/functions/node/echo/handler.js": {"lines":{"total":16,"covered":16,"skipped":0,"pct":100},"functions":{"total":1,"covered":1,"skipped":0,"pct":100},"statements":{"total":16,"covered":16,"skipped":0,"pct":100},"branches":{"total":6,"covered":2,"skipped":0,"pct":33.33}}
,"/Users/misaelzapata/Downloads/simpleroute/examples/functions/node/edge-auth-gateway/app.js": {"lines":{"total":59,"covered":59,"skipped":0,"pct":100},"functions":{"total":4,"covered":4,"skipped":0,"pct":100},"statements":{"total":59,"covered":59,"skipped":0,"pct":100},"branches":{"total":27,"covered":19,"skipped":0,"pct":70.37}}
,"/Users/misaelzapata/Downloads/simpleroute/examples/functions/node/edge-filter/app.js": {"lines":{"total":63,"covered":63,"skipped":0,"pct":100},"functions":{"total":3,"covered":3,"skipped":0,"pct":100},"statements":{"total":63,"covered":63,"skipped":0,"pct":100},"branches":{"total":23,"covered":16,"skipped":0,"pct":69.56}}
,"/Users/misaelzapata/Downloads/simpleroute/examples/functions/node/edge-header-inject/app.js": {"lines":{"total":30,"covered":30,"skipped":0,"pct":100},"functions":{"total":1,"covered":1,"skipped":0,"pct":100},"statements":{"total":30,"covered":30,"skipped":0,"pct":100},"branches":{"total":9,"covered":9,"skipped":0,"pct":100}}
,"/Users/misaelzapata/Downloads/simpleroute/examples/functions/node/edge-proxy/app.js": {"lines":{"total":24,"covered":24,"skipped":0,"pct":100},"functions":{"total":1,"covered":1,"skipped":0,"pct":100},"statements":{"total":24,"covered":24,"skipped":0,"pct":100},"branches":{"total":6,"covered":2,"skipped":0,"pct":33.33}}
,"/Users/misaelzapata/Downloads/simpleroute/examples/functions/node/github-webhook-guard/app.js": {"lines":{"total":92,"covered":92,"skipped":0,"pct":100},"functions":{"total":5,"covered":5,"skipped":0,"pct":100},"statements":{"total":92,"covered":92,"skipped":0,"pct":100},"branches":{"total":33,"covered":22,"skipped":0,"pct":66.66}}
,"/Users/misaelzapata/Downloads/simpleroute/examples/functions/node/hello/v2/app.js": {"lines":{"total":1,"covered":1,"skipped":0,"pct":100},"functions":{"total":1,"covered":1,"skipped":0,"pct":100},"statements":{"total":1,"covered":1,"skipped":0,"pct":100},"branches":{"total":8,"covered":5,"skipped":0,"pct":62.5}}
,"/Users/misaelzapata/Downloads/simpleroute/examples/functions/node/node-echo/app.js": {"lines":{"total":9,"covered":9,"skipped":0,"pct":100},"functions":{"total":1,"covered":1,"skipped":0,"pct":100},"statements":{"total":9,"covered":9,"skipped":0,"pct":100},"branches":{"total":4,"covered":2,"skipped":0,"pct":50}}
,"/Users/misaelzapata/Downloads/simpleroute/examples/functions/node/request-inspector/app.js": {"lines":{"total":41,"covered":41,"skipped":0,"pct":100},"functions":{"total":2,"covered":2,"skipped":0,"pct":100},"statements":{"total":41,"covered":41,"skipped":0,"pct":100},"branches":{"total":14,"covered":5,"skipped":0,"pct":35.71}}
,"/Users/misaelzapata/Downloads/simpleroute/examples/functions/node/telegram-ai-digest/_internal.js": {"lines":{"total":356,"covered":356,"skipped":0,"pct":100},"functions":{"total":23,"covered":23,"skipped":0,"pct":100},"statements":{"total":356,"covered":356,"skipped":0,"pct":100},"branches":{"total":142,"covered":106,"skipped":0,"pct":74.64}}
,"/Users/misaelzapata/Downloads/simpleroute/examples/functions/node/telegram-ai-digest/app.js": {"lines":{"total":168,"covered":168,"skipped":0,"pct":100},"functions":{"total":1,"covered":1,"skipped":0,"pct":100},"statements":{"total":168,"covered":168,"skipped":0,"pct":100},"branches":{"total":71,"covered":59,"skipped":0,"pct":83.09}}
,"/Users/misaelzapata/Downloads/simpleroute/examples/functions/node/telegram-ai-reply/_internal.js": {"lines":{"total":866,"covered":866,"skipped":0,"pct":100},"functions":{"total":45,"covered":45,"skipped":0,"pct":100},"statements":{"total":866,"covered":866,"skipped":0,"pct":100},"branches":{"total":362,"covered":274,"skipped":0,"pct":75.69}}
,"/Users/misaelzapata/Downloads/simpleroute/examples/functions/node/telegram-ai-reply/app.js": {"lines":{"total":477,"covered":477,"skipped":0,"pct":100},"functions":{"total":1,"covered":1,"skipped":0,"pct":100},"statements":{"total":477,"covered":477,"skipped":0,"pct":100},"branches":{"total":169,"covered":131,"skipped":0,"pct":77.51}}
,"/Users/misaelzapata/Downloads/simpleroute/examples/functions/node/telegram-send/app.js": {"lines":{"total":102,"covered":102,"skipped":0,"pct":100},"functions":{"total":6,"covered":6,"skipped":0,"pct":100},"statements":{"total":102,"covered":102,"skipped":0,"pct":100},"branches":{"total":58,"covered":49,"skipped":0,"pct":84.48}}
,"/Users/misaelzapata/Downloads/simpleroute/examples/functions/node/toolbox-bot/_internal.js": {"lines":{"total":287,"covered":287,"skipped":0,"pct":100},"functions":{"total":15,"covered":15,"skipped":0,"pct":100},"statements":{"total":287,"covered":287,"skipped":0,"pct":100},"branches":{"total":119,"covered":90,"skipped":0,"pct":75.63}}
,"/Users/misaelzapata/Downloads/simpleroute/examples/functions/node/toolbox-bot/app.js": {"lines":{"total":105,"covered":105,"skipped":0,"pct":100},"functions":{"total":1,"covered":1,"skipped":0,"pct":100},"statements":{"total":105,"covered":105,"skipped":0,"pct":100},"branches":{"total":27,"covered":23,"skipped":0,"pct":85.18}}
,"/Users/misaelzapata/Downloads/simpleroute/examples/functions/node/whatsapp/_internal.js": {"lines":{"total":632,"covered":632,"skipped":0,"pct":100},"functions":{"total":30,"covered":30,"skipped":0,"pct":100},"statements":{"total":632,"covered":632,"skipped":0,"pct":100},"branches":{"total":248,"covered":216,"skipped":0,"pct":87.09}}
,"/Users/misaelzapata/Downloads/simpleroute/examples/functions/node/whatsapp/app.js": {"lines":{"total":301,"covered":301,"skipped":0,"pct":100},"functions":{"total":1,"covered":1,"skipped":0,"pct":100},"statements":{"total":301,"covered":301,"skipped":0,"pct":100},"branches":{"total":123,"covered":104,"skipped":0,"pct":84.55}}
}
