TN:
SF:examples/functions/ip-intel/get.remote.js
FN:7,toJson
FN:15,pickIp
FN:28,normalizeBaseURL
FN:32,fetchIpapi
FN:59,exports.handler
FNF:5
FNH:5
FNDA:6,toJson
FNDA:6,pickIp
FNDA:3,normalizeBaseURL
FNDA:3,fetchIpapi
FNDA:6,exports.handler
DA:1,1
DA:2,1
DA:3,1
DA:4,1
DA:5,1
DA:6,1
DA:7,6
DA:8,6
DA:9,6
DA:10,6
DA:11,6
DA:12,6
DA:13,6
DA:14,1
DA:15,6
DA:16,6
DA:17,6
DA:18,6
DA:19,6
DA:20,1
DA:21,1
DA:22,6
DA:23,1
DA:24,1
DA:25,4
DA:26,6
DA:27,1
DA:28,3
DA:29,3
DA:30,3
DA:31,1
DA:32,3
DA:33,3
DA:34,3
DA:35,3
DA:36,3
DA:37,3
DA:38,3
DA:39,3
DA:40,1
DA:41,1
DA:42,2
DA:43,2
DA:44,3
DA:45,3
DA:46,1
DA:47,1
DA:48,1
DA:49,1
DA:50,1
DA:51,3
DA:52,3
DA:53,3
DA:54,3
DA:55,3
DA:56,3
DA:57,3
DA:58,1
DA:59,1
DA:60,6
DA:61,6
DA:62,6
DA:63,6
DA:64,6
DA:65,2
DA:66,2
DA:67,4
DA:68,4
DA:69,4
DA:70,6
DA:71,1
DA:72,1
DA:73,1
DA:74,1
DA:75,1
DA:76,1
DA:77,1
DA:78,1
DA:79,1
DA:80,1
DA:81,3
DA:82,6
DA:83,6
DA:84,6
DA:85,6
DA:86,1
DA:87,6
DA:88,2
DA:89,2
DA:90,2
DA:91,2
DA:92,2
DA:93,2
DA:94,2
DA:95,2
DA:96,1
LF:96
LH:96
BRDA:1,0,0,1
BRDA:7,1,0,6
BRDA:15,2,0,6
BRDA:16,3,0,0
BRDA:17,4,0,5
BRDA:18,5,0,1
BRDA:18,6,0,1
BRDA:19,7,0,1
BRDA:22,8,0,5
BRDA:22,9,0,1
BRDA:25,10,0,4
BRDA:28,11,0,3
BRDA:29,12,0,0
BRDA:32,13,0,3
BRDA:39,14,0,1
BRDA:42,15,0,2
BRDA:44,16,0,0
BRDA:45,17,0,1
BRDA:51,18,0,0
BRDA:52,19,0,0
BRDA:53,20,0,0
BRDA:54,21,0,0
BRDA:55,22,0,0
BRDA:59,23,0,6
BRDA:60,24,0,0
BRDA:61,25,0,4
BRDA:63,26,0,0
BRDA:64,27,0,2
BRDA:65,28,0,1
BRDA:67,29,0,4
BRDA:70,30,0,3
BRDA:70,31,0,3
BRDA:70,32,0,1
BRDA:81,33,0,3
BRDA:82,34,0,1
BRDA:82,35,0,1
BRDA:86,36,0,1
BRDA:87,37,0,2
BRDA:91,38,0,0
BRF:39
BRH:28
end_of_record
TN:
SF:examples/functions/node/ai-tool-agent/_internal.js
FN:1,asBool
FN:10,json
FN:18,parseJson
FN:29,isUnsetSecret
FN:37,chooseSecret
FN:43,fetchWithTimeout
FN:53,clampInt
FN:59,hostAllowed
FN:69,isLocalHostname
FN:79,canonicalSegment
FN:86,toolConfig
FN:138,memoryConfig
FN:149,loadMemory
FN:172,saveMemory
FN:190,toolSchemas
FN:232,executeToolCall
FN:305,openaiChat
FN:339,summarizeAssistantMessage
FNF:18
FNH:18
FNDA:15,asBool
FNDA:7,json
FNDA:26,parseJson
FNDA:11,isUnsetSecret
FNDA:9,chooseSecret
FNDA:9,fetchWithTimeout
FNDA:33,clampInt
FNDA:4,hostAllowed
FNDA:3,isLocalHostname
FNDA:1,canonicalSegment
FNDA:7,toolConfig
FNDA:7,memoryConfig
FNDA:5,loadMemory
FNDA:4,saveMemory
FNDA:5,toolSchemas
FNDA:10,executeToolCall
FNDA:7,openaiChat
FNDA:6,summarizeAssistantMessage
DA:1,15
DA:2,15
DA:3,15
DA:4,7
DA:5,15
DA:6,15
DA:7,1
DA:8,15
DA:9,1
DA:10,7
DA:11,7
DA:12,7
DA:13,7
DA:14,7
DA:15,7
DA:16,7
DA:17,1
DA:18,26
DA:19,26
DA:20,26
DA:21,26
DA:22,19
DA:23,19
DA:24,26
DA:25,1
DA:26,1
DA:27,26
DA:28,1
DA:29,11
DA:30,11
DA:31,11
DA:32,11
DA:33,10
DA:34,11
DA:35,11
DA:36,1
DA:37,9
DA:38,9
DA:39,9
DA:40,1
DA:41,9
DA:42,1
DA:43,9
DA:44,9
DA:45,9
DA:46,9
DA:47,9
DA:48,9
DA:49,9
DA:50,9
DA:51,9
DA:52,1
DA:53,33
DA:54,33
DA:55,33
DA:56,33
DA:57,33
DA:58,1
DA:59,4
DA:60,4
DA:61,4
DA:62,4
DA:63,4
DA:64,4
DA:65,4
DA:66,2
DA:67,4
DA:68,1
DA:69,3
DA:70,3
DA:71,3
DA:72,3
DA:73,3
DA:74,3
DA:75,3
DA:76,2
DA:77,3
DA:78,1
DA:79,1
DA:80,1
DA:81,1
DA:82,1
DA:83,1
DA:84,1
DA:85,1
DA:86,7
DA:87,7
DA:88,7
DA:89,7
DA:90,7
DA:91,7
DA:92,7
DA:93,7
DA:94,7
DA:95,7
DA:96,7
DA:97,7
DA:98,7
DA:99,7
DA:100,7
DA:101,7
DA:102,7
DA:103,7
DA:104,7
DA:105,7
DA:106,7
DA:107,7
DA:108,7
DA:109,7
DA:110,7
DA:111,7
DA:112,7
DA:113,7
DA:114,7
DA:115,7
DA:116,7
DA:117,7
DA:118,7
DA:119,7
DA:120,7
DA:121,7
DA:122,6
DA:123,7
DA:124,7
DA:125,7
DA:126,7
DA:127,7
DA:128,7
DA:129,7
DA:130,7
DA:131,7
DA:132,7
DA:133,7
DA:134,7
DA:135,7
DA:136,7
DA:137,1
DA:138,7
DA:139,7
DA:140,7
DA:141,7
DA:142,7
DA:143,7
DA:144,7
DA:145,7
DA:146,7
DA:147,7
DA:148,1
DA:149,5
DA:150,5
DA:151,5
DA:152,5
DA:153,5
DA:154,5
DA:155,5
DA:156,1
DA:157,1
DA:158,4
DA:159,5
DA:160,5
DA:161,5
DA:162,5
DA:163,5
DA:164,50
DA:165,50
DA:166,50
DA:167,50
DA:168,5
DA:169,5
DA:170,5
DA:171,1
DA:172,4
DA:173,4
DA:174,4
DA:175,4
DA:176,4
DA:177,4
DA:178,4
DA:179,2
DA:180,2
DA:181,4
DA:182,4
DA:183,4
DA:184,4
DA:185,4
DA:186,1
DA:187,1
DA:188,4
DA:189,1
DA:190,5
DA:191,5
DA:192,5
DA:193,5
DA:194,5
DA:195,5
DA:196,5
DA:197,5
DA:198,5
DA:199,5
DA:200,5
DA:201,5
DA:202,5
DA:203,5
DA:204,5
DA:205,5
DA:206,5
DA:207,5
DA:208,5
DA:209,5
DA:210,5
DA:211,5
DA:212,5
DA:213,5
DA:214,5
DA:215,5
DA:216,5
DA:217,5
DA:218,5
DA:219,5
DA:220,5
DA:221,5
DA:222,5
DA:223,5
DA:224,5
DA:225,5
DA:226,5
DA:227,5
DA:228,5
DA:229,5
DA:230,5
DA:231,1
DA:232,10
DA:233,10
DA:234,10
DA:235,10
DA:236,5
DA:237,5
DA:238,5
DA:239,5
DA:240,5
DA:241,1
DA:242,1
DA:243,5
DA:244,1
DA:245,1
DA:246,5
DA:247,1
DA:248,1
DA:249,5
DA:250,1
DA:251,1
DA:252,1
DA:253,1
DA:254,5
DA:255,5
DA:256,5
DA:257,5
DA:258,5
DA:259,5
DA:260,5
DA:261,5
DA:262,5
DA:263,5
DA:264,5
DA:265,5
DA:266,5
DA:267,5
DA:268,5
DA:269,10
DA:270,3
DA:271,3
DA:272,1
DA:273,1
DA:274,3
DA:275,1
DA:276,1
DA:277,3
DA:278,3
DA:279,3
DA:280,1
DA:281,1
DA:282,1
DA:283,1
DA:284,1
DA:285,1
DA:286,1
DA:287,3
DA:288,3
DA:289,3
DA:290,3
DA:291,3
DA:292,3
DA:293,3
DA:294,3
DA:295,3
DA:296,3
DA:297,3
DA:298,3
DA:299,3
DA:300,3
DA:301,2
DA:302,2
DA:303,10
DA:304,1
DA:305,7
DA:306,7
DA:307,7
DA:308,7
DA:309,7
DA:310,7
DA:311,7
DA:312,7
DA:313,7
DA:314,7
DA:315,7
DA:316,7
DA:317,7
DA:318,7
DA:319,7
DA:320,7
DA:321,7
DA:322,7
DA:323,7
DA:324,7
DA:325,7
DA:326,7
DA:327,7
DA:328,7
DA:329,7
DA:330,7
DA:331,6
DA:332,7
DA:333,6
DA:334,7
DA:335,7
DA:336,6
DA:337,7
DA:338,1
DA:339,6
DA:340,6
DA:341,6
DA:342,6
DA:343,6
DA:344,6
DA:345,6
DA:346,4
DA:347,4
DA:348,3
DA:349,6
DA:350,6
DA:351,6
DA:352,6
DA:353,1
DA:354,1
DA:355,1
DA:356,1
DA:357,1
DA:358,1
DA:359,1
DA:360,1
DA:361,1
DA:362,1
DA:363,1
DA:364,1
DA:365,1
DA:366,1
DA:367,1
DA:368,1
DA:369,1
DA:370,1
DA:371,1
DA:372,1
DA:373,1
LF:373
LH:373
BRDA:1,0,0,1
BRDA:1,1,0,15
BRDA:2,2,0,7
BRDA:2,3,0,8
BRDA:3,4,0,7
BRDA:3,5,0,0
BRDA:4,6,0,7
BRDA:5,7,0,0
BRDA:6,8,0,7
BRDA:6,9,0,6
BRDA:7,10,0,1
BRDA:10,11,0,7
BRDA:18,12,0,26
BRDA:19,13,0,7
BRDA:20,14,0,19
BRDA:20,15,0,0
BRDA:20,16,0,0
BRDA:21,17,0,19
BRDA:21,18,0,0
BRDA:22,19,0,19
BRDA:24,20,0,1
BRDA:29,21,0,11
BRDA:30,22,0,0
BRDA:32,23,0,1
BRDA:33,24,0,10
BRDA:34,25,0,8
BRDA:34,26,0,8
BRDA:34,27,0,8
BRDA:34,28,0,8
BRDA:37,29,0,9
BRDA:38,30,0,7
BRDA:39,31,0,2
BRDA:39,32,0,1
BRDA:43,33,0,9
BRDA:45,34,0,0
BRDA:47,35,0,0
BRDA:53,36,0,33
BRDA:55,37,0,0
BRDA:59,38,0,4
BRDA:60,39,0,0
BRDA:61,40,0,0
BRDA:62,41,0,0
BRDA:63,42,0,1
BRDA:64,43,0,3
BRDA:64,44,0,1
BRDA:66,45,0,2
BRDA:69,46,0,3
BRDA:70,47,0,0
BRDA:71,48,0,0
BRDA:72,49,0,0
BRDA:73,50,0,1
BRDA:74,51,0,2
BRDA:74,52,0,0
BRDA:75,53,0,2
BRDA:75,54,0,0
BRDA:76,55,0,2
BRDA:79,56,0,1
BRDA:80,57,0,0
BRDA:86,58,0,7
BRDA:118,59,0,6
BRDA:119,60,0,6
BRDA:120,61,0,6
BRDA:121,62,0,6
BRDA:129,63,0,6
BRDA:129,64,0,6
BRDA:129,65,0,6
BRDA:129,66,0,6
BRDA:114,67,0,21
BRDA:115,68,0,21
BRDA:125,69,0,19
BRDA:126,70,0,19
BRDA:138,71,0,7
BRDA:142,72,0,4
BRDA:142,73,0,4
BRDA:142,74,0,4
BRDA:142,75,0,4
BRDA:142,76,0,0
BRDA:145,77,0,5
BRDA:149,78,0,5
BRDA:150,79,0,0
BRDA:155,80,0,1
BRDA:158,81,0,4
BRDA:159,82,0,0
BRDA:160,83,0,4
BRDA:160,84,0,0
BRDA:163,85,0,50
BRDA:164,86,0,0
BRDA:165,87,0,0
BRDA:166,88,0,0
BRDA:167,89,0,25
BRDA:172,90,0,4
BRDA:173,91,0,0
BRDA:177,92,0,0
BRDA:178,93,0,2
BRDA:181,94,0,0
BRDA:185,95,0,1
BRDA:190,96,0,5
BRDA:232,97,0,10
BRDA:235,98,0,5
BRDA:236,99,0,0
BRDA:240,100,0,1
BRDA:243,101,0,4
BRDA:243,102,0,1
BRDA:246,103,0,3
BRDA:246,104,0,1
BRDA:249,105,0,2
BRDA:249,106,0,1
BRDA:254,107,0,1
BRDA:254,108,0,0
BRDA:255,109,0,0
BRDA:256,110,0,1
BRDA:256,111,0,0
BRDA:269,112,0,3
BRDA:270,113,0,0
BRDA:271,114,0,1
BRDA:274,115,0,2
BRDA:274,116,0,1
BRDA:277,117,0,1
BRDA:277,118,0,1
BRDA:277,119,0,0
BRDA:279,120,0,0
BRDA:279,121,0,1
BRDA:280,122,0,0
BRDA:281,123,0,0
BRDA:287,124,0,1
BRDA:287,125,0,0
BRDA:288,126,0,0
BRDA:289,127,0,1
BRDA:289,128,0,0
BRDA:301,129,0,2
BRDA:305,130,0,7
BRDA:307,131,0,0
BRDA:308,132,0,0
BRDA:308,133,0,0
BRDA:331,134,0,6
BRDA:332,135,0,0
BRDA:333,136,0,6
BRDA:334,137,0,6
BRDA:334,138,0,6
BRDA:335,139,0,0
BRDA:336,140,0,6
BRDA:339,141,0,6
BRDA:340,142,0,0
BRDA:343,143,0,3
BRDA:343,144,0,3
BRDA:345,145,0,3
BRDA:349,146,0,3
BRDA:345,147,0,4
BRF:148
BRH:102
end_of_record
TN:
SF:examples/functions/node/ai-tool-agent/app.js
FN:38,exports.handler
FNF:1
FNH:1
FNDA:7,exports.handler
DA:1,1
DA:2,1
DA:3,1
DA:4,1
DA:5,1
DA:6,1
DA:7,1
DA:8,1
DA:9,1
DA:10,1
DA:11,1
DA:12,1
DA:13,1
DA:14,1
DA:15,1
DA:16,1
DA:17,1
DA:18,1
DA:19,1
DA:20,1
DA:21,1
DA:22,1
DA:23,1
DA:24,1
DA:25,1
DA:26,1
DA:27,1
DA:28,1
DA:29,1
DA:30,1
DA:31,1
DA:32,1
DA:33,1
DA:34,1
DA:35,1
DA:36,1
DA:37,1
DA:38,1
DA:39,7
DA:40,7
DA:41,7
DA:42,7
DA:43,7
DA:44,7
DA:45,7
DA:46,7
DA:47,7
DA:48,7
DA:49,7
DA:50,7
DA:51,7
DA:52,7
DA:53,7
DA:54,1
DA:55,1
DA:56,1
DA:57,1
DA:58,1
DA:59,1
DA:60,1
DA:61,1
DA:62,1
DA:63,1
DA:64,1
DA:65,1
DA:66,6
DA:67,7
DA:68,1
DA:69,1
DA:70,1
DA:71,1
DA:72,1
DA:73,1
DA:74,1
DA:75,1
DA:76,1
DA:77,1
DA:78,5
DA:79,5
DA:80,5
DA:81,5
DA:82,5
DA:83,5
DA:84,5
DA:85,5
DA:86,5
DA:87,5
DA:88,5
DA:89,5
DA:90,5
DA:91,5
DA:92,5
DA:93,7
DA:94,50
DA:95,50
DA:96,5
DA:97,5
DA:98,5
DA:99,7
DA:100,7
DA:101,7
DA:102,7
DA:103,7
DA:104,7
DA:105,6
DA:106,6
DA:107,7
DA:108,7
DA:109,3
DA:110,3
DA:111,3
DA:112,3
DA:113,3
DA:114,3
DA:115,3
DA:116,7
DA:117,7
DA:118,7
DA:119,7
DA:120,7
DA:121,4
DA:122,4
DA:123,4
DA:124,4
DA:125,4
DA:126,4
DA:127,4
DA:128,4
DA:129,4
DA:130,4
DA:131,4
DA:132,4
DA:133,4
DA:134,4
DA:135,4
DA:136,4
DA:137,4
DA:138,4
DA:139,3
DA:140,4
DA:141,7
DA:142,1
DA:143,1
DA:144,1
DA:145,1
DA:146,1
DA:147,1
DA:148,3
DA:149,3
DA:150,3
DA:151,3
DA:152,3
DA:153,3
DA:154,3
DA:155,3
DA:156,3
DA:157,3
DA:158,3
DA:159,3
DA:160,3
DA:161,3
DA:162,3
DA:163,3
DA:164,7
DA:165,1
DA:166,1
DA:167,1
DA:168,1
DA:169,1
DA:170,1
LF:170
LH:170
BRDA:1,0,0,1
BRDA:38,1,0,7
BRDA:39,2,0,0
BRDA:40,3,0,0
BRDA:42,4,0,1
BRDA:42,5,0,1
BRDA:43,6,0,1
BRDA:53,7,0,1
BRDA:66,8,0,6
BRDA:67,9,0,1
BRDA:78,10,0,5
BRDA:93,11,0,50
BRDA:96,12,0,5
BRDA:99,13,0,0
BRDA:105,14,0,6
BRDA:107,15,0,3
BRDA:107,16,0,3
BRDA:108,17,0,3
BRDA:109,18,0,0
BRDA:120,19,0,4
BRDA:121,20,0,0
BRDA:122,21,0,0
BRDA:123,22,0,0
BRDA:128,23,0,0
BRDA:135,24,0,0
BRDA:139,25,0,3
BRDA:140,26,0,4
BRDA:141,27,0,1
BRDA:148,28,0,3
BRDA:164,29,0,1
BRDA:166,30,0,0
BRF:31
BRH:21
end_of_record
TN:
SF:examples/functions/node/echo/handler.js
FN:1,exports.handler
FNF:1
FNH:1
FNDA:1,exports.handler
DA:1,1
DA:2,1
DA:3,1
DA:4,1
DA:5,1
DA:6,1
DA:7,1
DA:8,1
DA:9,1
DA:10,1
DA:11,1
DA:12,1
DA:13,1
DA:14,1
DA:15,1
DA:16,1
LF:16
LH:16
BRDA:1,0,0,1
BRDA:1,1,0,1
BRDA:2,2,0,0
BRDA:3,3,0,0
BRDA:4,4,0,0
BRDA:12,5,0,0
BRF:6
BRH:2
end_of_record
TN:
SF:examples/functions/node/edge-auth-gateway/app.js
FN:10,header
FN:15,json
FN:23,normalizeTarget
FN:30,exports.handler
FNF:4
FNH:4
FNDA:4,header
FNDA:2,json
FNDA:3,normalizeTarget
FNDA:4,exports.handler
DA:1,1
DA:2,1
DA:3,1
DA:4,1
DA:5,1
DA:6,1
DA:7,1
DA:8,1
DA:9,1
DA:10,4
DA:11,4
DA:12,4
DA:13,4
DA:14,1
DA:15,2
DA:16,2
DA:17,2
DA:18,2
DA:19,2
DA:20,2
DA:21,2
DA:22,1
DA:23,3
DA:24,3
DA:25,3
DA:26,3
DA:27,1
DA:28,3
DA:29,1
DA:30,1
DA:31,4
DA:32,4
DA:33,4
DA:34,4
DA:35,4
DA:36,4
DA:37,4
DA:38,1
DA:39,1
DA:40,3
DA:41,4
DA:42,4
DA:43,4
DA:44,1
DA:45,1
DA:46,2
DA:47,2
DA:48,2
DA:49,2
DA:50,4
DA:51,4
DA:52,4
DA:53,4
DA:54,4
DA:55,4
DA:56,4
DA:57,4
DA:58,4
DA:59,1
LF:59
LH:59
BRDA:1,0,0,1
BRDA:10,1,0,4
BRDA:11,2,0,0
BRDA:12,3,0,1
BRDA:12,4,0,1
BRDA:12,5,0,1
BRDA:15,6,0,2
BRDA:18,7,0,1
BRDA:23,8,0,3
BRDA:24,9,0,0
BRDA:25,10,0,1
BRDA:26,11,0,2
BRDA:26,12,0,1
BRDA:30,13,0,4
BRDA:31,14,0,0
BRDA:32,15,0,2
BRDA:34,16,0,0
BRDA:35,17,0,1
BRDA:37,18,0,1
BRDA:40,19,0,3
BRDA:41,20,0,0
BRDA:43,21,0,1
BRDA:46,22,0,2
BRDA:50,23,0,0
BRDA:53,24,0,0
BRDA:55,25,0,1
BRDA:56,26,0,0
BRF:27
BRH:19
end_of_record
TN:
SF:examples/functions/node/edge-filter/app.js
FN:11,header
FN:16,json
FN:24,exports.handler
FNF:3
FNH:3
FNDA:4,header
FNDA:2,json
FNDA:4,exports.handler
DA:1,1
DA:2,1
DA:3,1
DA:4,1
DA:5,1
DA:6,1
DA:7,1
DA:8,1
DA:9,1
DA:10,1
DA:11,4
DA:12,4
DA:13,4
DA:14,4
DA:15,1
DA:16,2
DA:17,2
DA:18,2
DA:19,2
DA:20,2
DA:21,2
DA:22,2
DA:23,1
DA:24,1
DA:25,4
DA:26,4
DA:27,4
DA:28,4
DA:29,4
DA:30,4
DA:31,4
DA:32,1
DA:33,1
DA:34,3
DA:35,3
DA:36,4
DA:37,4
DA:38,4
DA:39,1
DA:40,1
DA:41,2
DA:42,2
DA:43,2
DA:44,2
DA:45,2
DA:46,2
DA:47,2
DA:48,2
DA:49,2
DA:50,2
DA:51,2
DA:52,4
DA:53,4
DA:54,4
DA:55,4
DA:56,4
DA:57,4
DA:58,4
DA:59,4
DA:60,4
DA:61,4
DA:62,4
DA:63,1
LF:63
LH:63
BRDA:1,0,0,1
BRDA:11,1,0,4
BRDA:12,2,0,0
BRDA:13,3,0,1
BRDA:13,4,0,1
BRDA:13,5,0,1
BRDA:16,6,0,2
BRDA:24,7,0,4
BRDA:25,8,0,0
BRDA:26,9,0,3
BRDA:29,10,0,0
BRDA:30,11,0,1
BRDA:31,12,0,1
BRDA:34,13,0,3
BRDA:36,14,0,0
BRDA:37,15,0,0
BRDA:37,16,0,0
BRDA:38,17,0,1
BRDA:41,18,0,2
BRDA:52,19,0,1
BRDA:55,20,0,0
BRDA:55,21,0,2
BRDA:60,22,0,1
BRF:23
BRH:16
end_of_record
TN:
SF:examples/functions/node/edge-header-inject/app.js
FN:12,exports.handler
FNF:1
FNH:1
FNDA:2,exports.handler
DA:1,1
DA:2,1
DA:3,1
DA:4,1
DA:5,1
DA:6,1
DA:7,1
DA:8,1
DA:9,1
DA:10,1
DA:11,1
DA:12,1
DA:13,2
DA:14,2
DA:15,2
DA:16,2
DA:17,2
DA:18,2
DA:19,2
DA:20,2
DA:21,2
DA:22,2
DA:23,2
DA:24,2
DA:25,2
DA:26,2
DA:27,2
DA:28,2
DA:29,2
DA:30,1
LF:30
LH:30
BRDA:1,0,0,1
BRDA:12,1,0,2
BRDA:13,2,0,1
BRDA:14,3,0,1
BRDA:15,4,0,1
BRDA:20,5,0,1
BRDA:23,6,0,1
BRDA:26,7,0,1
BRDA:27,8,0,1
BRF:9
BRH:9
end_of_record
TN:
SF:examples/functions/node/edge-proxy/app.js
FN:5,exports.handler
FNF:1
FNH:1
FNDA:1,exports.handler
DA:1,1
DA:2,1
DA:3,1
DA:4,1
DA:5,1
DA:6,1
DA:7,1
DA:8,1
DA:9,1
DA:10,1
DA:11,1
DA:12,1
DA:13,1
DA:14,1
DA:15,1
DA:16,1
DA:17,1
DA:18,1
DA:19,1
DA:20,1
DA:21,1
DA:22,1
DA:23,1
DA:24,1
LF:24
LH:24
BRDA:1,0,0,1
BRDA:5,1,0,1
BRDA:6,2,0,0
BRDA:15,3,0,0
BRDA:18,4,0,0
BRDA:21,5,0,0
BRF:6
BRH:2
end_of_record
TN:
SF:examples/functions/node/github-webhook-guard/app.js
FN:11,header
FN:16,json
FN:24,timingSafeEq
FN:31,computeSig
FN:41,exports.handler
FNF:5
FNH:5
FNDA:8,header
FNDA:4,json
FNDA:3,timingSafeEq
FNDA:3,computeSig
FNDA:5,exports.handler
DA:1,1
DA:2,1
DA:3,1
DA:4,1
DA:5,1
DA:6,1
DA:7,1
DA:8,1
DA:9,1
DA:10,1
DA:11,8
DA:12,8
DA:13,8
DA:14,8
DA:15,1
DA:16,4
DA:17,4
DA:18,4
DA:19,4
DA:20,4
DA:21,4
DA:22,4
DA:23,1
DA:24,3
DA:25,3
DA:26,3
DA:27,3
DA:28,2
DA:29,3
DA:30,1
DA:31,3
DA:32,3
DA:33,3
DA:34,3
DA:35,3
DA:36,3
DA:37,3
DA:38,3
DA:39,3
DA:40,1
DA:41,1
DA:42,5
DA:43,5
DA:44,5
DA:45,5
DA:46,5
DA:47,1
DA:48,1
DA:49,4
DA:50,5
DA:51,5
DA:52,5
DA:53,1
DA:54,1
DA:55,3
DA:56,3
DA:57,5
DA:58,1
DA:59,1
DA:60,2
DA:61,5
DA:62,5
DA:63,5
DA:64,5
DA:65,5
DA:66,5
DA:67,5
DA:68,5
DA:69,1
DA:70,1
DA:71,1
DA:72,1
DA:73,1
DA:74,1
DA:75,1
DA:76,1
DA:77,1
DA:78,1
DA:79,1
DA:80,1
DA:81,1
DA:82,1
DA:83,5
DA:84,5
DA:85,5
DA:86,5
DA:87,5
DA:88,5
DA:89,5
DA:90,5
DA:91,5
DA:92,1
LF:92
LH:92
BRDA:1,0,0,1
BRDA:11,1,0,8
BRDA:12,2,0,0
BRDA:13,3,0,1
BRDA:13,4,0,1
BRDA:13,5,0,1
BRDA:16,6,0,4
BRDA:24,7,0,3
BRDA:25,8,0,0
BRDA:26,9,0,0
BRDA:27,10,0,1
BRDA:28,11,0,2
BRDA:31,12,0,3
BRDA:36,13,0,0
BRDA:41,14,0,5
BRDA:42,15,0,0
BRDA:43,16,0,4
BRDA:45,17,0,1
BRDA:46,18,0,1
BRDA:49,19,0,4
BRDA:50,20,0,0
BRDA:51,21,0,1
BRDA:52,22,0,1
BRDA:55,23,0,3
BRDA:57,24,0,1
BRDA:60,25,0,2
BRDA:61,26,0,0
BRDA:62,27,0,0
BRDA:66,28,0,0
BRDA:67,29,0,1
BRDA:68,30,0,1
BRDA:83,31,0,0
BRDA:89,32,0,0
BRF:33
BRH:22
end_of_record
TN:
SF:examples/functions/node/hello/v2/app.js
FN:1,exports.handler
FNF:1
FNH:1
FNDA:2,exports.handler
DA:1,1
LF:1
LH:1
BRDA:1,0,0,1
BRDA:1,1,0,2
BRDA:1,2,0,0
BRDA:1,3,0,1
BRDA:1,4,0,0
BRDA:1,5,0,1
BRDA:1,6,0,1
BRDA:1,7,0,0
BRF:8
BRH:5
end_of_record
TN:
SF:examples/functions/node/node-echo/app.js
FN:1,exports.handler
FNF:1
FNH:1
FNDA:1,exports.handler
DA:1,1
DA:2,1
DA:3,1
DA:4,1
DA:5,1
DA:6,1
DA:7,1
DA:8,1
DA:9,1
LF:9
LH:9
BRDA:1,0,0,1
BRDA:1,1,0,1
BRDA:2,2,0,0
BRDA:3,3,0,0
BRF:4
BRH:2
end_of_record
TN:
SF:examples/functions/node/request-inspector/app.js
FN:9,pickHeaders
FN:21,exports.handler
FNF:2
FNH:2
FNDA:1,pickHeaders
FNDA:1,exports.handler
DA:1,1
DA:2,1
DA:3,1
DA:4,1
DA:5,1
DA:6,1
DA:7,1
DA:8,1
DA:9,1
DA:10,1
DA:11,1
DA:12,1
DA:13,2
DA:14,2
DA:15,2
DA:16,2
DA:17,2
DA:18,1
DA:19,1
DA:20,1
DA:21,1
DA:22,1
DA:23,1
DA:24,1
DA:25,1
DA:26,1
DA:27,1
DA:28,1
DA:29,1
DA:30,1
DA:31,1
DA:32,1
DA:33,1
DA:34,1
DA:35,1
DA:36,1
DA:37,1
DA:38,1
DA:39,1
DA:40,1
DA:41,1
LF:41
LH:41
BRDA:1,0,0,1
BRDA:9,1,0,1
BRDA:10,2,0,0
BRDA:12,3,0,2
BRDA:14,4,0,1
BRDA:14,5,0,0
BRDA:14,6,0,0
BRDA:21,7,0,1
BRDA:22,8,0,0
BRDA:23,9,0,0
BRDA:24,10,0,0
BRDA:30,11,0,0
BRDA:31,12,0,0
BRDA:33,13,0,0
BRF:14
BRH:5
end_of_record
TN:
SF:examples/functions/node/telegram-ai-digest/_internal.js
FN:1,asBool
FN:8,json
FN:16,parseJson
FN:27,isUnsetSecret
FN:35,chooseSecret
FN:41,getClientIp
FN:49,fetchText
FN:63,fetchJson
FN:69,fetchIpInfo
FN:86,weatherCodeToText
FN:111,fetchWeather
FN:125,countryToNewsLocale
FN:133,parseRssItems
FN:153,escapeHtml
FN:162,lastSendPath
FN:166,lockPath
FN:170,tryAcquireRunLock
FN:207,releaseRunLock
FN:222,readLastSent
FN:235,writeLastSent
FN:245,fetchNews
FN:254,openaiDigest
FN:292,telegramSend
FNF:23
FNH:23
FNDA:45,asBool
FNDA:9,json
FNDA:29,parseJson
FNDA:11,isUnsetSecret
FNDA:7,chooseSecret
FNDA:9,getClientIp
FNDA:8,fetchText
FNDA:4,fetchJson
FNDA:5,fetchIpInfo
FNDA:2,weatherCodeToText
FNDA:2,fetchWeather
FNDA:5,countryToNewsLocale
FNDA:3,parseRssItems
FNDA:20,escapeHtml
FNDA:21,lastSendPath
FNDA:11,lockPath
FNDA:11,tryAcquireRunLock
FNDA:9,releaseRunLock
FNDA:7,readLastSent
FNDA:3,writeLastSent
FNDA:3,fetchNews
FNDA:2,openaiDigest
FNDA:3,telegramSend
DA:1,45
DA:2,45
DA:3,45
DA:4,27
DA:5,27
DA:6,45
DA:7,1
DA:8,9
DA:9,9
DA:10,9
DA:11,9
DA:12,9
DA:13,9
DA:14,9
DA:15,1
DA:16,29
DA:17,29
DA:18,29
DA:19,29
DA:20,20
DA:21,20
DA:22,29
DA:23,3
DA:24,3
DA:25,29
DA:26,1
DA:27,11
DA:28,11
DA:29,9
DA:30,11
DA:31,8
DA:32,11
DA:33,11
DA:34,1
DA:35,7
DA:36,7
DA:37,7
DA:38,1
DA:39,7
DA:40,1
DA:41,9
DA:42,9
DA:43,9
DA:44,9
DA:45,9
DA:46,6
DA:47,9
DA:48,1
DA:49,8
DA:50,8
DA:51,8
DA:52,8
DA:53,8
DA:54,7
DA:55,7
DA:56,8
DA:57,1
DA:58,8
DA:59,8
DA:60,8
DA:61,8
DA:62,1
DA:63,4
DA:64,4
DA:65,4
DA:66,4
DA:67,4
DA:68,1
DA:69,5
DA:70,5
DA:71,2
DA:72,5
DA:73,2
DA:74,2
DA:75,2
DA:76,5
DA:77,5
DA:78,5
DA:79,5
DA:80,5
DA:81,5
DA:82,5
DA:83,5
DA:84,5
DA:85,1
DA:86,2
DA:87,2
DA:88,2
DA:89,2
DA:90,2
DA:91,2
DA:92,2
DA:93,2
DA:94,2
DA:95,2
DA:96,2
DA:97,2
DA:98,2
DA:99,2
DA:100,2
DA:101,2
DA:102,2
DA:103,2
DA:104,2
DA:105,2
DA:106,2
DA:107,2
DA:108,2
DA:109,2
DA:110,1
DA:111,2
DA:112,2
DA:113,2
DA:114,2
DA:115,2
DA:116,2
DA:117,2
DA:118,2
DA:119,2
DA:120,2
DA:121,2
DA:122,2
DA:123,2
DA:124,1
DA:125,5
DA:126,5
DA:127,5
DA:128,5
DA:129,5
DA:130,2
DA:131,5
DA:132,1
DA:133,3
DA:134,3
DA:135,3
DA:136,3
DA:137,3
DA:138,3
DA:139,3
DA:140,3
DA:141,3
DA:142,3
DA:143,3
DA:144,3
DA:145,3
DA:146,3
DA:147,3
DA:148,3
DA:149,3
DA:150,3
DA:151,3
DA:152,1
DA:153,20
DA:154,20
DA:155,20
DA:156,20
DA:157,20
DA:158,20
DA:159,20
DA:160,20
DA:161,1
DA:162,21
DA:163,21
DA:164,21
DA:165,1
DA:166,11
DA:167,11
DA:168,11
DA:169,1
DA:170,11
DA:171,11
DA:172,11
DA:173,11
DA:174,11
DA:175,11
DA:176,11
DA:177,14
DA:178,14
DA:179,14
DA:180,14
DA:181,14
DA:182,8
DA:183,1
DA:184,1
DA:185,7
DA:186,7
DA:187,8
DA:188,8
DA:189,8
DA:190,3
DA:191,3
DA:192,3
DA:193,8
DA:194,2
DA:195,2
DA:196,2
DA:197,2
DA:198,1
DA:199,1
DA:200,2
DA:201,2
DA:202,2
DA:203,14
DA:204,1
DA:205,11
DA:206,1
DA:207,9
DA:208,9
DA:209,7
DA:210,7
DA:211,7
DA:212,9
DA:213,1
DA:214,1
DA:215,7
DA:216,7
DA:217,9
DA:218,1
DA:219,1
DA:220,9
DA:221,1
DA:222,7
DA:223,7
DA:224,7
DA:225,7
DA:226,7
DA:227,7
DA:228,7
DA:229,7
DA:230,1
DA:231,1
DA:232,3
DA:233,7
DA:234,1
DA:235,3
DA:236,3
DA:237,3
DA:238,3
DA:239,3
DA:240,3
DA:241,1
DA:242,1
DA:243,3
DA:244,1
DA:245,3
DA:246,3
DA:247,3
DA:248,3
DA:249,3
DA:250,3
DA:251,3
DA:252,3
DA:253,1
DA:254,2
DA:255,2
DA:256,2
DA:257,2
DA:258,2
DA:259,2
DA:260,2
DA:261,2
DA:262,2
DA:263,2
DA:264,2
DA:265,2
DA:266,2
DA:267,2
DA:268,2
DA:269,2
DA:270,2
DA:271,2
DA:272,2
DA:273,2
DA:274,2
DA:275,2
DA:276,2
DA:277,2
DA:278,2
DA:279,2
DA:280,1
DA:281,2
DA:282,1
DA:283,2
DA:284,2
DA:285,2
DA:286,1
DA:287,2
DA:288,2
DA:289,2
DA:290,2
DA:291,1
DA:292,3
DA:293,3
DA:294,3
DA:295,3
DA:296,3
DA:297,3
DA:298,3
DA:299,3
DA:300,3
DA:301,3
DA:302,3
DA:303,3
DA:304,3
DA:305,3
DA:306,3
DA:307,3
DA:308,3
DA:309,3
DA:310,3
DA:311,2
DA:312,2
DA:313,1
DA:314,1
DA:315,1
DA:316,1
DA:317,1
DA:318,1
DA:319,1
DA:320,1
DA:321,1
DA:322,1
DA:323,1
DA:324,1
DA:325,2
DA:326,3
DA:327,1
DA:328,1
DA:329,2
DA:330,3
DA:331,1
DA:332,1
DA:333,1
DA:334,1
DA:335,1
DA:336,1
DA:337,1
DA:338,1
DA:339,1
DA:340,1
DA:341,1
DA:342,1
DA:343,1
DA:344,1
DA:345,1
DA:346,1
DA:347,1
DA:348,1
DA:349,1
DA:350,1
DA:351,1
DA:352,1
DA:353,1
DA:354,1
DA:355,1
DA:356,1
LF:356
LH:356
BRDA:1,0,0,1
BRDA:1,1,0,45
BRDA:2,2,0,27
BRDA:2,3,0,18
BRDA:3,4,0,27
BRDA:3,5,0,0
BRDA:4,6,0,27
BRDA:8,7,0,9
BRDA:16,8,0,29
BRDA:17,9,0,9
BRDA:18,10,0,20
BRDA:18,11,0,0
BRDA:18,12,0,0
BRDA:19,13,0,20
BRDA:19,14,0,0
BRDA:20,15,0,20
BRDA:22,16,0,3
BRDA:27,17,0,11
BRDA:28,18,0,9
BRDA:28,19,0,2
BRDA:29,20,0,9
BRDA:30,21,0,1
BRDA:31,22,0,8
BRDA:32,23,0,6
BRDA:32,24,0,6
BRDA:32,25,0,6
BRDA:32,26,0,6
BRDA:35,27,0,7
BRDA:36,28,0,3
BRDA:37,29,0,4
BRDA:37,30,0,3
BRDA:38,31,0,1
BRDA:41,32,0,9
BRDA:42,33,0,0
BRDA:43,34,0,8
BRDA:43,35,0,8
BRDA:44,36,0,1
BRDA:45,37,0,8
BRDA:45,38,0,2
BRDA:45,39,0,2
BRDA:46,40,0,6
BRDA:49,41,0,8
BRDA:51,42,0,0
BRDA:54,43,0,7
BRDA:56,44,0,1
BRDA:57,45,0,0
BRDA:58,46,0,0
BRDA:63,47,0,4
BRDA:69,48,0,5
BRDA:70,49,0,3
BRDA:71,50,0,2
BRDA:72,51,0,0
BRDA:73,52,0,2
BRDA:76,53,0,0
BRDA:76,54,0,0
BRDA:77,55,0,0
BRDA:77,56,0,0
BRDA:78,57,0,2
BRDA:78,58,0,2
BRDA:79,59,0,0
BRDA:80,60,0,0
BRDA:80,61,0,0
BRDA:81,62,0,0
BRDA:81,63,0,0
BRDA:82,64,0,2
BRDA:86,65,0,2
BRDA:108,66,0,0
BRDA:111,67,0,2
BRDA:112,68,0,0
BRDA:115,69,0,0
BRDA:125,70,0,5
BRDA:126,71,0,1
BRDA:128,72,0,2
BRDA:129,73,0,3
BRDA:129,74,0,1
BRDA:130,75,0,2
BRDA:133,76,0,3
BRDA:134,77,0,0
BRDA:144,78,0,0
BRDA:145,79,0,0
BRDA:153,80,0,20
BRDA:154,81,0,0
BRDA:162,82,0,21
BRDA:163,83,0,1
BRDA:166,84,0,11
BRDA:170,85,0,11
BRDA:176,86,0,14
BRDA:181,87,0,8
BRDA:182,88,0,1
BRDA:185,89,0,7
BRDA:187,90,0,1
BRDA:188,91,0,1
BRDA:189,92,0,4
BRDA:189,93,0,0
BRDA:189,94,0,3
BRDA:193,95,0,2
BRDA:197,96,0,1
BRDA:204,97,0,1
BRDA:207,98,0,9
BRDA:208,99,0,2
BRDA:209,100,0,7
BRDA:212,101,0,1
BRDA:215,102,0,7
BRDA:217,103,0,1
BRDA:222,104,0,7
BRDA:228,105,0,6
BRDA:228,106,0,3
BRDA:229,107,0,1
BRDA:232,108,0,3
BRDA:235,109,0,3
BRDA:240,110,0,1
BRDA:245,111,0,3
BRDA:249,112,0,0
BRDA:254,113,0,2
BRDA:256,114,0,0
BRDA:257,115,0,1
BRDA:257,116,0,1
BRDA:260,117,0,1
BRDA:261,118,0,1
BRDA:272,119,0,0
BRDA:280,120,0,1
BRDA:281,121,0,0
BRDA:282,122,0,1
BRDA:283,123,0,1
BRDA:283,124,0,1
BRDA:283,125,0,1
BRDA:284,126,0,0
BRDA:285,127,0,1
BRDA:287,128,0,0
BRDA:292,129,0,3
BRDA:294,130,0,0
BRDA:299,131,0,0
BRDA:309,132,0,2
BRDA:310,133,0,1
BRDA:310,134,0,2
BRDA:312,135,0,1
BRDA:312,136,0,1
BRDA:315,137,0,0
BRDA:323,138,0,0
BRDA:326,139,0,2
BRDA:326,140,0,1
BRDA:329,141,0,2
BRF:142
BRH:106
end_of_record
TN:
SF:examples/functions/node/telegram-ai-digest/app.js
FN:31,exports.handler
FNF:1
FNH:1
FNDA:9,exports.handler
DA:1,1
DA:2,1
DA:3,1
DA:4,1
DA:5,1
DA:6,1
DA:7,1
DA:8,1
DA:9,1
DA:10,1
DA:11,1
DA:12,1
DA:13,1
DA:14,1
DA:15,1
DA:16,1
DA:17,1
DA:18,1
DA:19,1
DA:20,1
DA:21,1
DA:22,1
DA:23,1
DA:24,1
DA:25,1
DA:26,1
DA:27,1
DA:28,1
DA:29,1
DA:30,1
DA:31,1
DA:32,9
DA:33,9
DA:34,9
DA:35,9
DA:36,9
DA:37,9
DA:38,9
DA:39,9
DA:40,9
DA:41,9
DA:42,9
DA:43,9
DA:44,9
DA:45,9
DA:46,9
DA:47,9
DA:48,9
DA:49,1
DA:50,1
DA:51,8
DA:52,9
DA:53,1
DA:54,1
DA:55,1
DA:56,1
DA:57,1
DA:58,1
DA:59,1
DA:60,7
DA:61,7
DA:62,9
DA:63,9
DA:64,1
DA:65,1
DA:66,1
DA:67,1
DA:68,1
DA:69,1
DA:70,6
DA:71,6
DA:72,6
DA:73,6
DA:74,9
DA:75,1
DA:76,1
DA:77,1
DA:78,1
DA:79,1
DA:80,1
DA:81,1
DA:82,5
DA:83,9
DA:84,9
DA:85,9
DA:86,9
DA:87,9
DA:88,9
DA:89,9
DA:90,9
DA:91,2
DA:92,2
DA:93,2
DA:94,5
DA:95,5
DA:96,9
DA:97,3
DA:98,3
DA:99,3
DA:100,5
DA:101,5
DA:102,5
DA:103,9
DA:104,1
DA:105,1
DA:106,1
DA:107,1
DA:108,1
DA:109,1
DA:110,1
DA:111,1
DA:112,1
DA:113,1
DA:114,1
DA:115,1
DA:116,1
DA:117,1
DA:118,9
DA:119,4
DA:120,4
DA:121,1
DA:122,1
DA:123,1
DA:124,4
DA:125,4
DA:126,2
DA:127,2
DA:128,2
DA:129,2
DA:130,2
DA:131,2
DA:132,2
DA:133,4
DA:134,5
DA:135,5
DA:136,9
DA:137,9
DA:138,9
DA:139,9
DA:140,9
DA:141,9
DA:142,2
DA:143,2
DA:144,2
DA:145,2
DA:146,2
DA:147,2
DA:148,2
DA:149,2
DA:150,3
DA:151,3
DA:152,2
DA:153,2
DA:154,2
DA:155,2
DA:156,2
DA:157,2
DA:158,2
DA:159,9
DA:160,9
DA:161,9
DA:162,9
DA:163,6
DA:164,6
DA:165,9
DA:166,1
DA:167,1
DA:168,1
LF:168
LH:168
BRDA:1,0,0,1
BRDA:31,1,0,9
BRDA:32,2,0,0
BRDA:33,3,0,0
BRDA:34,4,0,0
BRDA:37,5,0,2
BRDA:38,6,0,6
BRDA:39,7,0,3
BRDA:39,8,0,3
BRDA:39,9,0,3
BRDA:40,10,0,4
BRDA:41,11,0,4
BRDA:42,12,0,2
BRDA:43,13,0,4
BRDA:43,14,0,4
BRDA:44,15,0,0
BRDA:48,16,0,7
BRDA:48,17,0,1
BRDA:51,18,0,8
BRDA:52,19,0,3
BRDA:52,20,0,1
BRDA:60,21,0,7
BRDA:62,22,0,2
BRDA:62,23,0,5
BRDA:63,24,0,5
BRDA:63,25,0,1
BRDA:70,26,0,6
BRDA:74,27,0,4
BRDA:74,28,0,1
BRDA:74,29,0,1
BRDA:82,30,0,5
BRDA:83,31,0,0
BRDA:85,32,0,5
BRDA:85,33,0,2
BRDA:85,34,0,2
BRDA:85,35,0,3
BRDA:86,36,0,2
BRDA:86,37,0,1
BRDA:86,38,0,4
BRDA:90,39,0,2
BRDA:90,40,0,2
BRDA:90,41,0,2
BRDA:90,42,0,2
BRDA:92,43,0,0
BRDA:94,44,0,5
BRDA:96,45,0,3
BRDA:98,46,0,0
BRDA:100,47,0,5
BRDA:103,48,0,1
BRDA:106,49,0,0
BRDA:106,50,0,0
BRDA:118,51,0,4
BRDA:120,52,0,1
BRDA:121,53,0,0
BRDA:121,54,0,0
BRDA:124,55,0,1
BRDA:125,56,0,2
BRDA:125,57,0,2
BRDA:134,58,0,5
BRDA:136,59,0,1
BRDA:136,60,0,4
BRDA:138,61,0,1
BRDA:139,62,0,4
BRDA:141,63,0,2
BRDA:150,64,0,3
BRDA:152,65,0,2
BRDA:162,66,0,6
BRDA:165,67,0,1
BRDA:166,68,0,0
BRDA:112,69,0,1
BRDA:127,70,0,2
BRF:71
BRH:59
end_of_record
TN:
SF:examples/functions/node/telegram-ai-reply/_internal.js
FN:1,asBool
FN:8,json
FN:16,logInteraction
FN:30,parseJson
FN:41,isTransientNetworkError
FN:53,isUnsetSecret
FN:61,chooseSecret
FN:67,extractTelegram
FN:94,extractResponsesText
FN:107,sleep
FN:111,withTransientRetry
FN:129,fetchWithTimeout
FN:139,telegramTimeoutMs
FN:146,thinkingConfig
FN:177,memoryConfig
FN:184,toolConfig
FN:226,parseToolDirectives
FN:249,inferAutoTools
FN:253,has
FN:267,addFn
FN:272,addHttp
FN:316,extractWeatherLocation
FN:334,hostAllowed
FN:344,isLocalHostname
FN:354,canonicalSegment
FN:361,executeTool
FN:408,resolveToolContext
FN:456,extractOpenAIMessageText
FN:469,sanitizeLocation
FN:477,planWeatherLocationWithAI
FN:513,resolveAutoToolDirectives
FN:541,memoryPath
FN:545,loopStatePath
FN:549,loopLockPath
FN:553,tryAcquireLoopLock
FN:590,releaseLoopLock
FN:605,loadLoopState
FN:625,saveLoopState
FN:640,loadMemory
FN:664,saveMemory
FN:679,openaiGenerate
FN:742,telegramGetUpdates
FN:764,telegramDeleteWebhook
FN:778,telegramSend
FN:802,telegramSendTypingAction
FNF:45
FNH:45
FNDA:251,asBool
FNDA:39,json
FNDA:93,logInteraction
FNDA:194,parseJson
FNDA:10,isTransientNetworkError
FNDA:188,isUnsetSecret
FNDA:151,chooseSecret
FNDA:4,extractTelegram
FNDA:2,extractResponsesText
FNDA:24,sleep
FNDA:48,withTransientRetry
FNDA:94,fetchWithTimeout
FNDA:84,telegramTimeoutMs
FNDA:32,thinkingConfig
FNDA:32,memoryConfig
FNDA:24,toolConfig
FNDA:7,parseToolDirectives
FNDA:6,inferAutoTools
FNDA:98,has
FNDA:2,addFn
FNDA:5,addHttp
FNDA:2,extractWeatherLocation
FNDA:7,hostAllowed
FNDA:5,isLocalHostname
FNDA:3,canonicalSegment
FNDA:12,executeTool
FNDA:24,resolveToolContext
FNDA:3,extractOpenAIMessageText
FNDA:3,sanitizeLocation
FNDA:4,planWeatherLocationWithAI
FNDA:5,resolveAutoToolDirectives
FNDA:46,memoryPath
FNDA:33,loopStatePath
FNDA:19,loopLockPath
FNDA:19,tryAcquireLoopLock
FNDA:16,releaseLoopLock
FNDA:15,loadLoopState
FNDA:18,saveLoopState
FNDA:24,loadMemory
FNDA:22,saveMemory
FNDA:24,openaiGenerate
FNDA:36,telegramGetUpdates
FNDA:2,telegramDeleteWebhook
FNDA:34,telegramSend
FNDA:12,telegramSendTypingAction
DA:1,251
DA:2,251
DA:3,251
DA:4,93
DA:5,93
DA:6,251
DA:7,1
DA:8,39
DA:9,39
DA:10,39
DA:11,39
DA:12,39
DA:13,39
DA:14,39
DA:15,1
DA:16,93
DA:17,93
DA:18,93
DA:19,93
DA:20,93
DA:21,93
DA:22,93
DA:23,93
DA:24,93
DA:25,93
DA:26,1
DA:27,1
DA:28,93
DA:29,1
DA:30,194
DA:31,194
DA:32,194
DA:33,194
DA:34,159
DA:35,159
DA:36,194
DA:37,9
DA:38,9
DA:39,194
DA:40,1
DA:41,10
DA:42,10
DA:43,10
DA:44,10
DA:45,10
DA:46,10
DA:47,10
DA:48,10
DA:49,10
DA:50,5
DA:51,10
DA:52,1
DA:53,188
DA:54,188
DA:55,114
DA:56,188
DA:57,114
DA:58,188
DA:59,188
DA:60,1
DA:61,151
DA:62,151
DA:63,151
DA:64,37
DA:65,151
DA:66,1
DA:67,4
DA:68,4
DA:69,4
DA:70,4
DA:71,4
DA:72,4
DA:73,4
DA:74,4
DA:75,2
DA:76,2
DA:77,2
DA:78,2
DA:79,2
DA:80,2
DA:81,2
DA:82,4
DA:83,4
DA:84,1
DA:85,1
DA:86,1
DA:87,1
DA:88,1
DA:89,1
DA:90,1
DA:91,1
DA:92,4
DA:93,1
DA:94,2
DA:95,2
DA:96,2
DA:97,2
DA:98,2
DA:99,1
DA:100,1
DA:101,1
DA:102,1
DA:103,1
DA:104,2
DA:105,2
DA:106,1
DA:107,24
DA:108,24
DA:109,24
DA:110,1
DA:111,48
DA:112,48
DA:113,48
DA:114,48
DA:115,48
DA:116,49
DA:117,49
DA:118,49
DA:119,3
DA:120,3
DA:121,2
DA:122,2
DA:123,1
DA:124,1
DA:125,49
DA:126,48
DA:127,48
DA:128,1
DA:129,94
DA:130,94
DA:131,94
DA:132,94
DA:133,94
DA:134,94
DA:135,94
DA:136,94
DA:137,94
DA:138,1
DA:139,84
DA:140,84
DA:141,84
DA:142,84
DA:143,84
DA:144,84
DA:145,1
DA:146,32
DA:147,32
DA:148,32
DA:149,32
DA:150,32
DA:151,32
DA:152,32
DA:153,32
DA:154,32
DA:155,24
DA:156,32
DA:157,32
DA:158,32
DA:159,32
DA:160,32
DA:161,25
DA:162,32
DA:163,32
DA:164,32
DA:165,32
DA:166,32
DA:167,32
DA:168,32
DA:169,32
DA:170,32
DA:171,25
DA:172,32
DA:173,32
DA:174,32
DA:175,32
DA:176,1
DA:177,32
DA:178,32
DA:179,32
DA:180,32
DA:181,32
DA:182,32
DA:183,1
DA:184,24
DA:185,24
DA:186,24
DA:187,24
DA:188,24
DA:189,24
DA:190,24
DA:191,24
DA:192,24
DA:193,24
DA:194,24
DA:195,24
DA:196,24
DA:197,24
DA:198,24
DA:199,24
DA:200,24
DA:201,24
DA:202,24
DA:203,24
DA:204,24
DA:205,24
DA:206,24
DA:207,24
DA:208,24
DA:209,21
DA:210,24
DA:211,24
DA:212,24
DA:213,24
DA:214,24
DA:215,24
DA:216,24
DA:217,24
DA:218,19
DA:219,24
DA:220,24
DA:221,24
DA:222,24
DA:223,24
DA:224,24
DA:225,1
DA:226,7
DA:227,7
DA:228,7
DA:229,7
DA:230,7
DA:231,7
DA:232,7
DA:233,4
DA:234,4
DA:235,4
DA:236,4
DA:237,4
DA:238,4
DA:239,4
DA:240,7
DA:241,3
DA:242,3
DA:243,3
DA:244,3
DA:245,3
DA:246,7
DA:247,7
DA:248,1
DA:249,6
DA:250,6
DA:251,6
DA:252,6
DA:253,6
DA:254,6
DA:255,6
DA:256,6
DA:257,6
DA:258,6
DA:259,6
DA:260,6
DA:261,6
DA:262,6
DA:263,6
DA:264,6
DA:265,1
DA:266,1
DA:267,5
DA:268,2
DA:269,2
DA:270,2
DA:271,5
DA:272,5
DA:273,5
DA:274,5
DA:275,5
DA:276,3
DA:277,3
DA:278,5
DA:279,2
DA:280,2
DA:281,5
DA:282,5
DA:283,5
DA:284,6
DA:285,2
DA:286,2
DA:287,5
DA:288,5
DA:289,6
DA:290,3
DA:291,3
DA:292,3
DA:293,5
DA:294,5
DA:295,6
DA:296,1
DA:297,1
DA:298,5
DA:299,5
DA:300,6
DA:301,1
DA:302,1
DA:303,5
DA:304,5
DA:305,5
DA:306,5
DA:307,5
DA:308,5
DA:309,5
DA:310,5
DA:311,5
DA:312,5
DA:313,5
DA:314,6
DA:315,1
DA:316,2
DA:317,2
DA:318,2
DA:319,2
DA:320,2
DA:321,2
DA:322,2
DA:323,2
DA:324,3
DA:325,3
DA:326,1
DA:327,3
DA:328,3
DA:329,1
DA:330,1
DA:331,1
DA:332,2
DA:333,1
DA:334,7
DA:335,7
DA:336,7
DA:337,7
DA:338,7
DA:339,7
DA:340,7
DA:341,1
DA:342,7
DA:343,1
DA:344,5
DA:345,5
DA:346,5
DA:347,5
DA:348,5
DA:349,5
DA:350,5
DA:351,4
DA:352,5
DA:353,1
DA:354,3
DA:355,3
DA:356,3
DA:357,3
DA:358,3
DA:359,3
DA:360,1
DA:361,12
DA:362,12
DA:363,5
DA:364,1
DA:365,1
DA:366,5
DA:367,1
DA:368,1
DA:369,5
DA:370,5
DA:371,2
DA:372,2
DA:373,2
DA:374,2
DA:375,2
DA:376,2
DA:377,2
DA:378,2
DA:379,2
DA:380,7
DA:381,12
DA:382,6
DA:383,6
DA:384,6
DA:385,6
DA:386,1
DA:387,1
DA:388,6
DA:389,1
DA:390,1
DA:391,6
DA:392,1
DA:393,1
DA:394,3
DA:395,3
DA:396,3
DA:397,3
DA:398,3
DA:399,3
DA:400,3
DA:401,3
DA:402,3
DA:403,3
DA:404,1
DA:405,1
DA:406,12
DA:407,1
DA:408,24
DA:409,24
DA:410,24
DA:411,7
DA:412,24
DA:413,4
DA:414,4
DA:415,4
DA:416,3
DA:417,3
DA:418,3
DA:419,3
DA:420,3
DA:421,4
DA:422,24
DA:423,6
DA:424,24
DA:425,10
DA:426,10
DA:427,9
DA:428,9
DA:429,9
DA:430,9
DA:431,10
DA:432,10
DA:433,10
DA:434,10
DA:435,10
DA:436,1
DA:437,1
DA:438,1
DA:439,1
DA:440,1
DA:441,1
DA:442,1
DA:443,1
DA:444,1
DA:445,1
DA:446,1
DA:447,1
DA:448,1
DA:449,10
DA:450,24
DA:451,4
DA:452,4
DA:453,2
DA:454,24
DA:455,1
DA:456,3
DA:457,3
DA:458,3
DA:459,3
DA:460,3
DA:461,3
DA:462,3
DA:463,3
DA:464,3
DA:465,3
DA:466,3
DA:467,3
DA:468,1
DA:469,3
DA:470,3
DA:471,3
DA:472,3
DA:473,3
DA:474,1
DA:475,3
DA:476,1
DA:477,4
DA:478,4
DA:479,4
DA:480,4
DA:481,4
DA:482,4
DA:483,4
DA:484,4
DA:485,4
DA:486,4
DA:487,4
DA:488,4
DA:489,4
DA:490,4
DA:491,4
DA:492,4
DA:493,4
DA:494,4
DA:495,4
DA:496,4
DA:497,4
DA:498,4
DA:499,4
DA:500,4
DA:501,4
DA:502,4
DA:503,3
DA:504,3
DA:505,3
DA:506,4
DA:507,1
DA:508,1
DA:509,1
DA:510,1
DA:511,4
DA:512,1
DA:513,5
DA:514,5
DA:515,4
DA:516,4
DA:517,5
DA:518,5
DA:519,2
DA:520,2
DA:521,2
DA:522,5
DA:523,1
DA:524,1
DA:525,1
DA:526,2
DA:527,2
DA:528,2
DA:529,2
DA:530,2
DA:531,2
DA:532,5
DA:533,1
DA:534,1
DA:535,1
DA:536,1
DA:537,5
DA:538,4
DA:539,5
DA:540,1
DA:541,46
DA:542,46
DA:543,46
DA:544,1
DA:545,33
DA:546,33
DA:547,33
DA:548,1
DA:549,19
DA:550,19
DA:551,19
DA:552,1
DA:553,19
DA:554,19
DA:555,19
DA:556,19
DA:557,19
DA:558,19
DA:559,19
DA:560,22
DA:561,22
DA:562,22
DA:563,22
DA:564,22
DA:565,7
DA:566,1
DA:567,1
DA:568,6
DA:569,6
DA:570,7
DA:571,7
DA:572,7
DA:573,3
DA:574,3
DA:575,3
DA:576,7
DA:577,2
DA:578,2
DA:579,2
DA:580,2
DA:581,1
DA:582,1
DA:583,2
DA:584,1
DA:585,1
DA:586,22
DA:587,1
DA:588,19
DA:589,1
DA:590,16
DA:591,16
DA:592,16
DA:593,16
DA:594,16
DA:595,16
DA:596,1
DA:597,1
DA:598,16
DA:599,16
DA:600,16
DA:601,1
DA:602,1
DA:603,16
DA:604,1
DA:605,15
DA:606,15
DA:607,15
DA:608,15
DA:609,15
DA:610,15
DA:611,15
DA:612,12
DA:613,12
DA:614,3
DA:615,15
DA:616,1
DA:617,1
DA:618,2
DA:619,15
DA:620,1
DA:621,1
DA:622,1
DA:623,15
DA:624,1
DA:625,18
DA:626,18
DA:627,18
DA:628,18
DA:629,18
DA:630,3
DA:631,3
DA:632,15
DA:633,15
DA:634,15
DA:635,18
DA:636,1
DA:637,1
DA:638,18
DA:639,1
DA:640,24
DA:641,24
DA:642,24
DA:643,24
DA:644,24
DA:645,24
DA:646,24
DA:647,24
DA:648,2
DA:649,2
DA:650,22
DA:651,24
DA:652,24
DA:653,24
DA:654,24
DA:655,24
DA:656,222
DA:657,222
DA:658,222
DA:659,174
DA:660,24
DA:661,24
DA:662,24
DA:663,1
DA:664,22
DA:665,22
DA:666,22
DA:667,22
DA:668,22
DA:669,22
DA:670,22
DA:671,22
DA:672,2
DA:673,2
DA:674,22
DA:675,22
DA:676,22
DA:677,22
DA:678,1
DA:679,24
DA:680,24
DA:681,24
DA:682,24
DA:683,24
DA:684,24
DA:685,24
DA:686,24
DA:687,24
DA:688,24
DA:689,24
DA:690,24
DA:691,24
DA:692,24
DA:693,24
DA:694,24
DA:695,24
DA:696,24
DA:697,24
DA:698,24
DA:699,24
DA:700,24
DA:701,24
DA:702,24
DA:703,24
DA:704,24
DA:705,24
DA:706,24
DA:707,24
DA:708,24
DA:709,24
DA:710,174
DA:711,174
DA:712,174
DA:713,24
DA:714,24
DA:715,24
DA:716,24
DA:717,24
DA:718,24
DA:719,24
DA:720,24
DA:721,24
DA:722,24
DA:723,24
DA:724,24
DA:725,24
DA:726,24
DA:727,24
DA:728,24
DA:729,24
DA:730,24
DA:731,24
DA:732,24
DA:733,23
DA:734,24
DA:735,24
DA:736,23
DA:737,24
DA:738,24
DA:739,24
DA:740,24
DA:741,1
DA:742,36
DA:743,36
DA:744,36
DA:745,36
DA:746,36
DA:747,36
DA:748,36
DA:749,4
DA:750,4
DA:751,36
DA:752,35
DA:753,36
DA:754,36
DA:755,3
DA:756,3
DA:757,3
DA:758,3
DA:759,3
DA:760,3
DA:761,32
DA:762,36
DA:763,1
DA:764,2
DA:765,2
DA:766,2
DA:767,2
DA:768,2
DA:769,2
DA:770,2
DA:771,2
DA:772,2
DA:773,1
DA:774,1
DA:775,1
DA:776,2
DA:777,1
DA:778,34
DA:779,34
DA:780,34
DA:781,34
DA:782,34
DA:783,34
DA:784,34
DA:785,34
DA:786,34
DA:787,34
DA:788,34
DA:789,34
DA:790,34
DA:791,34
DA:792,34
DA:793,34
DA:794,33
DA:795,34
DA:796,34
DA:797,2
DA:798,2
DA:799,31
DA:800,34
DA:801,1
DA:802,12
DA:803,12
DA:804,12
DA:805,12
DA:806,12
DA:807,12
DA:808,12
DA:809,12
DA:810,12
DA:811,12
DA:812,12
DA:813,12
DA:814,12
DA:815,7
DA:816,12
DA:817,12
DA:818,3
DA:819,3
DA:820,4
DA:821,12
DA:822,1
DA:823,1
DA:824,1
DA:825,1
DA:826,1
DA:827,1
DA:828,1
DA:829,1
DA:830,1
DA:831,1
DA:832,1
DA:833,1
DA:834,1
DA:835,1
DA:836,1
DA:837,1
DA:838,1
DA:839,1
DA:840,1
DA:841,1
DA:842,1
DA:843,1
DA:844,1
DA:845,1
DA:846,1
DA:847,1
DA:848,1
DA:849,1
DA:850,1
DA:851,1
DA:852,1
DA:853,1
DA:854,1
DA:855,1
DA:856,1
DA:857,1
DA:858,1
DA:859,1
DA:860,1
DA:861,1
DA:862,1
DA:863,1
DA:864,1
DA:865,1
DA:866,1
LF:866
LH:866
BRDA:1,0,0,1
BRDA:1,1,0,251
BRDA:2,2,0,93
BRDA:2,3,0,158
BRDA:3,4,0,93
BRDA:3,5,0,0
BRDA:4,6,0,93
BRDA:8,7,0,39
BRDA:16,8,0,93
BRDA:25,9,0,1
BRDA:30,10,0,194
BRDA:31,11,0,35
BRDA:32,12,0,159
BRDA:32,13,0,0
BRDA:32,14,0,0
BRDA:33,15,0,159
BRDA:33,16,0,0
BRDA:34,17,0,159
BRDA:36,18,0,9
BRDA:41,19,0,10
BRDA:42,20,0,0
BRDA:43,21,0,0
BRDA:44,22,0,5
BRDA:45,23,0,0
BRDA:46,24,0,5
BRDA:46,25,0,0
BRDA:47,26,0,5
BRDA:47,27,0,0
BRDA:48,28,0,5
BRDA:48,29,0,0
BRDA:49,30,0,5
BRDA:49,31,0,0
BRDA:50,32,0,5
BRDA:53,33,0,188
BRDA:54,34,0,114
BRDA:54,35,0,74
BRDA:55,36,0,114
BRDA:56,37,0,0
BRDA:57,38,0,114
BRDA:58,39,0,114
BRDA:58,40,0,114
BRDA:58,41,0,114
BRDA:61,42,0,151
BRDA:62,43,0,114
BRDA:63,44,0,37
BRDA:63,45,0,0
BRDA:64,46,0,37
BRDA:67,47,0,4
BRDA:69,48,0,2
BRDA:70,49,0,2
BRDA:71,50,0,2
BRDA:72,51,0,2
BRDA:74,52,0,2
BRDA:77,53,0,1
BRDA:77,54,0,1
BRDA:83,55,0,1
BRDA:83,56,0,1
BRDA:86,57,0,0
BRDA:87,58,0,0
BRDA:94,59,0,2
BRDA:96,60,0,0
BRDA:98,61,0,1
BRDA:99,62,0,0
BRDA:104,63,0,1
BRDA:104,64,0,1
BRDA:107,65,0,24
BRDA:108,66,0,24
BRDA:111,67,0,48
BRDA:112,68,0,0
BRDA:113,69,0,0
BRDA:115,70,0,49
BRDA:118,71,0,3
BRDA:120,72,0,1
BRDA:120,73,0,2
BRDA:123,74,0,1
BRDA:126,75,0,0
BRDA:129,76,0,94
BRDA:131,77,0,0
BRDA:133,78,0,0
BRDA:139,79,0,84
BRDA:142,80,0,0
BRDA:146,81,0,32
BRDA:148,82,0,24
BRDA:148,83,0,24
BRDA:152,84,0,24
BRDA:153,85,0,24
BRDA:154,86,0,24
BRDA:158,87,0,25
BRDA:159,88,0,25
BRDA:160,89,0,25
BRDA:164,90,0,26
BRDA:164,91,0,26
BRDA:168,92,0,25
BRDA:169,93,0,25
BRDA:170,94,0,25
BRDA:173,95,0,0
BRDA:177,96,0,32
BRDA:178,97,0,28
BRDA:178,98,0,4
BRDA:184,99,0,24
BRDA:186,100,0,17
BRDA:186,101,0,17
BRDA:190,102,0,20
BRDA:190,103,0,20
BRDA:199,104,0,0
BRDA:206,105,0,21
BRDA:207,106,0,21
BRDA:208,107,0,21
BRDA:215,108,0,19
BRDA:216,109,0,19
BRDA:217,110,0,19
BRDA:212,111,0,66
BRDA:213,112,0,66
BRDA:221,113,0,62
BRDA:222,114,0,62
BRDA:226,115,0,7
BRDA:228,116,0,0
BRDA:232,117,0,4
BRDA:236,118,0,2
BRDA:237,119,0,0
BRDA:240,120,0,3
BRDA:249,121,0,6
BRDA:250,122,0,0
BRDA:256,123,0,5
BRDA:257,124,0,5
BRDA:258,125,0,5
BRDA:259,126,0,5
BRDA:260,127,0,5
BRDA:264,128,0,1
BRDA:267,129,0,5
BRDA:284,130,0,3
BRDA:284,131,0,3
BRDA:284,132,0,3
BRDA:284,133,0,3
BRDA:284,134,0,2
BRDA:287,135,0,5
BRDA:289,136,0,3
BRDA:289,137,0,2
BRDA:289,138,0,2
BRDA:289,139,0,3
BRDA:293,140,0,5
BRDA:295,141,0,4
BRDA:295,142,0,4
BRDA:295,143,0,1
BRDA:298,144,0,5
BRDA:300,145,0,4
BRDA:300,146,0,1
BRDA:303,147,0,5
BRDA:309,148,0,0
BRDA:253,149,0,98
BRDA:267,150,0,2
BRDA:269,151,0,0
BRDA:272,152,0,5
BRDA:275,153,0,3
BRDA:278,154,0,2
BRDA:316,155,0,2
BRDA:317,156,0,0
BRDA:318,157,0,0
BRDA:323,158,0,3
BRDA:325,159,0,1
BRDA:325,160,0,2
BRDA:326,161,0,1
BRDA:327,162,0,0
BRDA:328,163,0,1
BRDA:328,164,0,0
BRDA:329,165,0,1
BRDA:331,166,0,1
BRDA:334,167,0,7
BRDA:335,168,0,0
BRDA:336,169,0,0
BRDA:337,170,0,0
BRDA:338,171,0,6
BRDA:339,172,0,1
BRDA:339,173,0,0
BRDA:341,174,0,1
BRDA:344,175,0,5
BRDA:345,176,0,0
BRDA:346,177,0,0
BRDA:347,178,0,0
BRDA:348,179,0,1
BRDA:349,180,0,4
BRDA:349,181,0,0
BRDA:350,182,0,4
BRDA:350,183,0,0
BRDA:351,184,0,4
BRDA:354,185,0,3
BRDA:355,186,0,0
BRDA:361,187,0,12
BRDA:362,188,0,5
BRDA:363,189,0,1
BRDA:366,190,0,4
BRDA:366,191,0,1
BRDA:369,192,0,3
BRDA:369,193,0,0
BRDA:371,194,0,2
BRDA:380,195,0,7
BRDA:381,196,0,6
BRDA:385,197,0,1
BRDA:388,198,0,5
BRDA:388,199,0,1
BRDA:391,200,0,4
BRDA:391,201,0,1
BRDA:394,202,0,3
BRDA:404,203,0,1
BRDA:408,204,0,24
BRDA:410,205,0,17
BRDA:411,206,0,7
BRDA:412,207,0,4
BRDA:412,208,0,4
BRDA:415,209,0,3
BRDA:422,210,0,7
BRDA:422,211,0,1
BRDA:423,212,0,6
BRDA:424,213,0,10
BRDA:427,214,0,9
BRDA:431,215,0,5
BRDA:431,216,0,0
BRDA:433,217,0,4
BRDA:435,218,0,1
BRDA:439,219,0,0
BRDA:439,220,0,0
BRDA:440,221,0,0
BRDA:445,222,0,0
BRDA:445,223,0,0
BRDA:446,224,0,0
BRDA:450,225,0,6
BRDA:450,226,0,4
BRDA:453,227,0,2
BRDA:450,228,0,9
BRDA:456,229,0,3
BRDA:466,230,0,0
BRDA:469,231,0,3
BRDA:470,232,0,0
BRDA:471,233,0,0
BRDA:472,234,0,1
BRDA:473,235,0,2
BRDA:473,236,0,1
BRDA:477,237,0,4
BRDA:479,238,0,0
BRDA:480,239,0,0
BRDA:480,240,0,0
BRDA:490,241,0,0
BRDA:501,242,0,0
BRDA:502,243,0,3
BRDA:502,244,0,0
BRDA:503,245,0,3
BRDA:506,246,0,1
BRDA:506,247,0,2
BRDA:507,248,0,1
BRDA:513,249,0,5
BRDA:514,250,0,1
BRDA:514,251,0,0
BRDA:515,252,0,4
BRDA:518,253,0,3
BRDA:518,254,0,2
BRDA:522,255,0,3
BRDA:522,256,0,1
BRDA:526,257,0,2
BRDA:532,258,0,1
BRDA:538,259,0,4
BRDA:541,260,0,46
BRDA:542,261,0,38
BRDA:545,262,0,33
BRDA:546,263,0,8
BRDA:549,264,0,19
BRDA:550,265,0,3
BRDA:553,266,0,19
BRDA:559,267,0,22
BRDA:564,268,0,7
BRDA:565,269,0,1
BRDA:568,270,0,6
BRDA:570,271,0,0
BRDA:571,272,0,0
BRDA:572,273,0,4
BRDA:572,274,0,0
BRDA:572,275,0,3
BRDA:576,276,0,2
BRDA:580,277,0,1
BRDA:584,278,0,1
BRDA:587,279,0,1
BRDA:590,280,0,16
BRDA:591,281,0,0
BRDA:595,282,0,1
BRDA:600,283,0,1
BRDA:605,284,0,15
BRDA:611,285,0,12
BRDA:614,286,0,3
BRDA:615,287,0,2
BRDA:615,288,0,1
BRDA:618,289,0,2
BRDA:619,290,0,1
BRDA:625,291,0,18
BRDA:629,292,0,3
BRDA:632,293,0,15
BRDA:635,294,0,1
BRDA:640,295,0,24
BRDA:641,296,0,0
BRDA:647,297,0,2
BRDA:650,298,0,22
BRDA:651,299,0,0
BRDA:652,300,0,22
BRDA:652,301,0,21
BRDA:652,302,0,1
BRDA:655,303,0,222
BRDA:656,304,0,0
BRDA:657,305,0,0
BRDA:658,306,0,48
BRDA:659,307,0,174
BRDA:664,308,0,22
BRDA:665,309,0,0
BRDA:670,310,0,0
BRDA:671,311,0,2
BRDA:674,312,0,0
BRDA:679,313,0,24
BRDA:681,314,0,0
BRDA:682,315,0,0
BRDA:682,316,0,0
BRDA:709,317,0,174
BRDA:710,318,0,87
BRDA:710,319,0,0
BRDA:714,320,0,0
BRDA:714,321,0,6
BRDA:714,322,0,18
BRDA:720,323,0,0
BRDA:732,324,0,1
BRDA:733,325,0,23
BRDA:734,326,0,23
BRDA:734,327,0,23
BRDA:734,328,0,23
BRDA:735,329,0,0
BRDA:736,330,0,23
BRDA:742,331,0,36
BRDA:744,332,0,0
BRDA:748,333,0,4
BRDA:752,334,0,35
BRDA:753,335,0,0
BRDA:754,336,0,32
BRDA:754,337,0,3
BRDA:755,338,0,0
BRDA:756,339,0,0
BRDA:761,340,0,32
BRDA:764,341,0,2
BRDA:766,342,0,0
BRDA:771,343,0,1
BRDA:772,344,0,1
BRDA:772,345,0,1
BRDA:778,346,0,34
BRDA:780,347,0,0
BRDA:785,348,0,0
BRDA:787,349,0,10
BRDA:794,350,0,33
BRDA:795,351,0,2
BRDA:796,352,0,31
BRDA:796,353,0,2
BRDA:799,354,0,31
BRDA:802,355,0,12
BRDA:804,356,0,0
BRDA:815,357,0,7
BRDA:816,358,0,3
BRDA:817,359,0,4
BRDA:817,360,0,3
BRDA:820,361,0,4
BRF:362
BRH:274
end_of_record
TN:
SF:examples/functions/node/telegram-ai-reply/app.js
FN:58,exports.handler
FNF:1
FNH:1
FNDA:39,exports.handler
DA:1,1
DA:2,1
DA:3,1
DA:4,1
DA:5,1
DA:6,1
DA:7,1
DA:8,1
DA:9,1
DA:10,1
DA:11,1
DA:12,1
DA:13,1
DA:14,1
DA:15,1
DA:16,1
DA:17,1
DA:18,1
DA:19,1
DA:20,1
DA:21,1
DA:22,1
DA:23,1
DA:24,1
DA:25,1
DA:26,1
DA:27,1
DA:28,1
DA:29,1
DA:30,1
DA:31,1
DA:32,1
DA:33,1
DA:34,1
DA:35,1
DA:36,1
DA:37,1
DA:38,1
DA:39,1
DA:40,1
DA:41,1
DA:42,1
DA:43,1
DA:44,1
DA:45,1
DA:46,1
DA:47,1
DA:48,1
DA:49,1
DA:50,1
DA:51,1
DA:52,1
DA:53,1
DA:54,1
DA:55,1
DA:56,1
DA:57,1
DA:58,1
DA:59,39
DA:60,39
DA:61,39
DA:62,39
DA:63,39
DA:64,39
DA:65,39
DA:66,39
DA:67,39
DA:68,39
DA:69,39
DA:70,39
DA:71,39
DA:72,39
DA:73,39
DA:74,39
DA:75,39
DA:76,39
DA:77,39
DA:78,39
DA:79,39
DA:80,39
DA:81,39
DA:82,39
DA:83,39
DA:84,39
DA:85,18
DA:86,1
DA:87,1
DA:88,18
DA:89,1
DA:90,1
DA:91,1
DA:92,1
DA:93,1
DA:94,1
DA:95,1
DA:96,1
DA:97,1
DA:98,18
DA:99,18
DA:100,18
DA:101,18
DA:102,18
DA:103,18
DA:104,18
DA:105,18
DA:106,18
DA:107,18
DA:108,18
DA:109,18
DA:110,18
DA:111,18
DA:112,18
DA:113,18
DA:114,18
DA:115,2
DA:116,2
DA:117,2
DA:118,2
DA:119,2
DA:120,2
DA:121,2
DA:122,2
DA:123,2
DA:124,2
DA:125,2
DA:126,2
DA:127,2
DA:128,2
DA:129,2
DA:130,2
DA:131,2
DA:132,2
DA:133,2
DA:134,2
DA:135,2
DA:136,14
DA:137,14
DA:138,14
DA:139,18
DA:140,1
DA:141,1
DA:142,1
DA:143,1
DA:144,1
DA:145,1
DA:146,1
DA:147,1
DA:148,1
DA:149,1
DA:150,1
DA:151,13
DA:152,13
DA:153,18
DA:154,5
DA:155,5
DA:156,13
DA:157,13
DA:158,13
DA:159,18
DA:160,18
DA:161,18
DA:162,2
DA:163,1
DA:164,18
DA:165,11
DA:166,11
DA:167,11
DA:168,1
DA:169,1
DA:170,1
DA:171,11
DA:172,18
DA:173,2
DA:174,1
DA:175,1
DA:176,1
DA:177,1
DA:178,1
DA:179,1
DA:180,2
DA:181,2
DA:182,12
DA:183,12
DA:184,12
DA:185,12
DA:186,18
DA:187,25
DA:188,25
DA:189,25
DA:190,25
DA:191,3
DA:192,2
DA:193,2
DA:194,2
DA:195,2
DA:196,2
DA:197,2
DA:198,1
DA:199,1
DA:200,1
DA:201,3
DA:202,3
DA:203,3
DA:204,3
DA:205,3
DA:206,1
DA:207,1
DA:208,25
DA:209,25
DA:210,11
DA:211,11
DA:212,11
DA:213,11
DA:214,11
DA:215,11
DA:216,11
DA:217,11
DA:218,2
DA:219,2
DA:220,11
DA:221,9
DA:222,9
DA:223,1
DA:224,1
DA:225,8
DA:226,8
DA:227,8
DA:228,9
DA:229,5
DA:230,5
DA:231,1
DA:232,5
DA:233,4
DA:234,4
DA:235,4
DA:236,3
DA:237,2
DA:238,2
DA:239,3
DA:240,1
DA:241,1
DA:242,3
DA:243,2
DA:244,2
DA:245,2
DA:246,4
DA:247,5
DA:248,2
DA:249,2
DA:250,2
DA:251,2
DA:252,2
DA:253,2
DA:254,2
DA:255,2
DA:256,1
DA:257,1
DA:258,1
DA:259,2
DA:260,2
DA:261,5
DA:262,8
DA:263,8
DA:264,8
DA:265,8
DA:266,8
DA:267,8
DA:268,8
DA:269,8
DA:270,8
DA:271,8
DA:272,8
DA:273,8
DA:274,8
DA:275,8
DA:276,8
DA:277,7
DA:278,7
DA:279,7
DA:280,7
DA:281,7
DA:282,7
DA:283,9
DA:284,1
DA:285,1
DA:286,1
DA:287,1
DA:288,1
DA:289,1
DA:290,1
DA:291,1
DA:292,1
DA:293,1
DA:294,1
DA:295,7
DA:296,7
DA:297,7
DA:298,7
DA:299,7
DA:300,7
DA:301,7
DA:302,7
DA:303,7
DA:304,7
DA:305,7
DA:306,7
DA:307,7
DA:308,9
DA:309,9
DA:310,9
DA:311,9
DA:312,9
DA:313,6
DA:314,6
DA:315,6
DA:316,6
DA:317,6
DA:318,6
DA:319,6
DA:320,6
DA:321,6
DA:322,6
DA:323,6
DA:324,6
DA:325,9
DA:326,11
DA:327,16
DA:328,16
DA:329,3
DA:330,3
DA:331,3
DA:332,3
DA:333,18
DA:334,18
DA:335,18
DA:336,18
DA:337,18
DA:338,18
DA:339,18
DA:340,18
DA:341,18
DA:342,18
DA:343,18
DA:344,18
DA:345,18
DA:346,18
DA:347,13
DA:348,13
DA:349,18
DA:350,18
DA:351,1
DA:352,1
DA:353,1
DA:354,1
DA:355,1
DA:356,1
DA:357,18
DA:358,21
DA:359,21
DA:360,21
DA:361,21
DA:362,21
DA:363,39
DA:364,4
DA:365,39
DA:366,17
DA:367,17
DA:368,17
DA:369,17
DA:370,17
DA:371,17
DA:372,17
DA:373,17
DA:374,39
DA:375,1
DA:376,1
DA:377,39
DA:378,1
DA:379,1
DA:380,19
DA:381,39
DA:382,3
DA:383,3
DA:384,3
DA:385,3
DA:386,3
DA:387,3
DA:388,3
DA:389,3
DA:390,3
DA:391,3
DA:392,3
DA:393,3
DA:394,16
DA:395,16
DA:396,16
DA:397,16
DA:398,16
DA:399,39
DA:400,4
DA:401,4
DA:402,1
DA:403,4
DA:404,3
DA:405,3
DA:406,3
DA:407,2
DA:408,1
DA:409,1
DA:410,1
DA:411,1
DA:412,1
DA:413,2
DA:414,1
DA:415,1
DA:416,1
DA:417,3
DA:418,4
DA:419,2
DA:420,2
DA:421,2
DA:422,2
DA:423,2
DA:424,2
DA:425,2
DA:426,2
DA:427,1
DA:428,1
DA:429,1
DA:430,2
DA:431,2
DA:432,4
DA:433,16
DA:434,16
DA:435,16
DA:436,16
DA:437,16
DA:438,16
DA:439,16
DA:440,16
DA:441,16
DA:442,16
DA:443,16
DA:444,16
DA:445,16
DA:446,16
DA:447,16
DA:448,16
DA:449,16
DA:450,16
DA:451,15
DA:452,15
DA:453,15
DA:454,15
DA:455,15
DA:456,15
DA:457,15
DA:458,15
DA:459,15
DA:460,39
DA:461,39
DA:462,39
DA:463,39
DA:464,39
DA:465,39
DA:466,39
DA:467,39
DA:468,39
DA:469,39
DA:470,1
DA:471,1
DA:472,1
DA:473,1
DA:474,1
DA:475,1
DA:476,1
DA:477,1
LF:477
LH:477
BRDA:1,0,0,1
BRDA:58,1,0,39
BRDA:59,2,0,0
BRDA:60,3,0,10
BRDA:61,4,0,0
BRDA:62,5,0,4
BRDA:63,6,0,38
BRDA:63,7,0,38
BRDA:67,8,0,0
BRDA:78,9,0,4
BRDA:78,10,0,4
BRDA:79,11,0,22
BRDA:79,12,0,22
BRDA:80,13,0,21
BRDA:81,14,0,21
BRDA:84,15,0,18
BRDA:85,16,0,1
BRDA:88,17,0,17
BRDA:88,18,0,2
BRDA:88,19,0,1
BRDA:98,20,0,16
BRDA:98,21,0,8
BRDA:98,22,0,8
BRDA:98,23,0,8
BRDA:100,24,0,14
BRDA:100,25,0,14
BRDA:100,26,0,14
BRDA:104,27,0,4
BRDA:105,28,0,12
BRDA:107,29,0,0
BRDA:107,30,0,0
BRDA:108,31,0,6
BRDA:109,32,0,8
BRDA:109,33,0,8
BRDA:114,34,0,2
BRDA:117,35,0,1
BRDA:117,36,0,1
BRDA:125,37,0,1
BRDA:125,38,0,1
BRDA:132,39,0,1
BRDA:133,40,0,1
BRDA:136,41,0,14
BRDA:139,42,0,1
BRDA:144,43,0,0
BRDA:151,44,0,13
BRDA:153,45,0,7
BRDA:153,46,0,5
BRDA:153,47,0,5
BRDA:156,48,0,13
BRDA:159,49,0,1
BRDA:159,50,0,12
BRDA:161,51,0,2
BRDA:163,52,0,1
BRDA:164,53,0,12
BRDA:164,54,0,11
BRDA:166,55,0,10
BRDA:166,56,0,0
BRDA:167,57,0,1
BRDA:167,58,0,1
BRDA:172,59,0,2
BRDA:173,60,0,1
BRDA:174,61,0,0
BRDA:182,62,0,12
BRDA:186,63,0,25
BRDA:189,64,0,4
BRDA:189,65,0,21
BRDA:190,66,0,22
BRDA:190,67,0,3
BRDA:191,68,0,2
BRDA:192,69,0,0
BRDA:198,70,0,1
BRDA:201,71,0,1
BRDA:201,72,0,0
BRDA:206,73,0,1
BRDA:208,74,0,22
BRDA:208,75,0,22
BRDA:208,76,0,0
BRDA:209,77,0,11
BRDA:213,78,0,0
BRDA:213,79,0,0
BRDA:215,80,0,0
BRDA:215,81,0,0
BRDA:216,82,0,0
BRDA:217,83,0,9
BRDA:217,84,0,2
BRDA:220,85,0,9
BRDA:220,86,0,9
BRDA:220,87,0,7
BRDA:220,88,0,9
BRDA:221,89,0,0
BRDA:221,90,0,0
BRDA:222,91,0,1
BRDA:225,92,0,8
BRDA:228,93,0,5
BRDA:228,94,0,5
BRDA:230,95,0,1
BRDA:231,96,0,0
BRDA:232,97,0,4
BRDA:235,98,0,1
BRDA:235,99,0,3
BRDA:236,100,0,2
BRDA:239,101,0,1
BRDA:239,102,0,1
BRDA:243,103,0,2
BRDA:247,104,0,2
BRDA:251,105,0,0
BRDA:255,106,0,0
BRDA:256,107,0,1
BRDA:262,108,0,8
BRDA:277,109,0,7
BRDA:283,110,0,1
BRDA:288,111,0,0
BRDA:289,112,0,0
BRDA:295,113,0,7
BRDA:308,114,0,0
BRDA:309,115,0,0
BRDA:312,116,0,6
BRDA:318,117,0,2
BRDA:318,118,0,4
BRDA:327,119,0,16
BRDA:329,120,0,3
BRDA:333,121,0,2
BRDA:333,122,0,1
BRDA:336,123,0,3
BRDA:336,124,0,0
BRDA:341,125,0,2
BRDA:341,126,0,1
BRDA:346,127,0,13
BRDA:350,128,0,1
BRDA:353,129,0,0
BRDA:355,130,0,0
BRDA:358,131,0,21
BRDA:363,132,0,4
BRDA:365,133,0,17
BRDA:366,134,0,0
BRDA:369,135,0,0
BRDA:370,136,0,0
BRDA:374,137,0,21
BRDA:374,138,0,1
BRDA:377,139,0,20
BRDA:377,140,0,1
BRDA:380,141,0,19
BRDA:381,142,0,3
BRDA:394,143,0,16
BRDA:399,144,0,4
BRDA:399,145,0,4
BRDA:401,146,0,1
BRDA:403,147,0,3
BRDA:406,148,0,1
BRDA:406,149,0,2
BRDA:407,150,0,1
BRDA:410,151,0,0
BRDA:414,152,0,1
BRDA:418,153,0,2
BRDA:422,154,0,0
BRDA:427,155,0,1
BRDA:433,156,0,16
BRDA:451,157,0,15
BRDA:467,158,0,15
BRDA:469,159,0,1
BRDA:473,160,0,0
BRDA:475,161,0,0
BRDA:267,162,0,8
BRDA:270,163,0,0
BRDA:279,164,0,7
BRDA:279,165,0,0
BRDA:435,166,0,16
BRDA:438,167,0,0
BRDA:447,168,0,16
BRF:169
BRH:131
end_of_record
TN:
SF:examples/functions/node/telegram-send/app.js
FN:1,parseJsonBody
FN:13,asBool
FN:20,json
FN:28,isUnsetSecret
FN:36,chooseSecret
FN:42,exports.handler
FNF:6
FNH:6
FNDA:8,parseJsonBody
FNDA:8,asBool
FNDA:8,json
FNDA:11,isUnsetSecret
FNDA:7,chooseSecret
FNDA:8,exports.handler
DA:1,8
DA:2,8
DA:3,8
DA:4,8
DA:5,2
DA:6,2
DA:7,8
DA:8,8
DA:9,1
DA:10,1
DA:11,8
DA:12,1
DA:13,8
DA:14,8
DA:15,8
DA:16,7
DA:17,7
DA:18,8
DA:19,1
DA:20,8
DA:21,8
DA:22,8
DA:23,8
DA:24,8
DA:25,8
DA:26,8
DA:27,1
DA:28,11
DA:29,11
DA:30,5
DA:31,11
DA:32,5
DA:33,11
DA:34,11
DA:35,1
DA:36,7
DA:37,7
DA:38,7
DA:39,3
DA:40,7
DA:41,1
DA:42,1
DA:43,8
DA:44,8
DA:45,8
DA:46,8
DA:47,8
DA:48,8
DA:49,8
DA:50,8
DA:51,8
DA:52,8
DA:53,8
DA:54,8
DA:55,1
DA:56,1
DA:57,7
DA:58,7
DA:59,7
DA:60,7
DA:61,8
DA:62,8
DA:63,8
DA:64,8
DA:65,8
DA:66,8
DA:67,8
DA:68,8
DA:69,8
DA:70,3
DA:71,3
DA:72,3
DA:73,3
DA:74,3
DA:75,4
DA:76,4
DA:77,4
DA:78,4
DA:79,4
DA:80,4
DA:81,4
DA:82,3
DA:83,3
DA:84,3
DA:85,3
DA:86,8
DA:87,1
DA:88,1
DA:89,3
DA:90,8
DA:91,2
DA:92,2
DA:93,1
DA:94,1
DA:95,1
DA:96,8
DA:97,8
DA:98,8
DA:99,8
DA:100,1
DA:101,1
DA:102,1
LF:102
LH:102
BRDA:1,0,0,1
BRDA:1,1,0,8
BRDA:2,2,0,6
BRDA:3,3,0,2
BRDA:3,4,0,0
BRDA:3,5,0,0
BRDA:4,6,0,2
BRDA:4,7,0,0
BRDA:5,8,0,2
BRDA:7,9,0,1
BRDA:7,10,0,1
BRDA:7,11,0,1
BRDA:7,12,0,0
BRDA:8,13,0,1
BRDA:13,14,0,8
BRDA:14,15,0,7
BRDA:14,16,0,1
BRDA:15,17,0,7
BRDA:15,18,0,0
BRDA:16,19,0,7
BRDA:20,20,0,8
BRDA:28,21,0,11
BRDA:29,22,0,5
BRDA:29,23,0,6
BRDA:30,24,0,5
BRDA:31,25,0,0
BRDA:32,26,0,5
BRDA:33,27,0,4
BRDA:33,28,0,4
BRDA:33,29,0,4
BRDA:33,30,0,4
BRDA:36,31,0,7
BRDA:37,32,0,3
BRDA:38,33,0,4
BRDA:38,34,0,1
BRDA:39,35,0,3
BRDA:42,36,0,8
BRDA:43,37,0,0
BRDA:45,38,0,1
BRDA:47,39,0,7
BRDA:47,40,0,1
BRDA:48,41,0,7
BRDA:48,42,0,2
BRDA:50,43,0,0
BRDA:54,44,0,1
BRDA:57,45,0,7
BRDA:61,46,0,7
BRDA:69,47,0,5
BRDA:69,48,0,3
BRDA:75,49,0,4
BRDA:82,50,0,3
BRDA:86,51,0,1
BRDA:89,52,0,3
BRDA:90,53,0,2
BRDA:90,54,0,2
BRDA:93,55,0,1
BRDA:99,56,0,1
BRDA:100,57,0,0
BRF:58
BRH:49
end_of_record
TN:
SF:examples/functions/node/toolbox-bot/_internal.js
FN:1,asBool
FN:10,json
FN:18,parseJson
FN:29,hostAllowed
FN:39,isLocalHostname
FN:49,canonicalSegment
FN:56,fetchWithTimeout
FN:66,toolConfig
FN:115,parseToolDirectives
FN:138,extractWeatherLocation
FN:156,inferAutoTools
FN:161,has
FN:162,addFn
FN:167,addHttp
FN:207,executeTool
FNF:15
FNH:15
FNDA:31,asBool
FNDA:10,json
FNDA:13,parseJson
FNDA:6,hostAllowed
FNDA:4,isLocalHostname
FNDA:1,canonicalSegment
FNDA:3,fetchWithTimeout
FNDA:10,toolConfig
FNDA:8,parseToolDirectives
FNDA:3,extractWeatherLocation
FNDA:3,inferAutoTools
FNDA:22,has
FNDA:1,addFn
FNDA:4,addHttp
FNDA:9,executeTool
DA:1,31
DA:2,31
DA:3,31
DA:4,5
DA:5,31
DA:6,31
DA:7,1
DA:8,31
DA:9,1
DA:10,10
DA:11,10
DA:12,10
DA:13,10
DA:14,10
DA:15,10
DA:16,10
DA:17,1
DA:18,13
DA:19,13
DA:20,13
DA:21,13
DA:22,3
DA:23,3
DA:24,13
DA:25,1
DA:26,1
DA:27,13
DA:28,1
DA:29,6
DA:30,6
DA:31,6
DA:32,6
DA:33,10
DA:34,10
DA:35,10
DA:36,1
DA:37,6
DA:38,1
DA:39,4
DA:40,4
DA:41,4
DA:42,4
DA:43,4
DA:44,4
DA:45,4
DA:46,3
DA:47,4
DA:48,1
DA:49,1
DA:50,1
DA:51,1
DA:52,1
DA:53,1
DA:54,1
DA:55,1
DA:56,3
DA:57,3
DA:58,3
DA:59,3
DA:60,3
DA:61,3
DA:62,3
DA:63,3
DA:64,3
DA:65,1
DA:66,10
DA:67,10
DA:68,10
DA:69,10
DA:70,10
DA:71,10
DA:72,10
DA:73,10
DA:74,10
DA:75,10
DA:76,10
DA:77,10
DA:78,10
DA:79,10
DA:80,10
DA:81,10
DA:82,10
DA:83,10
DA:84,10
DA:85,10
DA:86,10
DA:87,10
DA:88,10
DA:89,10
DA:90,10
DA:91,10
DA:92,10
DA:93,10
DA:94,10
DA:95,10
DA:96,10
DA:97,10
DA:98,10
DA:99,10
DA:100,10
DA:101,10
DA:102,10
DA:103,10
DA:104,10
DA:105,10
DA:106,8
DA:107,10
DA:108,10
DA:109,10
DA:110,10
DA:111,10
DA:112,10
DA:113,10
DA:114,1
DA:115,8
DA:116,8
DA:117,8
DA:118,8
DA:119,8
DA:120,8
DA:121,8
DA:122,3
DA:123,3
DA:124,3
DA:125,3
DA:126,3
DA:127,3
DA:128,3
DA:129,8
DA:130,5
DA:131,5
DA:132,5
DA:133,5
DA:134,5
DA:135,8
DA:136,8
DA:137,1
DA:138,3
DA:139,3
DA:140,3
DA:141,3
DA:142,3
DA:143,3
DA:144,3
DA:145,3
DA:146,5
DA:147,5
DA:148,1
DA:149,5
DA:150,5
DA:151,1
DA:152,1
DA:153,2
DA:154,3
DA:155,1
DA:156,3
DA:157,3
DA:158,3
DA:159,3
DA:160,3
DA:161,3
DA:162,3
DA:163,1
DA:164,1
DA:165,1
DA:166,3
DA:167,3
DA:168,4
DA:169,4
DA:170,4
DA:171,3
DA:172,3
DA:173,4
DA:174,1
DA:175,1
DA:176,3
DA:177,3
DA:178,3
DA:179,3
DA:180,2
DA:181,2
DA:182,3
DA:183,3
DA:184,3
DA:185,2
DA:186,2
DA:187,1
DA:188,2
DA:189,3
DA:190,3
DA:191,3
DA:192,1
DA:193,1
DA:194,3
DA:195,3
DA:196,3
DA:197,3
DA:198,3
DA:199,4
DA:200,4
DA:201,4
DA:202,4
DA:203,4
DA:204,3
DA:205,3
DA:206,1
DA:207,9
DA:208,9
DA:209,9
DA:210,9
DA:211,3
DA:212,1
DA:213,1
DA:214,3
DA:215,1
DA:216,1
DA:217,3
DA:218,3
DA:219,1
DA:220,1
DA:221,3
DA:222,3
DA:223,3
DA:224,1
DA:225,1
DA:226,1
DA:227,1
DA:228,1
DA:229,1
DA:230,1
DA:231,1
DA:232,1
DA:233,1
DA:234,1
DA:235,1
DA:236,1
DA:237,6
DA:238,9
DA:239,5
DA:240,5
DA:241,5
DA:242,5
DA:243,1
DA:244,1
DA:245,5
DA:246,1
DA:247,1
DA:248,5
DA:249,1
DA:250,1
DA:251,2
DA:252,1
DA:253,1
DA:254,5
DA:255,5
DA:256,5
DA:257,1
DA:258,1
DA:259,1
DA:260,1
DA:261,1
DA:262,1
DA:263,1
DA:264,1
DA:265,1
DA:266,1
DA:267,1
DA:268,1
DA:269,1
DA:270,1
DA:271,1
DA:272,9
DA:273,1
DA:274,1
DA:275,1
DA:276,1
DA:277,1
DA:278,1
DA:279,1
DA:280,1
DA:281,1
DA:282,1
DA:283,1
DA:284,1
DA:285,1
DA:286,1
DA:287,1
LF:287
LH:287
BRDA:1,0,0,1
BRDA:1,1,0,31
BRDA:2,2,0,12
BRDA:2,3,0,19
BRDA:3,4,0,12
BRDA:3,5,0,7
BRDA:4,6,0,5
BRDA:5,7,0,0
BRDA:6,8,0,5
BRDA:6,9,0,4
BRDA:7,10,0,1
BRDA:10,11,0,10
BRDA:18,12,0,13
BRDA:19,13,0,10
BRDA:20,14,0,3
BRDA:20,15,0,0
BRDA:20,16,0,0
BRDA:21,17,0,3
BRDA:21,18,0,0
BRDA:22,19,0,3
BRDA:24,20,0,1
BRDA:29,21,0,6
BRDA:30,22,0,0
BRDA:31,23,0,0
BRDA:32,24,0,0
BRDA:32,25,0,10
BRDA:33,26,0,5
BRDA:34,27,0,0
BRDA:36,28,0,1
BRDA:39,29,0,4
BRDA:40,30,0,0
BRDA:41,31,0,0
BRDA:42,32,0,0
BRDA:43,33,0,1
BRDA:44,34,0,3
BRDA:44,35,0,0
BRDA:45,36,0,3
BRDA:45,37,0,0
BRDA:46,38,0,3
BRDA:49,39,0,1
BRDA:50,40,0,0
BRDA:56,41,0,3
BRDA:58,42,0,0
BRDA:60,43,0,0
BRDA:66,44,0,10
BRDA:67,45,0,9
BRDA:69,46,0,9
BRDA:69,47,0,9
BRDA:69,48,0,9
BRDA:80,49,0,0
BRDA:102,50,0,8
BRDA:103,51,0,8
BRDA:104,52,0,8
BRDA:105,53,0,8
BRDA:98,54,0,60
BRDA:99,55,0,60
BRDA:109,56,0,26
BRDA:110,57,0,26
BRDA:115,58,0,8
BRDA:117,59,0,0
BRDA:121,60,0,3
BRDA:125,61,0,1
BRDA:126,62,0,0
BRDA:129,63,0,5
BRDA:138,64,0,3
BRDA:139,65,0,0
BRDA:140,66,0,0
BRDA:145,67,0,5
BRDA:147,68,0,1
BRDA:147,69,0,4
BRDA:148,70,0,1
BRDA:149,71,0,0
BRDA:150,72,0,1
BRDA:150,73,0,0
BRDA:151,74,0,1
BRDA:153,75,0,2
BRDA:156,76,0,3
BRDA:157,77,0,0
BRDA:179,78,0,1
BRDA:179,79,0,1
BRDA:179,80,0,1
BRDA:179,81,0,2
BRDA:184,82,0,1
BRDA:184,83,0,1
BRDA:184,84,0,2
BRDA:186,85,0,1
BRDA:191,86,0,2
BRDA:191,87,0,1
BRDA:198,88,0,4
BRDA:200,89,0,0
BRDA:161,90,0,22
BRDA:162,91,0,1
BRDA:164,92,0,0
BRDA:167,93,0,4
BRDA:170,94,0,3
BRDA:173,95,0,1
BRDA:207,96,0,9
BRDA:210,97,0,3
BRDA:211,98,0,1
BRDA:214,99,0,2
BRDA:214,100,0,1
BRDA:217,101,0,0
BRDA:219,102,0,1
BRDA:221,103,0,1
BRDA:221,104,0,0
BRDA:223,105,0,1
BRDA:237,106,0,6
BRDA:238,107,0,5
BRDA:242,108,0,1
BRDA:245,109,0,4
BRDA:245,110,0,1
BRDA:248,111,0,3
BRDA:248,112,0,1
BRDA:251,113,0,2
BRDA:252,114,0,1
BRDA:254,115,0,1
BRDA:254,116,0,0
BRDA:256,117,0,1
BRDA:270,118,0,1
BRF:119
BRH:90
end_of_record
TN:
SF:examples/functions/node/toolbox-bot/app.js
FN:27,exports.handler
FNF:1
FNH:1
FNDA:10,exports.handler
DA:1,1
DA:2,1
DA:3,1
DA:4,1
DA:5,1
DA:6,1
DA:7,1
DA:8,1
DA:9,1
DA:10,1
DA:11,1
DA:12,1
DA:13,1
DA:14,1
DA:15,1
DA:16,1
DA:17,1
DA:18,1
DA:19,1
DA:20,1
DA:21,1
DA:22,1
DA:23,1
DA:24,1
DA:25,1
DA:26,1
DA:27,1
DA:28,10
DA:29,10
DA:30,10
DA:31,10
DA:32,10
DA:33,10
DA:34,10
DA:35,10
DA:36,10
DA:37,1
DA:38,1
DA:39,9
DA:40,10
DA:41,1
DA:42,1
DA:43,1
DA:44,1
DA:45,1
DA:46,1
DA:47,1
DA:48,1
DA:49,1
DA:50,1
DA:51,1
DA:52,8
DA:53,8
DA:54,10
DA:55,1
DA:56,1
DA:57,8
DA:58,10
DA:59,1
DA:60,1
DA:61,1
DA:62,1
DA:63,1
DA:64,1
DA:65,1
DA:66,1
DA:67,7
DA:68,10
DA:69,2
DA:70,2
DA:71,2
DA:72,2
DA:73,2
DA:74,2
DA:75,2
DA:76,2
DA:77,2
DA:78,5
DA:79,5
DA:80,10
DA:81,6
DA:82,6
DA:83,6
DA:84,1
DA:85,1
DA:86,1
DA:87,1
DA:88,1
DA:89,1
DA:90,1
DA:91,6
DA:92,5
DA:93,5
DA:94,5
DA:95,5
DA:96,5
DA:97,5
DA:98,5
DA:99,5
DA:100,5
DA:101,5
DA:102,5
DA:103,5
DA:104,5
DA:105,1
LF:105
LH:105
BRDA:1,0,0,1
BRDA:27,1,0,10
BRDA:28,2,0,6
BRDA:29,3,0,0
BRDA:32,4,0,1
BRDA:32,5,0,1
BRDA:33,6,0,1
BRDA:36,7,0,1
BRDA:39,8,0,9
BRDA:40,9,0,1
BRDA:52,10,0,8
BRDA:54,11,0,2
BRDA:54,12,0,1
BRDA:57,13,0,8
BRDA:58,14,0,1
BRDA:67,15,0,7
BRDA:68,16,0,2
BRDA:78,17,0,5
BRDA:80,18,0,6
BRDA:82,19,0,5
BRDA:83,20,0,1
BRDA:86,21,0,0
BRDA:87,22,0,0
BRDA:88,23,0,0
BRDA:92,24,0,5
BRDA:100,25,0,6
BRDA:102,26,0,6
BRF:27
BRH:23
end_of_record
TN:
SF:examples/functions/node/whatsapp/_internal.js
FN:27,json
FN:38,sleep
FN:42,asBool
FN:49,parseToolDirectives
FN:72,hostAllowed
FN:82,isLocalHostname
FN:92,whatsappToolsConfig
FN:137,inferAutoTools
FN:140,has
FN:141,addFn
FN:146,addHttp
FN:178,fetchWithTimeout
FN:188,canonicalSegment
FN:195,executeTool
FN:228,resolveToolContext
FN:253,pushLog
FN:260,sessionInfo
FN:274,parseBody
FN:295,normalizeJid
FN:310,extractMessageText
FN:330,disconnectReason
FN:342,loadBaileys
FN:350,loadQrCode
FN:358,startConnection
FN:462,waitUntilConnected
FN:473,waitUntilQr
FN:484,ensureConnected
FN:492,closeConnection
FN:518,generateAiText
FN:582,statusPayload
FNF:30
FNH:30
FNDA:57,json
FNDA:217,sleep
FNDA:31,asBool
FNDA:6,parseToolDirectives
FNDA:6,hostAllowed
FNDA:7,isLocalHostname
FNDA:15,whatsappToolsConfig
FNDA:3,inferAutoTools
FNDA:23,has
FNDA:1,addFn
FNDA:3,addHttp
FNDA:6,fetchWithTimeout
FNDA:3,canonicalSegment
FNDA:12,executeTool
FNDA:15,resolveToolContext
FNDA:11,pushLog
FNDA:14,sessionInfo
FNDA:59,parseBody
FNDA:9,normalizeJid
FNDA:6,extractMessageText
FNDA:3,disconnectReason
FNDA:6,loadBaileys
FNDA:2,loadQrCode
FNDA:10,startConnection
FNDA:3,waitUntilConnected
FNDA:3,waitUntilQr
FNDA:11,ensureConnected
FNDA:4,closeConnection
FNDA:17,generateAiText
FNDA:14,statusPayload
DA:1,2
DA:2,2
DA:3,2
DA:4,2
DA:5,2
DA:6,2
DA:7,2
DA:8,2
DA:9,2
DA:10,2
DA:11,1
DA:12,1
DA:13,1
DA:14,1
DA:15,1
DA:16,1
DA:17,1
DA:18,1
DA:19,1
DA:20,1
DA:21,2
DA:22,2
DA:23,2
DA:24,2
DA:25,2
DA:26,2
DA:27,57
DA:28,57
DA:29,57
DA:30,57
DA:31,57
DA:32,57
DA:33,57
DA:34,57
DA:35,57
DA:36,57
DA:37,2
DA:38,217
DA:39,217
DA:40,217
DA:41,2
DA:42,31
DA:43,31
DA:44,31
DA:45,11
DA:46,11
DA:47,31
DA:48,2
DA:49,6
DA:50,6
DA:51,6
DA:52,6
DA:53,6
DA:54,6
DA:55,6
DA:56,4
DA:57,4
DA:58,4
DA:59,4
DA:60,4
DA:61,4
DA:62,4
DA:63,6
DA:64,4
DA:65,4
DA:66,4
DA:67,4
DA:68,4
DA:69,6
DA:70,6
DA:71,2
DA:72,6
DA:73,6
DA:74,6
DA:75,6
DA:76,6
DA:77,6
DA:78,6
DA:79,1
DA:80,6
DA:81,2
DA:82,7
DA:83,7
DA:84,7
DA:85,7
DA:86,7
DA:87,7
DA:88,7
DA:89,6
DA:90,7
DA:91,2
DA:92,15
DA:93,15
DA:94,15
DA:95,15
DA:96,15
DA:97,15
DA:98,15
DA:99,15
DA:100,15
DA:101,15
DA:102,15
DA:103,15
DA:104,15
DA:105,15
DA:106,15
DA:107,15
DA:108,15
DA:109,15
DA:110,15
DA:111,15
DA:112,15
DA:113,15
DA:114,15
DA:115,15
DA:116,15
DA:117,15
DA:118,15
DA:119,12
DA:120,15
DA:121,15
DA:122,15
DA:123,15
DA:124,15
DA:125,15
DA:126,15
DA:127,15
DA:128,15
DA:129,9
DA:130,15
DA:131,15
DA:132,15
DA:133,15
DA:134,15
DA:135,15
DA:136,2
DA:137,3
DA:138,3
DA:139,3
DA:140,3
DA:141,3
DA:142,1
DA:143,1
DA:144,1
DA:145,3
DA:146,3
DA:147,3
DA:148,3
DA:149,3
DA:150,2
DA:151,2
DA:152,3
DA:153,1
DA:154,1
DA:155,3
DA:156,3
DA:157,3
DA:158,2
DA:159,2
DA:160,3
DA:161,1
DA:162,1
DA:163,3
DA:164,1
DA:165,1
DA:166,3
DA:167,3
DA:168,3
DA:169,3
DA:170,3
DA:171,3
DA:172,3
DA:173,3
DA:174,3
DA:175,3
DA:176,3
DA:177,2
DA:178,6
DA:179,6
DA:180,6
DA:181,6
DA:182,6
DA:183,6
DA:184,6
DA:185,6
DA:186,6
DA:187,2
DA:188,3
DA:189,3
DA:190,3
DA:191,3
DA:192,3
DA:193,3
DA:194,2
DA:195,12
DA:196,12
DA:197,5
DA:198,1
DA:199,1
DA:200,5
DA:201,1
DA:202,1
DA:203,5
DA:204,5
DA:205,2
DA:206,2
DA:207,2
DA:208,12
DA:209,6
DA:210,6
DA:211,6
DA:212,6
DA:213,1
DA:214,1
DA:215,6
DA:216,1
DA:217,1
DA:218,6
DA:219,1
DA:220,1
DA:221,3
DA:222,3
DA:223,3
DA:224,3
DA:225,1
DA:226,12
DA:227,2
DA:228,15
DA:229,15
DA:230,15
DA:231,6
DA:232,15
DA:233,3
DA:234,3
DA:235,15
DA:236,5
DA:237,15
DA:238,11
DA:239,11
DA:240,10
DA:241,11
DA:242,1
DA:243,1
DA:244,1
DA:245,1
DA:246,1
DA:247,1
DA:248,1
DA:249,11
DA:250,5
DA:251,15
DA:252,2
DA:253,11
DA:254,11
DA:255,11
DA:256,2
DA:257,2
DA:258,11
DA:259,2
DA:260,14
DA:261,14
DA:262,14
DA:263,14
DA:264,14
DA:265,10
DA:266,10
DA:267,10
DA:268,14
DA:269,1
DA:270,1
DA:271,14
DA:272,14
DA:273,2
DA:274,59
DA:275,59
DA:276,1
DA:277,1
DA:278,59
DA:279,26
DA:280,26
DA:281,59
DA:282,3
DA:283,3
DA:284,59
DA:285,1
DA:286,1
DA:287,28
DA:288,28
DA:289,59
DA:290,59
DA:291,1
DA:292,1
DA:293,59
DA:294,2
DA:295,9
DA:296,9
DA:297,1
DA:298,1
DA:299,8
DA:300,9
DA:301,3
DA:302,3
DA:303,5
DA:304,9
DA:305,1
DA:306,1
DA:307,4
DA:308,9
DA:309,2
DA:310,6
DA:311,6
DA:312,6
DA:313,1
DA:314,1
DA:315,6
DA:316,1
DA:317,1
DA:318,6
DA:319,1
DA:320,1
DA:321,6
DA:322,1
DA:323,1
DA:324,6
DA:325,1
DA:326,1
DA:327,1
DA:328,6
DA:329,2
DA:330,3
DA:331,3
DA:332,3
DA:333,3
DA:334,1
DA:335,1
DA:336,3
DA:337,1
DA:338,1
DA:339,1
DA:340,3
DA:341,2
DA:342,6
DA:343,6
DA:344,4
DA:345,4
DA:346,2
DA:347,2
DA:348,6
DA:349,2
DA:350,2
DA:351,2
DA:352,1
DA:353,1
DA:354,1
DA:355,1
DA:356,2
DA:357,2
DA:358,10
DA:359,10
DA:360,4
DA:361,4
DA:362,6
DA:363,6
DA:364,6
DA:365,6
DA:366,6
DA:367,6
DA:368,6
DA:369,6
DA:370,6
DA:371,3
DA:372,3
DA:373,3
DA:374,3
DA:375,10
DA:376,1
DA:377,1
DA:378,10
DA:379,2
DA:380,2
DA:381,3
DA:382,3
DA:383,3
DA:384,3
DA:385,3
DA:386,3
DA:387,3
DA:388,3
DA:389,3
DA:390,3
DA:391,3
DA:392,3
DA:393,3
DA:394,3
DA:395,8
DA:396,2
DA:397,2
DA:398,2
DA:399,8
DA:400,8
DA:401,3
DA:402,3
DA:403,3
DA:404,3
DA:405,3
DA:406,8
DA:407,8
DA:408,3
DA:409,3
DA:410,3
DA:411,3
DA:412,3
DA:413,3
DA:414,3
DA:415,3
DA:416,2
DA:417,1
DA:418,1
DA:419,2
DA:420,2
DA:421,2
DA:422,1
DA:423,2
DA:424,2
DA:425,2
DA:426,3
DA:427,3
DA:428,3
DA:429,3
DA:430,1
DA:431,1
DA:432,6
DA:433,6
DA:434,6
DA:435,6
DA:436,6
DA:437,6
DA:438,6
DA:439,6
DA:440,6
DA:441,6
DA:442,6
DA:443,6
DA:444,6
DA:445,6
DA:446,6
DA:447,1
DA:448,6
DA:449,5
DA:450,5
DA:451,6
DA:452,3
DA:453,3
DA:454,3
DA:455,3
DA:456,3
DA:457,3
DA:458,3
DA:459,3
DA:460,10
DA:461,2
DA:462,3
DA:463,3
DA:464,3
DA:465,189
DA:466,1
DA:467,1
DA:468,188
DA:469,188
DA:470,2
DA:471,3
DA:472,2
DA:473,3
DA:474,3
DA:475,3
DA:476,29
DA:477,1
DA:478,1
DA:479,28
DA:480,28
DA:481,2
DA:482,3
DA:483,2
DA:484,11
DA:485,11
DA:486,8
DA:487,8
DA:488,3
DA:489,3
DA:490,11
DA:491,2
DA:492,4
DA:493,4
DA:494,1
DA:495,1
DA:496,1
DA:497,4
DA:498,4
DA:499,4
DA:500,4
DA:501,4
DA:502,4
DA:503,4
DA:504,2
DA:505,2
DA:506,2
DA:507,2
DA:508,4
DA:509,1
DA:510,1
DA:511,1
DA:512,1
DA:513,4
DA:514,2
DA:515,2
DA:516,4
DA:517,2
DA:518,17
DA:519,17
DA:520,17
DA:521,1
DA:522,1
DA:523,17
DA:524,17
DA:525,17
DA:526,17
DA:527,17
DA:528,17
DA:529,17
DA:530,17
DA:531,17
DA:532,17
DA:533,17
DA:534,17
DA:535,1
DA:536,1
DA:537,17
DA:538,1
DA:539,1
DA:540,16
DA:541,16
DA:542,16
DA:543,16
DA:544,16
DA:545,16
DA:546,16
DA:547,16
DA:548,16
DA:549,17
DA:550,1
DA:551,1
DA:552,1
DA:553,15
DA:554,15
DA:555,17
DA:556,10
DA:557,10
DA:558,5
DA:559,17
DA:560,3
DA:561,5
DA:562,1
DA:563,1
DA:564,4
DA:565,4
DA:566,2
DA:567,2
DA:568,4
DA:569,2
DA:570,1
DA:571,3
DA:572,17
DA:573,2
DA:574,2
DA:575,2
DA:576,2
DA:577,2
DA:578,1
DA:579,1
DA:580,17
DA:581,2
DA:582,14
DA:583,14
DA:584,14
DA:585,14
DA:586,14
DA:587,14
DA:588,14
DA:589,14
DA:590,14
DA:591,14
DA:592,14
DA:593,14
DA:594,14
DA:595,14
DA:596,14
DA:597,14
DA:598,14
DA:599,2
DA:600,2
DA:601,2
DA:602,2
DA:603,2
DA:604,2
DA:605,2
DA:606,2
DA:607,2
DA:608,2
DA:609,2
DA:610,2
DA:611,2
DA:612,2
DA:613,2
DA:614,2
DA:615,2
DA:616,2
DA:617,2
DA:618,2
DA:619,2
DA:620,2
DA:621,2
DA:622,2
DA:623,2
DA:624,2
DA:625,2
DA:626,2
DA:627,2
DA:628,2
DA:629,2
DA:630,2
DA:631,2
DA:632,2
LF:632
LH:632
BRDA:1,0,0,2
BRDA:10,1,0,1
BRDA:27,2,0,57
BRDA:38,3,0,217
BRDA:39,4,0,217
BRDA:42,5,0,31
BRDA:43,6,0,11
BRDA:43,7,0,20
BRDA:44,8,0,11
BRDA:44,9,0,0
BRDA:45,10,0,11
BRDA:49,11,0,6
BRDA:51,12,0,0
BRDA:55,13,0,4
BRDA:59,14,0,2
BRDA:60,15,0,0
BRDA:63,16,0,4
BRDA:72,17,0,6
BRDA:73,18,0,0
BRDA:74,19,0,0
BRDA:75,20,0,0
BRDA:76,21,0,3
BRDA:77,22,0,2
BRDA:79,23,0,1
BRDA:82,24,0,7
BRDA:83,25,0,0
BRDA:84,26,0,0
BRDA:85,27,0,0
BRDA:86,28,0,1
BRDA:87,29,0,6
BRDA:87,30,0,0
BRDA:88,31,0,6
BRDA:88,32,0,0
BRDA:89,33,0,6
BRDA:92,34,0,15
BRDA:94,35,0,9
BRDA:98,36,0,14
BRDA:98,37,0,14
BRDA:98,38,0,11
BRDA:108,39,0,0
BRDA:115,40,0,14
BRDA:116,41,0,14
BRDA:117,42,0,12
BRDA:118,43,0,12
BRDA:125,44,0,13
BRDA:126,45,0,13
BRDA:127,46,0,9
BRDA:128,47,0,9
BRDA:122,48,0,40
BRDA:123,49,0,40
BRDA:132,50,0,34
BRDA:133,51,0,34
BRDA:137,52,0,3
BRDA:138,53,0,0
BRDA:157,54,0,1
BRDA:157,55,0,1
BRDA:157,56,0,1
BRDA:157,57,0,2
BRDA:160,58,0,2
BRDA:160,59,0,2
BRDA:160,60,0,2
BRDA:160,61,0,1
BRDA:163,62,0,2
BRDA:163,63,0,1
BRDA:171,64,0,0
BRDA:140,65,0,23
BRDA:141,66,0,1
BRDA:143,67,0,0
BRDA:146,68,0,3
BRDA:149,69,0,2
BRDA:149,70,0,2
BRDA:152,71,0,1
BRDA:178,72,0,6
BRDA:180,73,0,0
BRDA:182,74,0,0
BRDA:188,75,0,3
BRDA:189,76,0,0
BRDA:195,77,0,12
BRDA:196,78,0,5
BRDA:197,79,0,1
BRDA:200,80,0,4
BRDA:200,81,0,1
BRDA:203,82,0,3
BRDA:203,83,0,0
BRDA:205,84,0,2
BRDA:208,85,0,7
BRDA:208,86,0,6
BRDA:212,87,0,1
BRDA:215,88,0,5
BRDA:215,89,0,1
BRDA:218,90,0,4
BRDA:218,91,0,1
BRDA:221,92,0,3
BRDA:225,93,0,1
BRDA:228,94,0,15
BRDA:230,95,0,9
BRDA:231,96,0,6
BRDA:232,97,0,3
BRDA:232,98,0,3
BRDA:235,99,0,6
BRDA:235,100,0,1
BRDA:236,101,0,5
BRDA:237,102,0,11
BRDA:240,103,0,10
BRDA:241,104,0,1
BRDA:245,105,0,0
BRDA:245,106,0,0
BRDA:246,107,0,0
BRDA:250,108,0,5
BRDA:253,109,0,11
BRDA:255,110,0,2
BRDA:260,111,0,14
BRDA:264,112,0,10
BRDA:268,113,0,1
BRDA:274,114,0,59
BRDA:275,115,0,1
BRDA:278,116,0,58
BRDA:278,117,0,26
BRDA:281,118,0,32
BRDA:281,119,0,3
BRDA:284,120,0,29
BRDA:284,121,0,1
BRDA:287,122,0,28
BRDA:289,123,0,27
BRDA:289,124,0,27
BRDA:289,125,0,0
BRDA:290,126,0,1
BRDA:295,127,0,9
BRDA:296,128,0,8
BRDA:296,129,0,1
BRDA:299,130,0,8
BRDA:300,131,0,5
BRDA:300,132,0,3
BRDA:303,133,0,5
BRDA:304,134,0,1
BRDA:307,135,0,4
BRDA:310,136,0,6
BRDA:312,137,0,5
BRDA:312,138,0,1
BRDA:315,139,0,5
BRDA:315,140,0,1
BRDA:318,141,0,4
BRDA:318,142,0,1
BRDA:318,143,0,1
BRDA:321,144,0,3
BRDA:321,145,0,1
BRDA:321,146,0,1
BRDA:324,147,0,2
BRDA:324,148,0,1
BRDA:324,149,0,1
BRDA:330,150,0,3
BRDA:332,151,0,2
BRDA:332,152,0,1
BRDA:333,153,0,1
BRDA:336,154,0,2
BRDA:336,155,0,1
BRDA:336,156,0,1
BRDA:342,157,0,6
BRDA:343,158,0,4
BRDA:346,159,0,2
BRDA:350,160,0,2
BRDA:351,161,0,1
BRDA:358,162,0,10
BRDA:359,163,0,9
BRDA:359,164,0,4
BRDA:362,165,0,6
BRDA:371,166,0,3
BRDA:375,167,0,1
BRDA:375,168,0,1
BRDA:378,169,0,2
BRDA:381,170,0,3
BRDA:457,171,0,0
BRDA:394,172,0,8
BRDA:395,173,0,2
BRDA:400,174,0,3
BRDA:403,175,0,0
BRDA:407,176,0,3
BRDA:415,177,0,2
BRDA:416,178,0,1
BRDA:419,179,0,2
BRDA:421,180,0,1
BRDA:422,181,0,0
BRDA:429,182,0,1
BRDA:430,183,0,0
BRDA:431,184,0,6
BRDA:437,185,0,4
BRDA:437,186,0,2
BRDA:439,187,0,0
BRDA:440,188,0,0
BRDA:442,189,0,5
BRDA:444,190,0,2
BRDA:446,191,0,1
BRDA:448,192,0,5
BRDA:462,193,0,3
BRDA:464,194,0,189
BRDA:465,195,0,1
BRDA:465,196,0,1
BRDA:468,197,0,188
BRDA:470,198,0,2
BRDA:473,199,0,3
BRDA:475,200,0,29
BRDA:476,201,0,1
BRDA:479,202,0,28
BRDA:481,203,0,2
BRDA:484,204,0,11
BRDA:485,205,0,8
BRDA:485,206,0,8
BRDA:488,207,0,3
BRDA:492,208,0,4
BRDA:493,209,0,1
BRDA:503,210,0,2
BRDA:508,211,0,1
BRDA:508,212,0,1
BRDA:510,213,0,0
BRDA:513,214,0,2
BRDA:518,215,0,17
BRDA:519,216,0,1
BRDA:520,217,0,1
BRDA:523,218,0,16
BRDA:523,219,0,16
BRDA:524,220,0,16
BRDA:524,221,0,16
BRDA:525,222,0,0
BRDA:531,223,0,0
BRDA:531,224,0,5
BRDA:531,225,0,11
BRDA:534,226,0,1
BRDA:537,227,0,16
BRDA:537,228,0,1
BRDA:540,229,0,16
BRDA:549,230,0,1
BRDA:553,231,0,15
BRDA:555,232,0,10
BRDA:555,233,0,10
BRDA:558,234,0,5
BRDA:559,235,0,3
BRDA:560,236,0,5
BRDA:561,237,0,1
BRDA:564,238,0,4
BRDA:565,239,0,2
BRDA:565,240,0,2
BRDA:569,241,0,2
BRDA:570,242,0,1
BRDA:572,243,0,2
BRDA:572,244,0,2
BRDA:572,245,0,2
BRDA:578,246,0,1
BRDA:582,247,0,14
BRF:248
BRH:216
end_of_record
TN:
SF:examples/functions/node/whatsapp/app.js
FN:39,exports.handler
FNF:1
FNH:1
FNDA:59,exports.handler
DA:1,1
DA:2,1
DA:3,1
DA:4,1
DA:5,1
DA:6,1
DA:7,1
DA:8,1
DA:9,1
DA:10,1
DA:11,1
DA:12,1
DA:13,1
DA:14,1
DA:15,1
DA:16,1
DA:17,1
DA:18,1
DA:19,1
DA:20,1
DA:21,1
DA:22,1
DA:23,1
DA:24,1
DA:25,1
DA:26,1
DA:27,1
DA:28,1
DA:29,1
DA:30,1
DA:31,1
DA:32,1
DA:33,1
DA:34,1
DA:35,1
DA:36,1
DA:37,1
DA:38,1
DA:39,1
DA:40,59
DA:41,59
DA:42,59
DA:43,59
DA:44,59
DA:45,59
DA:46,1
DA:47,1
DA:48,59
DA:49,59
DA:50,59
DA:51,59
DA:52,59
DA:53,59
DA:54,3
DA:55,1
DA:56,1
DA:57,2
DA:58,2
DA:59,2
DA:60,2
DA:61,2
DA:62,2
DA:63,2
DA:64,2
DA:65,2
DA:66,2
DA:67,2
DA:68,2
DA:69,2
DA:70,2
DA:71,2
DA:72,2
DA:73,2
DA:74,2
DA:75,2
DA:76,2
DA:77,55
DA:78,59
DA:79,3
DA:80,1
DA:81,1
DA:82,2
DA:83,2
DA:84,52
DA:85,59
DA:86,4
DA:87,1
DA:88,1
DA:89,3
DA:90,3
DA:91,2
DA:92,2
DA:93,2
DA:94,2
DA:95,2
DA:96,4
DA:97,1
DA:98,1
DA:99,4
DA:100,48
DA:101,59
DA:102,3
DA:103,1
DA:104,1
DA:105,2
DA:106,2
DA:107,2
DA:108,45
DA:109,59
DA:110,3
DA:111,1
DA:112,1
DA:113,2
DA:114,2
DA:115,2
DA:116,3
DA:117,1
DA:118,1
DA:119,2
DA:120,2
DA:121,2
DA:122,2
DA:123,2
DA:124,2
DA:125,2
DA:126,42
DA:127,59
DA:128,8
DA:129,1
DA:130,1
DA:131,8
DA:132,3
DA:133,1
DA:134,1
DA:135,1
DA:136,1
DA:137,1
DA:138,1
DA:139,2
DA:140,2
DA:141,2
DA:142,2
DA:143,1
DA:144,1
DA:145,1
DA:146,1
DA:147,1
DA:148,1
DA:149,1
DA:150,1
DA:151,1
DA:152,1
DA:153,3
DA:154,4
DA:155,8
DA:156,8
DA:157,8
DA:158,8
DA:159,8
DA:160,1
DA:161,1
DA:162,1
DA:163,1
DA:164,1
DA:165,1
DA:166,1
DA:167,1
DA:168,3
DA:169,8
DA:170,2
DA:171,2
DA:172,2
DA:173,2
DA:174,2
DA:175,1
DA:176,1
DA:177,1
DA:178,1
DA:179,1
DA:180,1
DA:181,1
DA:182,1
DA:183,1
DA:184,1
DA:185,34
DA:186,59
DA:187,3
DA:188,1
DA:189,1
DA:190,3
DA:191,3
DA:192,3
DA:193,3
DA:194,31
DA:195,59
DA:196,3
DA:197,1
DA:198,1
DA:199,3
DA:200,3
DA:201,3
DA:202,3
DA:203,28
DA:204,59
DA:205,10
DA:206,2
DA:207,2
DA:208,10
DA:209,10
DA:210,10
DA:211,1
DA:212,1
DA:213,7
DA:214,7
DA:215,10
DA:216,1
DA:217,1
DA:218,6
DA:219,6
DA:220,6
DA:221,6
DA:222,4
DA:223,10
DA:224,10
DA:225,10
DA:226,10
DA:227,10
DA:228,10
DA:229,10
DA:230,10
DA:231,10
DA:232,10
DA:233,10
DA:234,10
DA:235,2
DA:236,2
DA:237,10
DA:238,18
DA:239,59
DA:240,17
DA:241,1
DA:242,1
DA:243,17
DA:244,17
DA:245,1
DA:246,1
DA:247,17
DA:248,17
DA:249,17
DA:250,17
DA:251,17
DA:252,15
DA:253,17
DA:254,3
DA:255,3
DA:256,12
DA:257,17
DA:258,17
DA:259,8
DA:260,8
DA:261,8
DA:262,8
DA:263,8
DA:264,8
DA:265,8
DA:266,4
DA:267,4
DA:268,17
DA:269,1
DA:270,1
DA:271,1
DA:272,1
DA:273,1
DA:274,1
DA:275,3
DA:276,3
DA:277,3
DA:278,3
DA:279,1
DA:280,17
DA:281,17
DA:282,17
DA:283,17
DA:284,17
DA:285,17
DA:286,17
DA:287,17
DA:288,17
DA:289,17
DA:290,17
DA:291,17
DA:292,17
DA:293,2
DA:294,2
DA:295,17
DA:296,1
DA:297,1
DA:298,1
DA:299,1
DA:300,1
DA:301,1
LF:301
LH:301
BRDA:1,0,0,1
BRDA:39,1,0,59
BRDA:40,2,0,1
BRDA:41,3,0,1
BRDA:45,4,0,1
BRDA:46,5,0,0
BRDA:48,6,0,58
BRDA:48,7,0,1
BRDA:50,8,0,1
BRDA:50,9,0,1
BRDA:53,10,0,3
BRDA:54,11,0,1
BRDA:57,12,0,2
BRDA:77,13,0,55
BRDA:78,14,0,3
BRDA:79,15,0,1
BRDA:82,16,0,2
BRDA:84,17,0,52
BRDA:85,18,0,4
BRDA:86,19,0,1
BRDA:89,20,0,3
BRDA:91,21,0,2
BRDA:96,22,0,1
BRDA:97,23,0,0
BRDA:100,24,0,48
BRDA:101,25,0,3
BRDA:102,26,0,2
BRDA:102,27,0,1
BRDA:105,28,0,2
BRDA:108,29,0,45
BRDA:109,30,0,3
BRDA:110,31,0,1
BRDA:113,32,0,2
BRDA:116,33,0,1
BRDA:119,34,0,2
BRDA:126,35,0,42
BRDA:127,36,0,8
BRDA:128,37,0,1
BRDA:131,38,0,7
BRDA:131,39,0,3
BRDA:132,40,0,2
BRDA:132,41,0,1
BRDA:135,42,0,0
BRDA:136,43,0,0
BRDA:139,44,0,2
BRDA:142,45,0,1
BRDA:154,46,0,4
BRDA:155,47,0,0
BRDA:156,48,0,3
BRDA:157,49,0,4
BRDA:157,50,0,0
BRDA:159,51,0,1
BRDA:168,52,0,3
BRDA:169,53,0,2
BRDA:175,54,0,1
BRDA:185,55,0,34
BRDA:186,56,0,3
BRDA:187,57,0,1
BRDA:190,58,0,2
BRDA:190,59,0,0
BRDA:191,60,0,2
BRDA:191,61,0,0
BRDA:194,62,0,31
BRDA:195,63,0,3
BRDA:196,64,0,1
BRDA:199,65,0,2
BRDA:199,66,0,0
BRDA:200,67,0,2
BRDA:200,68,0,0
BRDA:203,69,0,28
BRDA:204,70,0,10
BRDA:205,71,0,2
BRDA:208,72,0,8
BRDA:208,73,0,5
BRDA:209,74,0,6
BRDA:210,75,0,7
BRDA:210,76,0,1
BRDA:213,77,0,7
BRDA:215,78,0,6
BRDA:215,79,0,1
BRDA:218,80,0,6
BRDA:222,81,0,4
BRDA:223,82,0,4
BRDA:223,83,0,0
BRDA:223,84,0,0
BRDA:231,85,0,4
BRDA:231,86,0,4
BRDA:231,87,0,0
BRDA:231,88,0,0
BRDA:234,89,0,2
BRDA:235,90,0,0
BRDA:238,91,0,18
BRDA:239,92,0,17
BRDA:240,93,0,1
BRDA:243,94,0,16
BRDA:243,95,0,1
BRDA:243,96,0,1
BRDA:244,97,0,16
BRDA:244,98,0,1
BRDA:247,99,0,15
BRDA:247,100,0,1
BRDA:247,101,0,1
BRDA:247,102,0,14
BRDA:252,103,0,15
BRDA:253,104,0,12
BRDA:253,105,0,3
BRDA:254,106,0,0
BRDA:256,107,0,12
BRDA:257,108,0,10
BRDA:257,109,0,10
BRDA:257,110,0,2
BRDA:258,111,0,8
BRDA:266,112,0,4
BRDA:268,113,0,3
BRDA:268,114,0,1
BRDA:275,115,0,3
BRDA:279,116,0,1
BRDA:280,117,0,1
BRDA:280,118,0,0
BRDA:280,119,0,0
BRDA:292,120,0,2
BRDA:293,121,0,0
BRDA:296,122,0,1
BRF:123
BRH:104
end_of_record
