mode: atomic
github.com/misaelzapata/fastfn/cli/embed/runtime/embed.go:25.32,27.16 2 6
github.com/misaelzapata/fastfn/cli/embed/runtime/embed.go:27.16,29.3 1 1
github.com/misaelzapata/fastfn/cli/embed/runtime/embed.go:32.2,32.87 1 5
github.com/misaelzapata/fastfn/cli/embed/runtime/embed.go:32.87,33.17 1 83
github.com/misaelzapata/fastfn/cli/embed/runtime/embed.go:33.17,35.4 1 1
github.com/misaelzapata/fastfn/cli/embed/runtime/embed.go:36.3,36.16 1 82
github.com/misaelzapata/fastfn/cli/embed/runtime/embed.go:36.16,38.4 1 13
github.com/misaelzapata/fastfn/cli/embed/runtime/embed.go:40.3,41.17 2 69
github.com/misaelzapata/fastfn/cli/embed/runtime/embed.go:41.17,43.4 1 1
github.com/misaelzapata/fastfn/cli/embed/runtime/embed.go:45.3,48.40 3 68
github.com/misaelzapata/fastfn/cli/embed/runtime/embed.go:48.40,50.4 1 1
github.com/misaelzapata/fastfn/cli/embed/runtime/embed.go:52.3,52.48 1 68
github.com/misaelzapata/fastfn/cli/embed/runtime/embed.go:55.2,55.16 1 5
github.com/misaelzapata/fastfn/cli/embed/runtime/embed.go:55.16,58.3 2 4
github.com/misaelzapata/fastfn/cli/embed/runtime/embed.go:60.2,60.21 1 1
github.com/misaelzapata/fastfn/cli/internal/discovery/scan.go:46.38,48.2 1 33
github.com/misaelzapata/fastfn/cli/internal/discovery/scan.go:50.88,52.36 2 33
github.com/misaelzapata/fastfn/cli/internal/discovery/scan.go:52.36,54.3 1 2
github.com/misaelzapata/fastfn/cli/internal/discovery/scan.go:55.2,57.13 3 31
github.com/misaelzapata/fastfn/cli/internal/discovery/scan.go:60.112,61.42 1 31
github.com/misaelzapata/fastfn/cli/internal/discovery/scan.go:61.42,63.3 1 1
github.com/misaelzapata/fastfn/cli/internal/discovery/scan.go:64.2,64.15 1 30
github.com/misaelzapata/fastfn/cli/internal/discovery/scan.go:65.14,66.64 1 3
github.com/misaelzapata/fastfn/cli/internal/discovery/scan.go:67.12,68.61 1 24
github.com/misaelzapata/fastfn/cli/internal/discovery/scan.go:69.12,70.61 1 3
github.com/misaelzapata/fastfn/cli/internal/discovery/scan.go:75.58,76.18 1 12
github.com/misaelzapata/fastfn/cli/internal/discovery/scan.go:76.18,77.49 1 12
github.com/misaelzapata/fastfn/cli/internal/discovery/scan.go:77.50,77.51 0 65
github.com/misaelzapata/fastfn/cli/internal/discovery/scan.go:80.2,84.53 4 12
github.com/misaelzapata/fastfn/cli/internal/discovery/scan.go:84.53,85.26 1 20
github.com/misaelzapata/fastfn/cli/internal/discovery/scan.go:85.26,87.4 1 29
github.com/misaelzapata/fastfn/cli/internal/discovery/scan.go:91.2,91.54 1 12
github.com/misaelzapata/fastfn/cli/internal/discovery/scan.go:91.54,93.3 1 2
github.com/misaelzapata/fastfn/cli/internal/discovery/scan.go:99.2,100.16 2 12
github.com/misaelzapata/fastfn/cli/internal/discovery/scan.go:100.16,102.3 1 1
github.com/misaelzapata/fastfn/cli/internal/discovery/scan.go:104.2,104.32 1 11
github.com/misaelzapata/fastfn/cli/internal/discovery/scan.go:104.32,105.21 1 22
github.com/misaelzapata/fastfn/cli/internal/discovery/scan.go:105.21,106.12 1 3
github.com/misaelzapata/fastfn/cli/internal/discovery/scan.go:108.3,111.55 2 19
github.com/misaelzapata/fastfn/cli/internal/discovery/scan.go:111.55,113.4 1 15
github.com/misaelzapata/fastfn/cli/internal/discovery/scan.go:119.3,119.30 1 19
github.com/misaelzapata/fastfn/cli/internal/discovery/scan.go:119.30,120.12 1 3
github.com/misaelzapata/fastfn/cli/internal/discovery/scan.go:124.3,125.17 2 16
github.com/misaelzapata/fastfn/cli/internal/discovery/scan.go:125.17,126.12 1 1
github.com/misaelzapata/fastfn/cli/internal/discovery/scan.go:128.3,128.34 1 15
github.com/misaelzapata/fastfn/cli/internal/discovery/scan.go:128.34,129.20 1 25
github.com/misaelzapata/fastfn/cli/internal/discovery/scan.go:129.20,130.13 1 22
github.com/misaelzapata/fastfn/cli/internal/discovery/scan.go:132.4,133.59 2 3
github.com/misaelzapata/fastfn/cli/internal/discovery/scan.go:133.59,135.5 1 3
github.com/misaelzapata/fastfn/cli/internal/discovery/scan.go:139.2,139.23 1 11
github.com/misaelzapata/fastfn/cli/internal/discovery/scan.go:142.42,144.55 2 19
github.com/misaelzapata/fastfn/cli/internal/discovery/scan.go:144.55,146.72 2 2
github.com/misaelzapata/fastfn/cli/internal/discovery/scan.go:146.72,148.4 1 2
github.com/misaelzapata/fastfn/cli/internal/discovery/scan.go:151.2,153.44 3 17
github.com/misaelzapata/fastfn/cli/internal/discovery/scan.go:153.44,155.3 1 1
github.com/misaelzapata/fastfn/cli/internal/discovery/scan.go:157.2,157.14 1 16
github.com/misaelzapata/fastfn/cli/internal/discovery/scan.go:161.80,165.47 3 39
github.com/misaelzapata/fastfn/cli/internal/discovery/scan.go:165.47,167.30 2 8
github.com/misaelzapata/fastfn/cli/internal/discovery/scan.go:167.30,169.4 1 2
github.com/misaelzapata/fastfn/cli/internal/discovery/scan.go:169.9,170.40 1 6
github.com/misaelzapata/fastfn/cli/internal/discovery/scan.go:170.40,173.17 2 4
github.com/misaelzapata/fastfn/cli/internal/discovery/scan.go:173.17,175.6 1 2
github.com/misaelzapata/fastfn/cli/internal/discovery/scan.go:176.5,176.19 1 4
github.com/misaelzapata/fastfn/cli/internal/discovery/scan.go:176.19,178.6 1 1
github.com/misaelzapata/fastfn/cli/internal/discovery/scan.go:181.5,181.17 1 4
github.com/misaelzapata/fastfn/cli/internal/discovery/scan.go:181.17,183.6 1 1
github.com/misaelzapata/fastfn/cli/internal/discovery/scan.go:184.5,190.13 2 4
github.com/misaelzapata/fastfn/cli/internal/discovery/scan.go:193.4,193.27 1 2
github.com/misaelzapata/fastfn/cli/internal/discovery/scan.go:198.2,200.17 3 35
github.com/misaelzapata/fastfn/cli/internal/discovery/scan.go:200.17,202.22 2 3
github.com/misaelzapata/fastfn/cli/internal/discovery/scan.go:202.22,203.24 1 3
github.com/misaelzapata/fastfn/cli/internal/discovery/scan.go:203.24,204.27 1 1
github.com/misaelzapata/fastfn/cli/internal/discovery/scan.go:204.27,206.6 1 1
github.com/misaelzapata/fastfn/cli/internal/discovery/scan.go:208.4,209.23 2 3
github.com/misaelzapata/fastfn/cli/internal/discovery/scan.go:214.2,214.27 1 32
github.com/misaelzapata/fastfn/cli/internal/discovery/scan.go:214.27,215.23 1 17
github.com/misaelzapata/fastfn/cli/internal/discovery/scan.go:215.23,216.32 1 1
github.com/misaelzapata/fastfn/cli/internal/discovery/scan.go:216.32,218.5 1 1
github.com/misaelzapata/fastfn/cli/internal/discovery/scan.go:220.3,221.28 2 17
github.com/misaelzapata/fastfn/cli/internal/discovery/scan.go:226.2,227.14 2 15
github.com/misaelzapata/fastfn/cli/internal/discovery/scan.go:227.14,235.3 2 1
github.com/misaelzapata/fastfn/cli/internal/discovery/scan.go:237.2,237.19 1 14
github.com/misaelzapata/fastfn/cli/internal/discovery/scan.go:240.73,243.16 3 37
github.com/misaelzapata/fastfn/cli/internal/discovery/scan.go:243.16,245.3 1 32
github.com/misaelzapata/fastfn/cli/internal/discovery/scan.go:246.2,247.85 2 5
github.com/misaelzapata/fastfn/cli/internal/discovery/scan.go:247.85,249.3 1 2
github.com/misaelzapata/fastfn/cli/internal/discovery/scan.go:251.2,253.43 3 3
github.com/misaelzapata/fastfn/cli/internal/discovery/scan.go:253.43,255.15 2 5
github.com/misaelzapata/fastfn/cli/internal/discovery/scan.go:255.15,257.4 1 1
github.com/misaelzapata/fastfn/cli/internal/discovery/scan.go:258.3,266.5 2 5
github.com/misaelzapata/fastfn/cli/internal/discovery/scan.go:268.2,268.18 1 3
github.com/misaelzapata/fastfn/cli/internal/discovery/scan.go:271.36,273.21 2 9
github.com/misaelzapata/fastfn/cli/internal/discovery/scan.go:273.21,275.79 2 9
github.com/misaelzapata/fastfn/cli/internal/discovery/scan.go:275.79,277.4 1 8
github.com/misaelzapata/fastfn/cli/internal/discovery/scan.go:279.2,279.42 1 1
github.com/misaelzapata/fastfn/cli/internal/discovery/scan.go:282.78,286.29 3 3
github.com/misaelzapata/fastfn/cli/internal/discovery/scan.go:286.29,290.3 3 5
github.com/misaelzapata/fastfn/cli/internal/discovery/scan.go:291.2,291.30 1 3
github.com/misaelzapata/fastfn/cli/internal/discovery/scan.go:291.30,293.37 2 3
github.com/misaelzapata/fastfn/cli/internal/discovery/scan.go:293.37,294.12 1 1
github.com/misaelzapata/fastfn/cli/internal/discovery/scan.go:296.3,297.24 2 2
github.com/misaelzapata/fastfn/cli/internal/discovery/scan.go:299.2,299.12 1 3
github.com/misaelzapata/fastfn/cli/internal/discovery/scan.go:318.65,320.16 2 36
github.com/misaelzapata/fastfn/cli/internal/discovery/scan.go:320.16,322.3 1 2
github.com/misaelzapata/fastfn/cli/internal/discovery/scan.go:324.2,325.16 2 34
github.com/misaelzapata/fastfn/cli/internal/discovery/scan.go:325.16,327.3 1 1
github.com/misaelzapata/fastfn/cli/internal/discovery/scan.go:328.2,331.30 3 34
github.com/misaelzapata/fastfn/cli/internal/discovery/scan.go:331.30,332.20 1 61
github.com/misaelzapata/fastfn/cli/internal/discovery/scan.go:332.20,333.12 1 25
github.com/misaelzapata/fastfn/cli/internal/discovery/scan.go:336.3,338.34 3 36
github.com/misaelzapata/fastfn/cli/internal/discovery/scan.go:338.34,339.12 1 3
github.com/misaelzapata/fastfn/cli/internal/discovery/scan.go:342.3,343.20 2 33
github.com/misaelzapata/fastfn/cli/internal/discovery/scan.go:343.20,344.12 1 8
github.com/misaelzapata/fastfn/cli/internal/discovery/scan.go:347.3,349.42 3 25
github.com/misaelzapata/fastfn/cli/internal/discovery/scan.go:349.42,357.4 1 25
github.com/misaelzapata/fastfn/cli/internal/discovery/scan.go:360.3,360.87 1 25
github.com/misaelzapata/fastfn/cli/internal/discovery/scan.go:360.87,363.41 3 1
github.com/misaelzapata/fastfn/cli/internal/discovery/scan.go:363.41,371.5 1 1
github.com/misaelzapata/fastfn/cli/internal/discovery/scan.go:375.2,375.19 1 34
github.com/misaelzapata/fastfn/cli/internal/discovery/scan.go:375.19,377.3 1 15
github.com/misaelzapata/fastfn/cli/internal/discovery/scan.go:379.2,379.38 1 19
github.com/misaelzapata/fastfn/cli/internal/discovery/scan.go:379.38,380.33 1 8
github.com/misaelzapata/fastfn/cli/internal/discovery/scan.go:380.33,382.4 1 2
github.com/misaelzapata/fastfn/cli/internal/discovery/scan.go:383.3,383.35 1 6
github.com/misaelzapata/fastfn/cli/internal/discovery/scan.go:386.2,387.24 2 19
github.com/misaelzapata/fastfn/cli/internal/discovery/scan.go:387.24,390.21 3 26
github.com/misaelzapata/fastfn/cli/internal/discovery/scan.go:390.21,392.4 1 14
github.com/misaelzapata/fastfn/cli/internal/discovery/scan.go:393.3,400.5 1 26
github.com/misaelzapata/fastfn/cli/internal/discovery/scan.go:403.2,403.12 1 19
github.com/misaelzapata/fastfn/cli/internal/discovery/scan.go:406.41,408.76 2 36
github.com/misaelzapata/fastfn/cli/internal/discovery/scan.go:408.76,410.3 1 2
github.com/misaelzapata/fastfn/cli/internal/discovery/scan.go:411.2,411.38 1 34
github.com/misaelzapata/fastfn/cli/internal/discovery/scan.go:414.64,417.20 3 25
github.com/misaelzapata/fastfn/cli/internal/discovery/scan.go:417.20,418.63 1 25
github.com/misaelzapata/fastfn/cli/internal/discovery/scan.go:418.63,421.4 2 11
github.com/misaelzapata/fastfn/cli/internal/discovery/scan.go:423.2,423.22 1 25
github.com/misaelzapata/fastfn/cli/internal/discovery/scan.go:426.44,431.25 4 26
github.com/misaelzapata/fastfn/cli/internal/discovery/scan.go:431.25,432.12 1 177
github.com/misaelzapata/fastfn/cli/internal/discovery/scan.go:433.12,435.20 2 8
github.com/misaelzapata/fastfn/cli/internal/discovery/scan.go:436.12,437.24 1 8
github.com/misaelzapata/fastfn/cli/internal/discovery/scan.go:437.24,439.5 1 8
github.com/misaelzapata/fastfn/cli/internal/discovery/scan.go:440.4,440.20 1 8
github.com/misaelzapata/fastfn/cli/internal/discovery/scan.go:441.12,442.25 1 16
github.com/misaelzapata/fastfn/cli/internal/discovery/scan.go:442.25,444.20 2 10
github.com/misaelzapata/fastfn/cli/internal/discovery/scan.go:444.20,446.6 1 10
github.com/misaelzapata/fastfn/cli/internal/discovery/scan.go:447.5,447.16 1 10
github.com/misaelzapata/fastfn/cli/internal/discovery/scan.go:448.10,450.5 1 6
github.com/misaelzapata/fastfn/cli/internal/discovery/scan.go:451.11,452.20 1 145
github.com/misaelzapata/fastfn/cli/internal/discovery/scan.go:456.2,457.16 2 26
github.com/misaelzapata/fastfn/cli/internal/discovery/scan.go:457.16,459.3 1 25
github.com/misaelzapata/fastfn/cli/internal/discovery/scan.go:461.2,461.19 1 26
github.com/misaelzapata/fastfn/cli/internal/discovery/scan.go:461.19,463.3 1 1
github.com/misaelzapata/fastfn/cli/internal/discovery/scan.go:464.2,464.12 1 25
github.com/misaelzapata/fastfn/cli/internal/discovery/scan.go:467.73,469.37 2 27
github.com/misaelzapata/fastfn/cli/internal/discovery/scan.go:469.37,471.3 1 23
github.com/misaelzapata/fastfn/cli/internal/discovery/scan.go:473.2,474.35 2 27
github.com/misaelzapata/fastfn/cli/internal/discovery/scan.go:474.35,476.14 2 26
github.com/misaelzapata/fastfn/cli/internal/discovery/scan.go:476.14,477.12 1 11
github.com/misaelzapata/fastfn/cli/internal/discovery/scan.go:479.3,480.33 2 15
github.com/misaelzapata/fastfn/cli/internal/discovery/scan.go:483.2,483.24 1 27
github.com/misaelzapata/fastfn/cli/internal/discovery/scan.go:483.24,485.3 1 1
github.com/misaelzapata/fastfn/cli/internal/discovery/scan.go:486.2,486.53 1 26
github.com/misaelzapata/fastfn/cli/internal/discovery/scan.go:489.45,492.30 3 24
github.com/misaelzapata/fastfn/cli/internal/discovery/scan.go:492.30,494.14 2 34
github.com/misaelzapata/fastfn/cli/internal/discovery/scan.go:494.14,496.4 1 27
github.com/misaelzapata/fastfn/cli/internal/discovery/scan.go:498.2,498.12 1 24
github.com/misaelzapata/fastfn/cli/internal/discovery/scan.go:501.43,503.96 2 60
github.com/misaelzapata/fastfn/cli/internal/discovery/scan.go:503.96,505.3 1 18
github.com/misaelzapata/fastfn/cli/internal/discovery/scan.go:507.2,508.62 2 42
github.com/misaelzapata/fastfn/cli/internal/discovery/scan.go:508.62,510.3 1 1
github.com/misaelzapata/fastfn/cli/internal/discovery/scan.go:512.2,513.54 2 41
github.com/misaelzapata/fastfn/cli/internal/discovery/scan.go:513.54,515.3 1 1
github.com/misaelzapata/fastfn/cli/internal/discovery/scan.go:517.2,518.53 2 40
github.com/misaelzapata/fastfn/cli/internal/discovery/scan.go:518.53,520.3 1 6
github.com/misaelzapata/fastfn/cli/internal/discovery/scan.go:522.2,525.14 4 34
github.com/misaelzapata/fastfn/cli/internal/discovery/scan.go:528.45,531.2 2 21
github.com/misaelzapata/fastfn/cli/internal/discovery/scan.go:533.36,542.2 5 31
github.com/misaelzapata/fastfn/cli/internal/discovery/scan.go:544.48,546.39 2 40
github.com/misaelzapata/fastfn/cli/internal/discovery/scan.go:546.39,548.3 1 2
github.com/misaelzapata/fastfn/cli/internal/discovery/scan.go:549.2,550.13 2 38
github.com/misaelzapata/fastfn/cli/internal/discovery/scan.go:551.20,552.16 1 14
github.com/misaelzapata/fastfn/cli/internal/discovery/scan.go:553.13,554.18 1 10
github.com/misaelzapata/fastfn/cli/internal/discovery/scan.go:555.14,556.15 1 2
github.com/misaelzapata/fastfn/cli/internal/discovery/scan.go:557.14,558.15 1 1
github.com/misaelzapata/fastfn/cli/internal/discovery/scan.go:559.13,560.16 1 2
github.com/misaelzapata/fastfn/cli/internal/discovery/scan.go:561.13,562.14 1 1
github.com/misaelzapata/fastfn/cli/internal/discovery/scan.go:565.2,565.11 1 8
github.com/misaelzapata/fastfn/cli/internal/discovery/scan.go:571.48,573.16 2 7
github.com/misaelzapata/fastfn/cli/internal/discovery/scan.go:573.16,575.3 1 1
github.com/misaelzapata/fastfn/cli/internal/discovery/scan.go:576.2,577.51 2 6
github.com/misaelzapata/fastfn/cli/internal/discovery/scan.go:577.51,579.3 1 1
github.com/misaelzapata/fastfn/cli/internal/discovery/scan.go:580.2,580.30 1 5
github.com/misaelzapata/fastfn/cli/internal/discovery/scan.go:583.45,585.16 2 4
github.com/misaelzapata/fastfn/cli/internal/discovery/scan.go:585.16,587.3 1 1
github.com/misaelzapata/fastfn/cli/internal/discovery/scan.go:588.2,589.51 2 3
github.com/misaelzapata/fastfn/cli/internal/discovery/scan.go:589.51,591.3 1 1
github.com/misaelzapata/fastfn/cli/internal/discovery/scan.go:592.2,592.21 1 2
github.com/misaelzapata/fastfn/cli/internal/discovery/scan.go:595.68,597.16 2 27
github.com/misaelzapata/fastfn/cli/internal/discovery/scan.go:597.16,599.3 1 14
github.com/misaelzapata/fastfn/cli/internal/discovery/scan.go:600.2,601.51 2 13
github.com/misaelzapata/fastfn/cli/internal/discovery/scan.go:601.51,603.3 1 2
github.com/misaelzapata/fastfn/cli/internal/discovery/scan.go:604.2,604.18 1 11
github.com/misaelzapata/fastfn/cli/internal/discovery/scan.go:607.64,608.19 1 16
github.com/misaelzapata/fastfn/cli/internal/discovery/scan.go:608.19,610.3 1 2
github.com/misaelzapata/fastfn/cli/internal/discovery/scan.go:612.2,612.72 1 14
github.com/misaelzapata/fastfn/cli/internal/discovery/scan.go:612.72,614.3 1 4
github.com/misaelzapata/fastfn/cli/internal/discovery/scan.go:615.2,615.69 1 10
github.com/misaelzapata/fastfn/cli/internal/discovery/scan.go:615.69,617.3 1 3
github.com/misaelzapata/fastfn/cli/internal/discovery/scan.go:618.2,618.75 1 7
github.com/misaelzapata/fastfn/cli/internal/discovery/scan.go:618.75,620.3 1 1
github.com/misaelzapata/fastfn/cli/internal/discovery/scan.go:622.2,623.9 2 6
github.com/misaelzapata/fastfn/cli/internal/discovery/scan.go:623.9,625.3 1 2
github.com/misaelzapata/fastfn/cli/internal/discovery/scan.go:626.2,627.30 2 4
github.com/misaelzapata/fastfn/cli/internal/discovery/scan.go:630.48,631.38 1 19
github.com/misaelzapata/fastfn/cli/internal/discovery/scan.go:631.38,632.27 1 111
github.com/misaelzapata/fastfn/cli/internal/discovery/scan.go:632.27,633.60 1 388
github.com/misaelzapata/fastfn/cli/internal/discovery/scan.go:633.60,635.5 1 3
github.com/misaelzapata/fastfn/cli/internal/discovery/scan.go:638.2,638.11 1 16
github.com/misaelzapata/fastfn/cli/embed/templates/embed.go:16.66,18.3 1 3
github.com/misaelzapata/fastfn/cli/embed/templates/embed.go:27.73,33.16 3 5
github.com/misaelzapata/fastfn/cli/embed/templates/embed.go:33.16,35.3 1 1
github.com/misaelzapata/fastfn/cli/embed/templates/embed.go:37.2,38.16 2 4
github.com/misaelzapata/fastfn/cli/embed/templates/embed.go:38.16,40.3 1 1
github.com/misaelzapata/fastfn/cli/embed/templates/embed.go:42.2,44.16 3 3
github.com/misaelzapata/fastfn/cli/embed/templates/embed.go:44.16,46.3 1 1
github.com/misaelzapata/fastfn/cli/embed/templates/embed.go:47.2,49.47 2 2
github.com/misaelzapata/fastfn/cli/embed/templates/embed.go:49.47,51.3 1 1
github.com/misaelzapata/fastfn/cli/embed/templates/embed.go:53.2,53.22 1 1
github.com/misaelzapata/fastfn/cli/internal/runtime/manager.go:21.26,26.34 3 4
github.com/misaelzapata/fastfn/cli/internal/runtime/manager.go:26.34,29.3 1 1
github.com/misaelzapata/fastfn/cli/internal/runtime/manager.go:31.2,35.16 3 3
github.com/misaelzapata/fastfn/cli/internal/runtime/manager.go:35.16,37.3 1 1
github.com/misaelzapata/fastfn/cli/internal/runtime/manager.go:38.2,46.39 5 2
github.com/misaelzapata/fastfn/cli/internal/runtime/manager.go:46.39,48.3 1 1
github.com/misaelzapata/fastfn/cli/internal/runtime/manager.go:50.2,51.12 2 1
github.com/misaelzapata/fastfn/cli/internal/runtime/manager.go:55.72,57.40 1 2
github.com/misaelzapata/fastfn/cli/internal/runtime/manager.go:57.40,59.3 1 1
github.com/misaelzapata/fastfn/cli/internal/runtime/manager.go:65.2,65.63 1 1
github.com/misaelzapata/fastfn/cli/internal/process/check.go:23.38,24.51 1 3
github.com/misaelzapata/fastfn/cli/internal/process/check.go:24.51,26.3 1 1
github.com/misaelzapata/fastfn/cli/internal/process/check.go:27.2,30.34 4 2
github.com/misaelzapata/fastfn/cli/internal/process/check.go:30.34,32.3 1 1
github.com/misaelzapata/fastfn/cli/internal/process/check.go:33.2,33.20 1 1
github.com/misaelzapata/fastfn/cli/internal/process/check.go:37.26,39.51 1 3
github.com/misaelzapata/fastfn/cli/internal/process/check.go:39.51,41.3 1 1
github.com/misaelzapata/fastfn/cli/internal/process/check.go:44.2,45.34 2 2
github.com/misaelzapata/fastfn/cli/internal/process/check.go:45.34,47.3 1 1
github.com/misaelzapata/fastfn/cli/internal/process/check.go:49.2,49.12 1 1
github.com/misaelzapata/fastfn/cli/internal/process/check.go:53.32,65.31 3 4
github.com/misaelzapata/fastfn/cli/internal/process/check.go:65.31,67.17 2 20
github.com/misaelzapata/fastfn/cli/internal/process/check.go:67.17,68.21 1 19
github.com/misaelzapata/fastfn/cli/internal/process/check.go:68.21,70.5 1 3
github.com/misaelzapata/fastfn/cli/internal/process/check.go:74.2,74.23 1 4
github.com/misaelzapata/fastfn/cli/internal/process/check.go:74.23,76.3 1 1
github.com/misaelzapata/fastfn/cli/internal/process/check.go:78.2,78.29 1 3
github.com/misaelzapata/fastfn/cli/internal/process/check.go:79.19,80.313 1 1
github.com/misaelzapata/fastfn/cli/internal/process/check.go:81.33,82.353 1 1
github.com/misaelzapata/fastfn/cli/internal/process/check.go:83.10,84.270 1 1
github.com/misaelzapata/fastfn/cli/internal/process/config.go:26.79,30.16 3 5
github.com/misaelzapata/fastfn/cli/internal/process/config.go:30.16,32.3 1 1
github.com/misaelzapata/fastfn/cli/internal/process/config.go:33.2,43.32 4 4
github.com/misaelzapata/fastfn/cli/internal/process/config.go:43.32,45.3 1 4
github.com/misaelzapata/fastfn/cli/internal/process/config.go:48.2,48.20 1 4
github.com/misaelzapata/fastfn/cli/internal/process/config.go:48.20,50.3 1 1
github.com/misaelzapata/fastfn/cli/internal/process/config.go:51.2,51.50 1 4
github.com/misaelzapata/fastfn/cli/internal/process/config.go:51.50,53.3 1 1
github.com/misaelzapata/fastfn/cli/internal/process/config.go:54.2,61.75 3 3
github.com/misaelzapata/fastfn/cli/internal/process/config.go:61.75,63.3 1 1
github.com/misaelzapata/fastfn/cli/internal/process/config.go:65.2,65.27 1 2
github.com/misaelzapata/fastfn/cli/internal/process/config.go:68.29,69.38 1 7
github.com/misaelzapata/fastfn/cli/internal/process/config.go:69.38,70.45 1 9
github.com/misaelzapata/fastfn/cli/internal/process/config.go:70.45,72.4 1 6
github.com/misaelzapata/fastfn/cli/internal/process/config.go:76.2,76.28 1 1
github.com/misaelzapata/fastfn/cli/internal/process/hot_reload.go:24.62,25.16 1 8
github.com/misaelzapata/fastfn/cli/internal/process/hot_reload.go:25.16,27.3 1 1
github.com/misaelzapata/fastfn/cli/internal/process/hot_reload.go:28.2,28.15 1 8
github.com/misaelzapata/fastfn/cli/internal/process/hot_reload.go:28.15,29.15 1 1
github.com/misaelzapata/fastfn/cli/internal/process/hot_reload.go:29.16,29.17 0 0
github.com/misaelzapata/fastfn/cli/internal/process/hot_reload.go:31.2,34.3 1 8
github.com/misaelzapata/fastfn/cli/internal/process/hot_reload.go:37.31,40.15 3 10
github.com/misaelzapata/fastfn/cli/internal/process/hot_reload.go:40.15,42.3 1 1
github.com/misaelzapata/fastfn/cli/internal/process/hot_reload.go:43.2,43.20 1 9
github.com/misaelzapata/fastfn/cli/internal/process/hot_reload.go:43.20,45.3 1 4
github.com/misaelzapata/fastfn/cli/internal/process/hot_reload.go:46.2,46.43 1 9
github.com/misaelzapata/fastfn/cli/internal/process/hot_reload.go:46.43,48.16 2 5
github.com/misaelzapata/fastfn/cli/internal/process/hot_reload.go:48.16,51.4 2 1
github.com/misaelzapata/fastfn/cli/internal/process/hot_reload.go:52.3,54.7 3 4
github.com/misaelzapata/fastfn/cli/internal/process/hot_reload.go:58.28,62.20 4 8
github.com/misaelzapata/fastfn/cli/internal/process/hot_reload.go:62.20,65.3 2 5
github.com/misaelzapata/fastfn/cli/internal/process/hot_reload.go:70.73,71.20 1 7
github.com/misaelzapata/fastfn/cli/internal/process/hot_reload.go:71.20,73.3 1 1
github.com/misaelzapata/fastfn/cli/internal/process/hot_reload.go:74.2,74.18 1 7
github.com/misaelzapata/fastfn/cli/internal/process/hot_reload.go:74.18,76.3 1 1
github.com/misaelzapata/fastfn/cli/internal/process/hot_reload.go:78.2,82.33 4 7
github.com/misaelzapata/fastfn/cli/internal/process/hot_reload.go:82.33,84.17 2 11
github.com/misaelzapata/fastfn/cli/internal/process/hot_reload.go:84.17,86.12 2 2
github.com/misaelzapata/fastfn/cli/internal/process/hot_reload.go:88.3,89.17 2 9
github.com/misaelzapata/fastfn/cli/internal/process/hot_reload.go:89.17,91.12 2 4
github.com/misaelzapata/fastfn/cli/internal/process/hot_reload.go:93.3,96.54 3 5
github.com/misaelzapata/fastfn/cli/internal/process/hot_reload.go:96.54,98.4 1 3
github.com/misaelzapata/fastfn/cli/internal/process/hot_reload.go:99.3,99.53 1 2
github.com/misaelzapata/fastfn/cli/internal/process/hot_reload.go:99.53,101.12 2 1
github.com/misaelzapata/fastfn/cli/internal/process/hot_reload.go:103.3,103.79 1 1
github.com/misaelzapata/fastfn/cli/internal/process/hot_reload.go:106.2,106.16 1 3
github.com/misaelzapata/fastfn/cli/internal/process/hot_reload.go:114.126,115.17 1 4
github.com/misaelzapata/fastfn/cli/internal/process/hot_reload.go:115.17,116.39 1 3
github.com/misaelzapata/fastfn/cli/internal/process/hot_reload.go:116.40,116.41 0 0
github.com/misaelzapata/fastfn/cli/internal/process/hot_reload.go:119.2,119.57 1 4
github.com/misaelzapata/fastfn/cli/internal/process/hot_reload.go:119.57,120.80 1 2
github.com/misaelzapata/fastfn/cli/internal/process/hot_reload.go:120.80,122.4 1 1
github.com/misaelzapata/fastfn/cli/internal/process/hot_reload.go:125.2,125.62 1 4
github.com/misaelzapata/fastfn/cli/internal/process/hot_reload.go:125.62,128.3 2 2
github.com/misaelzapata/fastfn/cli/internal/process/hot_reload.go:129.2,129.16 1 4
github.com/misaelzapata/fastfn/cli/internal/process/hot_reload.go:129.16,132.3 2 1
github.com/misaelzapata/fastfn/cli/internal/process/hot_reload.go:133.2,133.40 1 3
github.com/misaelzapata/fastfn/cli/internal/process/hot_reload.go:133.40,136.3 2 1
github.com/misaelzapata/fastfn/cli/internal/process/hot_reload.go:138.2,141.8 1 2
github.com/misaelzapata/fastfn/cli/internal/process/hot_reload.go:144.35,145.14 1 4
github.com/misaelzapata/fastfn/cli/internal/process/hot_reload.go:145.14,147.3 1 1
github.com/misaelzapata/fastfn/cli/internal/process/hot_reload.go:148.2,148.22 1 3
github.com/misaelzapata/fastfn/cli/internal/process/hot_reload.go:148.22,150.3 1 2
github.com/misaelzapata/fastfn/cli/internal/process/hot_reload.go:151.2,151.24 1 3
github.com/misaelzapata/fastfn/cli/internal/process/hot_reload.go:151.24,153.3 1 2
github.com/misaelzapata/fastfn/cli/internal/process/manager.go:56.28,63.2 2 21
github.com/misaelzapata/fastfn/cli/internal/process/manager.go:66.93,70.2 1 3
github.com/misaelzapata/fastfn/cli/internal/process/manager.go:73.125,74.26 1 12
github.com/misaelzapata/fastfn/cli/internal/process/manager.go:74.26,75.39 1 10
github.com/misaelzapata/fastfn/cli/internal/process/manager.go:75.39,77.4 1 3
github.com/misaelzapata/fastfn/cli/internal/process/manager.go:78.3,78.35 1 10
github.com/misaelzapata/fastfn/cli/internal/process/manager.go:78.35,80.4 1 3
github.com/misaelzapata/fastfn/cli/internal/process/manager.go:82.2,89.4 1 12
github.com/misaelzapata/fastfn/cli/internal/process/manager.go:93.36,94.33 1 12
github.com/misaelzapata/fastfn/cli/internal/process/manager.go:94.33,95.45 1 12
github.com/misaelzapata/fastfn/cli/internal/process/manager.go:95.45,98.4 2 2
github.com/misaelzapata/fastfn/cli/internal/process/manager.go:100.2,100.12 1 10
github.com/misaelzapata/fastfn/cli/internal/process/manager.go:103.102,114.16 7 24
github.com/misaelzapata/fastfn/cli/internal/process/manager.go:114.16,117.3 2 1
github.com/misaelzapata/fastfn/cli/internal/process/manager.go:118.2,119.16 2 23
github.com/misaelzapata/fastfn/cli/internal/process/manager.go:119.16,122.3 2 1
github.com/misaelzapata/fastfn/cli/internal/process/manager.go:125.2,128.36 3 22
github.com/misaelzapata/fastfn/cli/internal/process/manager.go:128.36,131.3 2 6
github.com/misaelzapata/fastfn/cli/internal/process/manager.go:132.2,139.30 5 16
github.com/misaelzapata/fastfn/cli/internal/process/manager.go:142.52,144.16 2 13
github.com/misaelzapata/fastfn/cli/internal/process/manager.go:144.16,146.3 1 3
github.com/misaelzapata/fastfn/cli/internal/process/manager.go:149.2,150.12 2 10
github.com/misaelzapata/fastfn/cli/internal/process/manager.go:150.12,154.19 4 10
github.com/misaelzapata/fastfn/cli/internal/process/manager.go:154.19,156.4 1 1
github.com/misaelzapata/fastfn/cli/internal/process/manager.go:157.3,158.22 2 10
github.com/misaelzapata/fastfn/cli/internal/process/manager.go:158.22,160.4 1 1
github.com/misaelzapata/fastfn/cli/internal/process/manager.go:162.3,162.7 1 10
github.com/misaelzapata/fastfn/cli/internal/process/manager.go:162.7,167.26 3 17
github.com/misaelzapata/fastfn/cli/internal/process/manager.go:167.26,169.5 1 2
github.com/misaelzapata/fastfn/cli/internal/process/manager.go:171.4,171.22 1 15
github.com/misaelzapata/fastfn/cli/internal/process/manager.go:171.22,173.5 1 13
github.com/misaelzapata/fastfn/cli/internal/process/manager.go:173.10,175.5 1 2
github.com/misaelzapata/fastfn/cli/internal/process/manager.go:177.4,177.36 1 15
github.com/misaelzapata/fastfn/cli/internal/process/manager.go:177.36,178.29 1 1
github.com/misaelzapata/fastfn/cli/internal/process/manager.go:178.29,181.6 2 1
github.com/misaelzapata/fastfn/cli/internal/process/manager.go:182.5,182.11 1 1
github.com/misaelzapata/fastfn/cli/internal/process/manager.go:185.4,185.97 1 14
github.com/misaelzapata/fastfn/cli/internal/process/manager.go:185.97,187.29 2 4
github.com/misaelzapata/fastfn/cli/internal/process/manager.go:187.29,190.6 2 2
github.com/misaelzapata/fastfn/cli/internal/process/manager.go:191.5,191.11 1 4
github.com/misaelzapata/fastfn/cli/internal/process/manager.go:194.4,195.28 2 10
github.com/misaelzapata/fastfn/cli/internal/process/manager.go:195.28,197.5 1 1
github.com/misaelzapata/fastfn/cli/internal/process/manager.go:198.4,200.11 2 10
github.com/misaelzapata/fastfn/cli/internal/process/manager.go:201.31,201.31 0 8
github.com/misaelzapata/fastfn/cli/internal/process/manager.go:202.24,203.11 1 2
github.com/misaelzapata/fastfn/cli/internal/process/manager.go:206.4,207.23 2 8
github.com/misaelzapata/fastfn/cli/internal/process/manager.go:207.23,209.29 2 2
github.com/misaelzapata/fastfn/cli/internal/process/manager.go:209.29,211.30 2 1
github.com/misaelzapata/fastfn/cli/internal/process/manager.go:211.30,213.7 1 1
github.com/misaelzapata/fastfn/cli/internal/process/manager.go:215.5,215.29 1 2
github.com/misaelzapata/fastfn/cli/internal/process/manager.go:215.29,219.6 3 1
github.com/misaelzapata/fastfn/cli/internal/process/manager.go:220.5,220.13 1 1
github.com/misaelzapata/fastfn/cli/internal/process/manager.go:223.4,225.28 3 6
github.com/misaelzapata/fastfn/cli/internal/process/manager.go:225.28,227.29 2 3
github.com/misaelzapata/fastfn/cli/internal/process/manager.go:227.29,229.6 1 1
github.com/misaelzapata/fastfn/cli/internal/process/manager.go:234.2,234.12 1 10
github.com/misaelzapata/fastfn/cli/internal/process/manager.go:237.42,239.2 1 6
github.com/misaelzapata/fastfn/cli/internal/process/manager.go:241.48,243.40 2 28
github.com/misaelzapata/fastfn/cli/internal/process/manager.go:243.40,245.10 2 1598
github.com/misaelzapata/fastfn/cli/internal/process/manager.go:245.10,246.12 1 2
github.com/misaelzapata/fastfn/cli/internal/process/manager.go:248.3,248.20 1 1596
github.com/misaelzapata/fastfn/cli/internal/process/manager.go:250.2,250.27 1 28
github.com/misaelzapata/fastfn/cli/internal/process/manager.go:250.27,252.10 2 5
github.com/misaelzapata/fastfn/cli/internal/process/manager.go:252.10,253.12 1 2
github.com/misaelzapata/fastfn/cli/internal/process/manager.go:255.3,255.20 1 3
github.com/misaelzapata/fastfn/cli/internal/process/manager.go:259.2,259.96 1 28
github.com/misaelzapata/fastfn/cli/internal/process/manager.go:259.96,261.3 1 1
github.com/misaelzapata/fastfn/cli/internal/process/manager.go:263.2,264.24 2 28
github.com/misaelzapata/fastfn/cli/internal/process/manager.go:264.24,266.3 1 1597
github.com/misaelzapata/fastfn/cli/internal/process/manager.go:267.2,270.25 3 28
github.com/misaelzapata/fastfn/cli/internal/process/manager.go:270.25,272.3 1 1597
github.com/misaelzapata/fastfn/cli/internal/process/manager.go:273.2,273.12 1 28
github.com/misaelzapata/fastfn/cli/internal/process/manager.go:276.51,277.14 1 1606
github.com/misaelzapata/fastfn/cli/internal/process/manager.go:277.14,279.3 1 1
github.com/misaelzapata/fastfn/cli/internal/process/manager.go:280.2,281.39 2 1605
github.com/misaelzapata/fastfn/cli/internal/process/manager.go:281.39,283.3 1 5
github.com/misaelzapata/fastfn/cli/internal/process/manager.go:284.2,284.33 1 1600
github.com/misaelzapata/fastfn/cli/internal/process/manager.go:287.77,290.21 3 33
github.com/misaelzapata/fastfn/cli/internal/process/manager.go:290.21,293.3 1 7
github.com/misaelzapata/fastfn/cli/internal/process/manager.go:297.29,307.12 4 14
github.com/misaelzapata/fastfn/cli/internal/process/manager.go:307.12,310.3 2 14
github.com/misaelzapata/fastfn/cli/internal/process/manager.go:312.2,312.9 1 14
github.com/misaelzapata/fastfn/cli/internal/process/manager.go:313.14,314.49 1 13
github.com/misaelzapata/fastfn/cli/internal/process/manager.go:315.41,316.65 1 1
github.com/misaelzapata/fastfn/cli/internal/process/runner.go:25.49,27.16 2 7
github.com/misaelzapata/fastfn/cli/internal/process/runner.go:27.16,29.3 1 1
github.com/misaelzapata/fastfn/cli/internal/process/runner.go:30.2,31.12 2 6
github.com/misaelzapata/fastfn/cli/internal/process/runner.go:34.57,36.36 2 7
github.com/misaelzapata/fastfn/cli/internal/process/runner.go:36.36,38.3 1 2
github.com/misaelzapata/fastfn/cli/internal/process/runner.go:39.2,39.16 1 5
github.com/misaelzapata/fastfn/cli/internal/process/runner.go:39.16,41.3 1 1
github.com/misaelzapata/fastfn/cli/internal/process/runner.go:42.2,42.36 1 4
github.com/misaelzapata/fastfn/cli/internal/process/runner.go:42.36,44.3 1 1
github.com/misaelzapata/fastfn/cli/internal/process/runner.go:46.2,47.20 2 3
github.com/misaelzapata/fastfn/cli/internal/process/runner.go:47.20,50.3 2 1
github.com/misaelzapata/fastfn/cli/internal/process/runner.go:52.2,52.92 1 2
github.com/misaelzapata/fastfn/cli/internal/process/runner.go:52.92,54.3 1 1
github.com/misaelzapata/fastfn/cli/internal/process/runner.go:55.2,55.12 1 1
github.com/misaelzapata/fastfn/cli/internal/process/runner.go:93.57,93.80 1 1
github.com/misaelzapata/fastfn/cli/internal/process/runner.go:94.65,97.10 3 2
github.com/misaelzapata/fastfn/cli/internal/process/runner.go:98.18,101.14 3 1
github.com/misaelzapata/fastfn/cli/internal/process/runner.go:102.20,105.77 3 1
github.com/misaelzapata/fastfn/cli/internal/process/runner.go:110.50,113.48 3 15
github.com/misaelzapata/fastfn/cli/internal/process/runner.go:113.48,115.27 2 31
github.com/misaelzapata/fastfn/cli/internal/process/runner.go:115.27,116.12 1 12
github.com/misaelzapata/fastfn/cli/internal/process/runner.go:118.3,119.36 2 19
github.com/misaelzapata/fastfn/cli/internal/process/runner.go:121.2,121.18 1 15
github.com/misaelzapata/fastfn/cli/internal/process/runner.go:124.104,127.25 3 15
github.com/misaelzapata/fastfn/cli/internal/process/runner.go:127.25,130.3 2 8
github.com/misaelzapata/fastfn/cli/internal/process/runner.go:132.2,134.31 3 15
github.com/misaelzapata/fastfn/cli/internal/process/runner.go:134.31,136.13 2 51
github.com/misaelzapata/fastfn/cli/internal/process/runner.go:136.13,137.16 1 2
github.com/misaelzapata/fastfn/cli/internal/process/runner.go:137.16,139.5 1 2
github.com/misaelzapata/fastfn/cli/internal/process/runner.go:140.4,140.12 1 2
github.com/misaelzapata/fastfn/cli/internal/process/runner.go:143.3,144.44 2 49
github.com/misaelzapata/fastfn/cli/internal/process/runner.go:144.44,145.28 1 48
github.com/misaelzapata/fastfn/cli/internal/process/runner.go:145.28,147.5 1 26
github.com/misaelzapata/fastfn/cli/internal/process/runner.go:149.3,149.23 1 49
github.com/misaelzapata/fastfn/cli/internal/process/runner.go:149.23,150.16 1 26
github.com/misaelzapata/fastfn/cli/internal/process/runner.go:150.16,152.5 1 5
github.com/misaelzapata/fastfn/cli/internal/process/runner.go:153.4,153.12 1 26
github.com/misaelzapata/fastfn/cli/internal/process/runner.go:156.3,156.34 1 23
github.com/misaelzapata/fastfn/cli/internal/process/runner.go:159.2,159.24 1 15
github.com/misaelzapata/fastfn/cli/internal/process/runner.go:159.24,161.3 1 2
github.com/misaelzapata/fastfn/cli/internal/process/runner.go:163.2,163.32 1 13
github.com/misaelzapata/fastfn/cli/internal/process/runner.go:167.37,169.20 2 15
github.com/misaelzapata/fastfn/cli/internal/process/runner.go:169.20,171.3 1 13
github.com/misaelzapata/fastfn/cli/internal/process/runner.go:174.2,174.46 1 15
github.com/misaelzapata/fastfn/cli/internal/process/runner.go:174.46,176.3 1 1
github.com/misaelzapata/fastfn/cli/internal/process/runner.go:179.2,180.16 2 14
github.com/misaelzapata/fastfn/cli/internal/process/runner.go:180.16,182.3 1 1
github.com/misaelzapata/fastfn/cli/internal/process/runner.go:183.2,187.20 4 13
github.com/misaelzapata/fastfn/cli/internal/process/runner.go:187.20,189.3 1 1
github.com/misaelzapata/fastfn/cli/internal/process/runner.go:190.2,191.50 2 13
github.com/misaelzapata/fastfn/cli/internal/process/runner.go:191.50,193.3 1 1
github.com/misaelzapata/fastfn/cli/internal/process/runner.go:194.2,194.56 1 12
github.com/misaelzapata/fastfn/cli/internal/process/runner.go:194.56,196.3 1 1
github.com/misaelzapata/fastfn/cli/internal/process/runner.go:199.2,200.16 2 11
github.com/misaelzapata/fastfn/cli/internal/process/runner.go:200.16,202.3 1 1
github.com/misaelzapata/fastfn/cli/internal/process/runner.go:203.2,210.57 2 10
github.com/misaelzapata/fastfn/cli/internal/process/runner.go:210.57,212.3 1 1
github.com/misaelzapata/fastfn/cli/internal/process/runner.go:213.2,216.52 3 9
github.com/misaelzapata/fastfn/cli/internal/process/runner.go:216.52,218.3 1 1
github.com/misaelzapata/fastfn/cli/internal/process/runner.go:219.2,237.56 11 8
github.com/misaelzapata/fastfn/cli/internal/process/runner.go:237.56,240.3 2 2
github.com/misaelzapata/fastfn/cli/internal/process/runner.go:241.2,241.53 1 8
github.com/misaelzapata/fastfn/cli/internal/process/runner.go:241.53,244.3 2 1
github.com/misaelzapata/fastfn/cli/internal/process/runner.go:245.2,245.52 1 8
github.com/misaelzapata/fastfn/cli/internal/process/runner.go:245.52,248.3 2 1
github.com/misaelzapata/fastfn/cli/internal/process/runner.go:249.2,249.51 1 8
github.com/misaelzapata/fastfn/cli/internal/process/runner.go:249.51,252.3 2 1
github.com/misaelzapata/fastfn/cli/internal/process/runner.go:253.2,253.47 1 8
github.com/misaelzapata/fastfn/cli/internal/process/runner.go:253.47,255.3 1 1
github.com/misaelzapata/fastfn/cli/internal/process/runner.go:257.2,266.16 3 8
github.com/misaelzapata/fastfn/cli/internal/process/runner.go:266.16,268.3 1 1
github.com/misaelzapata/fastfn/cli/internal/process/runner.go:269.2,269.35 1 7
github.com/misaelzapata/fastfn/cli/internal/process/runner.go:269.35,271.3 1 1
github.com/misaelzapata/fastfn/cli/internal/process/runner.go:273.2,274.30 2 7
github.com/misaelzapata/fastfn/cli/internal/process/runner.go:274.30,276.3 1 11
github.com/misaelzapata/fastfn/cli/internal/process/runner.go:277.2,277.55 1 7
github.com/misaelzapata/fastfn/cli/internal/process/runner.go:277.55,278.29 1 31
github.com/misaelzapata/fastfn/cli/internal/process/runner.go:278.29,279.12 1 25
github.com/misaelzapata/fastfn/cli/internal/process/runner.go:281.3,281.61 1 6
github.com/misaelzapata/fastfn/cli/internal/process/runner.go:281.61,283.4 1 1
github.com/misaelzapata/fastfn/cli/internal/process/runner.go:286.2,288.50 3 6
github.com/misaelzapata/fastfn/cli/internal/process/runner.go:288.50,290.3 1 1
github.com/misaelzapata/fastfn/cli/internal/process/runner.go:291.2,295.17 1 5
github.com/misaelzapata/fastfn/cli/internal/process/runner.go:295.17,297.3 1 1
github.com/misaelzapata/fastfn/cli/internal/process/runner.go:297.8,298.16 1 4
github.com/misaelzapata/fastfn/cli/internal/process/runner.go:298.16,299.64 1 4
github.com/misaelzapata/fastfn/cli/internal/process/runner.go:299.64,301.5 1 1
github.com/misaelzapata/fastfn/cli/internal/process/runner.go:305.2,306.19 2 5
github.com/misaelzapata/fastfn/cli/internal/process/runner.go:306.19,308.3 1 2
github.com/misaelzapata/fastfn/cli/internal/process/runner.go:309.2,310.19 2 5
github.com/misaelzapata/fastfn/cli/internal/process/runner.go:310.19,312.3 1 2
github.com/misaelzapata/fastfn/cli/internal/process/runner.go:314.2,329.64 2 5
github.com/misaelzapata/fastfn/cli/internal/process/runner.go:329.64,331.3 1 2
github.com/misaelzapata/fastfn/cli/internal/process/runner.go:334.2,353.24 5 5
github.com/misaelzapata/fastfn/cli/internal/process/runner.go:353.24,357.3 1 1
github.com/misaelzapata/fastfn/cli/internal/process/runner.go:359.2,359.22 1 5
github.com/misaelzapata/fastfn/cli/internal/process/runner.go:359.22,363.3 1 1
github.com/misaelzapata/fastfn/cli/internal/process/runner.go:365.2,365.21 1 5
github.com/misaelzapata/fastfn/cli/internal/process/runner.go:365.21,369.3 1 1
github.com/misaelzapata/fastfn/cli/internal/process/runner.go:371.2,371.22 1 5
github.com/misaelzapata/fastfn/cli/internal/process/runner.go:371.22,375.3 1 1
github.com/misaelzapata/fastfn/cli/internal/process/runner.go:377.2,377.20 1 5
github.com/misaelzapata/fastfn/cli/internal/process/runner.go:377.20,381.3 1 1
github.com/misaelzapata/fastfn/cli/internal/process/runner.go:384.2,385.38 2 5
github.com/misaelzapata/fastfn/cli/internal/process/runner.go:385.38,387.3 1 1
github.com/misaelzapata/fastfn/cli/internal/process/runner.go:390.2,390.15 1 4
github.com/misaelzapata/fastfn/cli/internal/process/runner.go:390.15,392.106 2 2
github.com/misaelzapata/fastfn/cli/internal/process/runner.go:392.106,394.4 1 1
github.com/misaelzapata/fastfn/cli/internal/process/runner.go:395.3,395.17 1 2
github.com/misaelzapata/fastfn/cli/internal/process/runner.go:395.17,398.4 2 1
github.com/misaelzapata/fastfn/cli/internal/process/runner.go:398.9,400.4 1 1
github.com/misaelzapata/fastfn/cli/internal/process/runner.go:403.2,406.30 3 4
github.com/misaelzapata/fastfn/cli/internal/process/session.go:33.33,34.69 1 23
github.com/misaelzapata/fastfn/cli/internal/process/session.go:34.69,36.3 1 22
github.com/misaelzapata/fastfn/cli/internal/process/session.go:37.2,37.59 1 1
github.com/misaelzapata/fastfn/cli/internal/process/session.go:40.37,41.14 1 20
github.com/misaelzapata/fastfn/cli/internal/process/session.go:41.14,43.3 1 1
github.com/misaelzapata/fastfn/cli/internal/process/session.go:44.2,44.43 1 19
github.com/misaelzapata/fastfn/cli/internal/process/session.go:44.43,46.3 1 8
github.com/misaelzapata/fastfn/cli/internal/process/session.go:50.47,51.14 1 5
github.com/misaelzapata/fastfn/cli/internal/process/session.go:51.14,53.3 1 1
github.com/misaelzapata/fastfn/cli/internal/process/session.go:54.2,54.46 1 4
github.com/misaelzapata/fastfn/cli/internal/process/session.go:58.48,59.14 1 4
github.com/misaelzapata/fastfn/cli/internal/process/session.go:59.14,61.3 1 1
github.com/misaelzapata/fastfn/cli/internal/process/session.go:62.2,62.47 1 3
github.com/misaelzapata/fastfn/cli/internal/process/session.go:66.41,67.14 1 7
github.com/misaelzapata/fastfn/cli/internal/process/session.go:67.14,69.3 1 1
github.com/misaelzapata/fastfn/cli/internal/process/session.go:70.2,71.52 2 6
github.com/misaelzapata/fastfn/cli/internal/process/session.go:71.52,73.3 1 1
github.com/misaelzapata/fastfn/cli/internal/process/session.go:74.2,74.21 1 5
github.com/misaelzapata/fastfn/cli/internal/process/session.go:74.21,76.3 1 1
github.com/misaelzapata/fastfn/cli/internal/process/session.go:77.2,77.46 1 4
github.com/misaelzapata/fastfn/cli/internal/process/session.go:77.46,79.3 1 1
github.com/misaelzapata/fastfn/cli/internal/process/session.go:80.2,80.53 1 3
github.com/misaelzapata/fastfn/cli/internal/process/session.go:80.53,82.3 1 1
github.com/misaelzapata/fastfn/cli/internal/process/session.go:83.2,83.54 1 2
github.com/misaelzapata/fastfn/cli/internal/process/session.go:83.54,85.3 1 1
github.com/misaelzapata/fastfn/cli/internal/process/session.go:86.2,86.14 1 1
github.com/misaelzapata/fastfn/cli/internal/process/session.go:90.54,92.28 2 7
github.com/misaelzapata/fastfn/cli/internal/process/session.go:92.28,94.3 1 4
github.com/misaelzapata/fastfn/cli/internal/process/session.go:95.2,95.29 1 7
github.com/misaelzapata/fastfn/cli/internal/process/session.go:95.29,97.3 1 7
github.com/misaelzapata/fastfn/cli/internal/process/session.go:99.2,100.69 2 7
github.com/misaelzapata/fastfn/cli/internal/process/session.go:100.69,102.3 1 1
github.com/misaelzapata/fastfn/cli/internal/process/session.go:104.2,107.68 3 6
github.com/misaelzapata/fastfn/cli/internal/process/session.go:107.68,109.3 1 1
github.com/misaelzapata/fastfn/cli/internal/process/session.go:110.2,110.55 1 5
github.com/misaelzapata/fastfn/cli/internal/process/session.go:110.55,112.3 1 1
github.com/misaelzapata/fastfn/cli/internal/process/session.go:113.2,113.12 1 4
github.com/misaelzapata/fastfn/cli/internal/process/session.go:117.50,119.16 2 9
github.com/misaelzapata/fastfn/cli/internal/process/session.go:119.16,121.3 1 2
github.com/misaelzapata/fastfn/cli/internal/process/session.go:122.2,123.52 2 7
github.com/misaelzapata/fastfn/cli/internal/process/session.go:123.52,125.3 1 2
github.com/misaelzapata/fastfn/cli/internal/process/session.go:126.2,127.16 2 5
github.com/misaelzapata/fastfn/cli/internal/process/session.go:131.46,134.16 3 5
github.com/misaelzapata/fastfn/cli/internal/process/session.go:134.16,135.25 1 2
github.com/misaelzapata/fastfn/cli/internal/process/session.go:135.25,137.4 1 1
github.com/misaelzapata/fastfn/cli/internal/process/session.go:138.3,138.13 1 1
github.com/misaelzapata/fastfn/cli/internal/process/session.go:140.2,140.30 1 3
github.com/misaelzapata/fastfn/cli/internal/process/session.go:140.30,142.3 1 1
github.com/misaelzapata/fastfn/cli/internal/process/session.go:143.2,143.69 1 2
github.com/misaelzapata/fastfn/cli/internal/process/session.go:143.69,145.3 1 1
github.com/misaelzapata/fastfn/cli/internal/process/session.go:146.2,146.12 1 1
github.com/misaelzapata/fastfn/cli/internal/process/session.go:150.33,151.14 1 7
github.com/misaelzapata/fastfn/cli/internal/process/session.go:151.14,153.3 1 1
github.com/misaelzapata/fastfn/cli/internal/process/session.go:154.2,155.16 2 6
github.com/misaelzapata/fastfn/cli/internal/process/session.go:155.16,157.3 1 5
github.com/misaelzapata/fastfn/cli/internal/process/session.go:158.2,158.38 1 1
github.com/misaelzapata/fastfn/cli/internal/process/watcher.go:27.79,29.16 2 38
github.com/misaelzapata/fastfn/cli/internal/process/watcher.go:29.16,31.3 1 2
github.com/misaelzapata/fastfn/cli/internal/process/watcher.go:33.2,34.80 2 36
github.com/misaelzapata/fastfn/cli/internal/process/watcher.go:34.80,36.3 1 35
github.com/misaelzapata/fastfn/cli/internal/process/watcher.go:38.2,45.8 1 36
github.com/misaelzapata/fastfn/cli/internal/process/watcher.go:48.33,50.16 2 30
github.com/misaelzapata/fastfn/cli/internal/process/watcher.go:50.16,52.3 1 1
github.com/misaelzapata/fastfn/cli/internal/process/watcher.go:54.3,54.13 1 29
github.com/misaelzapata/fastfn/cli/internal/process/watcher.go:54.13,55.8 1 29
github.com/misaelzapata/fastfn/cli/internal/process/watcher.go:55.8,56.12 1 39
github.com/misaelzapata/fastfn/cli/internal/process/watcher.go:57.38,58.43 1 32
github.com/misaelzapata/fastfn/cli/internal/process/watcher.go:58.43,60.7 1 23
github.com/misaelzapata/fastfn/cli/internal/process/watcher.go:61.6,61.36 1 9
github.com/misaelzapata/fastfn/cli/internal/process/watcher.go:61.36,62.15 1 1
github.com/misaelzapata/fastfn/cli/internal/process/watcher.go:66.5,66.52 1 8
github.com/misaelzapata/fastfn/cli/internal/process/watcher.go:66.52,68.6 1 4
github.com/misaelzapata/fastfn/cli/internal/process/watcher.go:70.5,73.50 1 8
github.com/misaelzapata/fastfn/cli/internal/process/watcher.go:73.50,77.6 1 6
github.com/misaelzapata/fastfn/cli/internal/process/watcher.go:79.37,80.21 1 2
github.com/misaelzapata/fastfn/cli/internal/process/watcher.go:80.21,82.8 1 1
github.com/misaelzapata/fastfn/cli/internal/process/watcher.go:83.7,83.44 1 1
github.com/misaelzapata/fastfn/cli/internal/process/watcher.go:84.19,85.12 1 5
github.com/misaelzapata/fastfn/cli/internal/process/watcher.go:90.2,90.12 1 29
github.com/misaelzapata/fastfn/cli/internal/process/watcher.go:93.26,96.2 2 11
github.com/misaelzapata/fastfn/cli/internal/process/watcher.go:98.51,99.85 1 39
github.com/misaelzapata/fastfn/cli/internal/process/watcher.go:99.85,100.17 1 51
github.com/misaelzapata/fastfn/cli/internal/process/watcher.go:100.17,101.23 1 3
github.com/misaelzapata/fastfn/cli/internal/process/watcher.go:101.23,103.5 1 2
github.com/misaelzapata/fastfn/cli/internal/process/watcher.go:104.4,104.14 1 1
github.com/misaelzapata/fastfn/cli/internal/process/watcher.go:106.3,106.30 1 48
github.com/misaelzapata/fastfn/cli/internal/process/watcher.go:106.30,107.29 1 2
github.com/misaelzapata/fastfn/cli/internal/process/watcher.go:107.29,109.5 1 1
github.com/misaelzapata/fastfn/cli/internal/process/watcher.go:110.4,110.14 1 1
github.com/misaelzapata/fastfn/cli/internal/process/watcher.go:112.3,112.28 1 46
github.com/misaelzapata/fastfn/cli/internal/process/watcher.go:112.28,113.55 1 41
github.com/misaelzapata/fastfn/cli/internal/process/watcher.go:113.55,115.5 1 3
github.com/misaelzapata/fastfn/cli/internal/process/watcher.go:117.3,117.13 1 46
github.com/misaelzapata/fastfn/cli/internal/process/watcher.go:121.50,124.72 3 63
github.com/misaelzapata/fastfn/cli/internal/process/watcher.go:124.72,125.33 1 586
github.com/misaelzapata/fastfn/cli/internal/process/watcher.go:125.33,126.19 1 3498
github.com/misaelzapata/fastfn/cli/internal/process/watcher.go:126.19,128.5 1 4
github.com/misaelzapata/fastfn/cli/internal/process/watcher.go:132.2,132.66 1 59
github.com/misaelzapata/fastfn/cli/internal/process/watcher.go:132.66,134.3 1 3
github.com/misaelzapata/fastfn/cli/internal/process/watcher.go:135.2,135.14 1 56
github.com/misaelzapata/fastfn/cli/cmd/dev.go:34.48,35.19 1 22
github.com/misaelzapata/fastfn/cli/cmd/dev.go:35.19,37.3 1 20
github.com/misaelzapata/fastfn/cli/cmd/dev.go:38.2,38.50 1 2
github.com/misaelzapata/fastfn/cli/cmd/dev.go:38.50,40.3 1 1
github.com/misaelzapata/fastfn/cli/cmd/dev.go:41.2,41.12 1 1
github.com/misaelzapata/fastfn/cli/cmd/dev.go:44.32,46.49 1 3
github.com/misaelzapata/fastfn/cli/cmd/dev.go:46.49,48.3 1 1
github.com/misaelzapata/fastfn/cli/cmd/dev.go:51.2,52.34 2 2
github.com/misaelzapata/fastfn/cli/cmd/dev.go:52.34,54.3 1 1
github.com/misaelzapata/fastfn/cli/cmd/dev.go:58.56,60.6 2 13
github.com/misaelzapata/fastfn/cli/cmd/dev.go:60.6,61.82 1 39
github.com/misaelzapata/fastfn/cli/cmd/dev.go:61.82,63.4 1 10
github.com/misaelzapata/fastfn/cli/cmd/dev.go:65.3,66.24 2 29
github.com/misaelzapata/fastfn/cli/cmd/dev.go:66.24,68.4 1 3
github.com/misaelzapata/fastfn/cli/cmd/dev.go:69.3,69.19 1 26
github.com/misaelzapata/fastfn/cli/cmd/dev.go:77.47,78.68 1 19
github.com/misaelzapata/fastfn/cli/cmd/dev.go:78.68,80.4 1 1
github.com/misaelzapata/fastfn/cli/cmd/dev.go:81.3,81.47 1 19
github.com/misaelzapata/fastfn/cli/cmd/dev.go:81.47,83.4 1 1
github.com/misaelzapata/fastfn/cli/cmd/dev.go:84.3,84.18 1 19
github.com/misaelzapata/fastfn/cli/cmd/dev.go:84.18,87.4 2 4
github.com/misaelzapata/fastfn/cli/cmd/dev.go:90.3,92.17 3 19
github.com/misaelzapata/fastfn/cli/cmd/dev.go:92.17,94.4 1 1
github.com/misaelzapata/fastfn/cli/cmd/dev.go:95.3,95.45 1 18
github.com/misaelzapata/fastfn/cli/cmd/dev.go:95.45,97.4 1 1
github.com/misaelzapata/fastfn/cli/cmd/dev.go:99.3,99.20 1 17
github.com/misaelzapata/fastfn/cli/cmd/dev.go:99.20,100.26 1 6
github.com/misaelzapata/fastfn/cli/cmd/dev.go:100.26,102.5 1 1
github.com/misaelzapata/fastfn/cli/cmd/dev.go:103.4,103.45 1 5
github.com/misaelzapata/fastfn/cli/cmd/dev.go:103.45,104.60 1 3
github.com/misaelzapata/fastfn/cli/cmd/dev.go:104.60,107.6 2 1
github.com/misaelzapata/fastfn/cli/cmd/dev.go:109.4,110.45 2 5
github.com/misaelzapata/fastfn/cli/cmd/dev.go:110.45,112.5 1 1
github.com/misaelzapata/fastfn/cli/cmd/dev.go:113.4,113.10 1 4
github.com/misaelzapata/fastfn/cli/cmd/dev.go:118.3,119.23 2 11
github.com/misaelzapata/fastfn/cli/cmd/dev.go:119.23,121.4 1 1
github.com/misaelzapata/fastfn/cli/cmd/dev.go:128.3,129.44 2 10
github.com/misaelzapata/fastfn/cli/cmd/dev.go:129.44,130.60 1 10
github.com/misaelzapata/fastfn/cli/cmd/dev.go:130.60,132.5 1 9
github.com/misaelzapata/fastfn/cli/cmd/dev.go:134.3,134.24 1 10
github.com/misaelzapata/fastfn/cli/cmd/dev.go:134.24,136.4 1 1
github.com/misaelzapata/fastfn/cli/cmd/dev.go:136.9,138.4 1 9
github.com/misaelzapata/fastfn/cli/cmd/dev.go:139.3,141.17 2 10
github.com/misaelzapata/fastfn/cli/cmd/dev.go:141.17,145.4 2 9
github.com/misaelzapata/fastfn/cli/cmd/dev.go:145.9,166.4 2 1
github.com/misaelzapata/fastfn/cli/cmd/dev.go:168.3,172.17 3 9
github.com/misaelzapata/fastfn/cli/cmd/dev.go:172.17,174.4 1 1
github.com/misaelzapata/fastfn/cli/cmd/dev.go:176.3,177.56 2 8
github.com/misaelzapata/fastfn/cli/cmd/dev.go:177.56,179.4 1 1
github.com/misaelzapata/fastfn/cli/cmd/dev.go:182.3,183.10 2 7
github.com/misaelzapata/fastfn/cli/cmd/dev.go:183.10,185.4 1 1
github.com/misaelzapata/fastfn/cli/cmd/dev.go:186.3,187.10 2 6
github.com/misaelzapata/fastfn/cli/cmd/dev.go:187.10,189.4 1 1
github.com/misaelzapata/fastfn/cli/cmd/dev.go:191.3,194.10 3 5
github.com/misaelzapata/fastfn/cli/cmd/dev.go:194.10,196.4 1 3
github.com/misaelzapata/fastfn/cli/cmd/dev.go:199.3,200.29 2 5
github.com/misaelzapata/fastfn/cli/cmd/dev.go:200.29,202.61 2 3
github.com/misaelzapata/fastfn/cli/cmd/dev.go:202.61,203.13 1 2
github.com/misaelzapata/fastfn/cli/cmd/dev.go:205.4,205.38 1 1
github.com/misaelzapata/fastfn/cli/cmd/dev.go:209.3,209.28 1 5
github.com/misaelzapata/fastfn/cli/cmd/dev.go:209.28,212.4 2 5
github.com/misaelzapata/fastfn/cli/cmd/dev.go:213.3,216.57 2 5
github.com/misaelzapata/fastfn/cli/cmd/dev.go:216.57,219.28 3 5
github.com/misaelzapata/fastfn/cli/cmd/dev.go:219.28,221.5 1 4
github.com/misaelzapata/fastfn/cli/cmd/dev.go:222.4,223.37 2 5
github.com/misaelzapata/fastfn/cli/cmd/dev.go:227.3,228.17 2 5
github.com/misaelzapata/fastfn/cli/cmd/dev.go:228.17,230.4 1 1
github.com/misaelzapata/fastfn/cli/cmd/dev.go:232.3,232.13 1 4
github.com/misaelzapata/fastfn/cli/cmd/dev.go:232.13,236.4 3 2
github.com/misaelzapata/fastfn/cli/cmd/dev.go:239.3,245.21 3 2
github.com/misaelzapata/fastfn/cli/cmd/dev.go:245.21,247.4 1 2
github.com/misaelzapata/fastfn/cli/cmd/dev.go:248.3,249.110 2 2
github.com/misaelzapata/fastfn/cli/cmd/dev.go:249.110,251.4 1 1
github.com/misaelzapata/fastfn/cli/cmd/dev.go:252.3,252.22 1 2
github.com/misaelzapata/fastfn/cli/cmd/dev.go:252.22,255.4 2 1
github.com/misaelzapata/fastfn/cli/cmd/dev.go:255.9,257.4 1 1
github.com/misaelzapata/fastfn/cli/cmd/dev.go:260.3,261.15 2 2
github.com/misaelzapata/fastfn/cli/cmd/dev.go:261.15,263.4 1 2
github.com/misaelzapata/fastfn/cli/cmd/dev.go:264.3,273.41 7 2
github.com/misaelzapata/fastfn/cli/cmd/dev.go:273.41,275.4 1 1
github.com/misaelzapata/fastfn/cli/cmd/dev.go:289.65,290.22 1 10
github.com/misaelzapata/fastfn/cli/cmd/dev.go:290.22,292.3 1 1
github.com/misaelzapata/fastfn/cli/cmd/dev.go:293.2,293.46 1 9
github.com/misaelzapata/fastfn/cli/cmd/dev.go:293.46,295.3 1 1
github.com/misaelzapata/fastfn/cli/cmd/dev.go:296.2,296.66 1 8
github.com/misaelzapata/fastfn/cli/cmd/dev.go:296.66,298.3 1 1
github.com/misaelzapata/fastfn/cli/cmd/dev.go:299.2,299.66 1 7
github.com/misaelzapata/fastfn/cli/cmd/dev.go:299.66,302.3 2 1
github.com/misaelzapata/fastfn/cli/cmd/dev.go:303.2,304.26 2 6
github.com/misaelzapata/fastfn/cli/cmd/dev.go:304.26,306.3 1 6
github.com/misaelzapata/fastfn/cli/cmd/dev.go:314.49,316.2 1 2
github.com/misaelzapata/fastfn/cli/cmd/dev.go:318.49,319.77 1 16
github.com/misaelzapata/fastfn/cli/cmd/dev.go:319.77,320.85 1 91
github.com/misaelzapata/fastfn/cli/cmd/dev.go:320.85,322.4 1 1
github.com/misaelzapata/fastfn/cli/cmd/dev.go:324.2,324.14 1 15
github.com/misaelzapata/fastfn/cli/cmd/dev.go:334.46,336.33 2 20
github.com/misaelzapata/fastfn/cli/cmd/dev.go:336.33,338.3 1 3
github.com/misaelzapata/fastfn/cli/cmd/dev.go:340.2,340.26 1 17
github.com/misaelzapata/fastfn/cli/cmd/dev.go:340.26,343.3 2 1
github.com/misaelzapata/fastfn/cli/cmd/dev.go:345.2,345.36 1 16
github.com/misaelzapata/fastfn/cli/cmd/dev.go:345.36,347.3 1 1
github.com/misaelzapata/fastfn/cli/cmd/dev.go:349.2,350.39 2 15
github.com/misaelzapata/fastfn/cli/cmd/dev.go:350.39,352.3 1 1
github.com/misaelzapata/fastfn/cli/cmd/dev.go:354.2,356.31 3 14
github.com/misaelzapata/fastfn/cli/cmd/dev.go:356.31,357.19 1 16
github.com/misaelzapata/fastfn/cli/cmd/dev.go:357.19,359.4 1 4
github.com/misaelzapata/fastfn/cli/cmd/dev.go:359.9,361.4 1 12
github.com/misaelzapata/fastfn/cli/cmd/dev.go:364.2,367.18 3 14
github.com/misaelzapata/fastfn/cli/cmd/dev.go:367.18,371.3 3 12
github.com/misaelzapata/fastfn/cli/cmd/dev.go:373.2,373.15 1 14
github.com/misaelzapata/fastfn/cli/cmd/dev.go:373.15,374.32 1 3
github.com/misaelzapata/fastfn/cli/cmd/dev.go:374.32,375.21 1 5
github.com/misaelzapata/fastfn/cli/cmd/dev.go:375.21,376.13 1 1
github.com/misaelzapata/fastfn/cli/cmd/dev.go:378.4,379.16 2 4
github.com/misaelzapata/fastfn/cli/cmd/dev.go:379.16,381.5 1 2
github.com/misaelzapata/fastfn/cli/cmd/dev.go:382.4,383.18 2 4
github.com/misaelzapata/fastfn/cli/cmd/dev.go:383.18,385.5 1 2
github.com/misaelzapata/fastfn/cli/cmd/dev.go:386.4,387.22 2 4
github.com/misaelzapata/fastfn/cli/cmd/dev.go:387.22,389.5 1 2
github.com/misaelzapata/fastfn/cli/cmd/dev.go:390.4,391.32 2 4
github.com/misaelzapata/fastfn/cli/cmd/dev.go:391.32,392.13 1 1
github.com/misaelzapata/fastfn/cli/cmd/dev.go:394.4,395.34 2 3
github.com/misaelzapata/fastfn/cli/cmd/dev.go:399.2,399.15 1 14
github.com/misaelzapata/fastfn/cli/cmd/dev.go:402.35,405.2 2 17
github.com/misaelzapata/fastfn/cli/cmd/dev.go:407.55,409.16 2 5
github.com/misaelzapata/fastfn/cli/cmd/dev.go:409.16,411.3 1 1
github.com/misaelzapata/fastfn/cli/cmd/dev.go:412.2,413.51 2 4
github.com/misaelzapata/fastfn/cli/cmd/dev.go:413.51,415.3 1 1
github.com/misaelzapata/fastfn/cli/cmd/dev.go:416.2,416.23 1 3
github.com/misaelzapata/fastfn/cli/cmd/dev.go:416.23,418.3 1 2
github.com/misaelzapata/fastfn/cli/cmd/dev.go:419.2,419.20 1 3
github.com/misaelzapata/fastfn/cli/cmd/dev.go:419.20,421.3 1 2
github.com/misaelzapata/fastfn/cli/cmd/dev.go:422.2,422.30 1 3
github.com/misaelzapata/fastfn/cli/cmd/dev.go:425.13,431.2 5 1
github.com/misaelzapata/fastfn/cli/cmd/dev_native.go:9.40,16.2 1 6
github.com/misaelzapata/fastfn/cli/cmd/docs.go:19.47,24.19 4 5
github.com/misaelzapata/fastfn/cli/cmd/docs.go:25.16,26.52 1 2
github.com/misaelzapata/fastfn/cli/cmd/docs.go:27.18,28.83 1 1
github.com/misaelzapata/fastfn/cli/cmd/docs.go:29.17,30.48 1 1
github.com/misaelzapata/fastfn/cli/cmd/docs.go:31.11,32.44 1 1
github.com/misaelzapata/fastfn/cli/cmd/docs.go:35.3,35.17 1 5
github.com/misaelzapata/fastfn/cli/cmd/docs.go:35.17,37.4 1 2
github.com/misaelzapata/fastfn/cli/cmd/docs.go:41.13,43.2 1 1
github.com/misaelzapata/fastfn/cli/cmd/doctor.go:106.69,113.3 3 1
github.com/misaelzapata/fastfn/cli/cmd/doctor.go:130.54,132.65 2 3
github.com/misaelzapata/fastfn/cli/cmd/doctor.go:132.65,134.4 1 1
github.com/misaelzapata/fastfn/cli/cmd/doctor.go:135.3,135.30 1 2
github.com/misaelzapata/fastfn/cli/cmd/doctor.go:135.30,137.4 1 1
github.com/misaelzapata/fastfn/cli/cmd/doctor.go:138.3,138.13 1 1
github.com/misaelzapata/fastfn/cli/cmd/doctor.go:159.54,161.17 2 4
github.com/misaelzapata/fastfn/cli/cmd/doctor.go:161.17,163.4 1 1
github.com/misaelzapata/fastfn/cli/cmd/doctor.go:164.3,165.65 2 3
github.com/misaelzapata/fastfn/cli/cmd/doctor.go:165.65,167.4 1 1
github.com/misaelzapata/fastfn/cli/cmd/doctor.go:168.3,168.30 1 2
github.com/misaelzapata/fastfn/cli/cmd/doctor.go:168.30,170.4 1 1
github.com/misaelzapata/fastfn/cli/cmd/doctor.go:171.3,171.13 1 1
github.com/misaelzapata/fastfn/cli/cmd/doctor.go:175.13,184.2 7 1
github.com/misaelzapata/fastfn/cli/cmd/doctor.go:186.65,189.69 1 7
github.com/misaelzapata/fastfn/cli/cmd/doctor.go:189.69,190.22 1 2
github.com/misaelzapata/fastfn/cli/cmd/doctor.go:190.22,192.5 1 1
github.com/misaelzapata/fastfn/cli/cmd/doctor.go:193.4,193.14 1 1
github.com/misaelzapata/fastfn/cli/cmd/doctor.go:196.2,196.41 1 7
github.com/misaelzapata/fastfn/cli/cmd/doctor.go:199.90,201.2 1 1
github.com/misaelzapata/fastfn/cli/cmd/doctor.go:203.89,205.2 1 1
github.com/misaelzapata/fastfn/cli/cmd/doctor.go:207.93,209.16 2 5
github.com/misaelzapata/fastfn/cli/cmd/doctor.go:209.16,211.3 1 1
github.com/misaelzapata/fastfn/cli/cmd/doctor.go:212.2,214.74 2 4
github.com/misaelzapata/fastfn/cli/cmd/doctor.go:214.74,216.3 1 1
github.com/misaelzapata/fastfn/cli/cmd/doctor.go:217.2,217.51 1 3
github.com/misaelzapata/fastfn/cli/cmd/doctor.go:217.51,219.3 1 1
github.com/misaelzapata/fastfn/cli/cmd/doctor.go:220.2,221.38 2 2
github.com/misaelzapata/fastfn/cli/cmd/doctor.go:221.38,223.3 1 1
github.com/misaelzapata/fastfn/cli/cmd/doctor.go:224.2,229.8 2 1
github.com/misaelzapata/fastfn/cli/cmd/doctor.go:232.97,234.16 2 3
github.com/misaelzapata/fastfn/cli/cmd/doctor.go:234.16,236.3 1 1
github.com/misaelzapata/fastfn/cli/cmd/doctor.go:237.2,238.16 2 2
github.com/misaelzapata/fastfn/cli/cmd/doctor.go:238.16,240.3 1 1
github.com/misaelzapata/fastfn/cli/cmd/doctor.go:241.2,244.52 4 1
github.com/misaelzapata/fastfn/cli/cmd/doctor.go:244.52,246.3 1 1
github.com/misaelzapata/fastfn/cli/cmd/doctor.go:247.2,251.8 1 1
github.com/misaelzapata/fastfn/cli/cmd/doctor.go:254.57,269.11 13 2
github.com/misaelzapata/fastfn/cli/cmd/doctor.go:269.11,275.3 1 1
github.com/misaelzapata/fastfn/cli/cmd/doctor.go:277.2,286.3 4 2
github.com/misaelzapata/fastfn/cli/cmd/doctor.go:289.107,293.33 3 3
github.com/misaelzapata/fastfn/cli/cmd/doctor.go:293.33,295.33 2 4
github.com/misaelzapata/fastfn/cli/cmd/doctor.go:295.33,303.12 2 1
github.com/misaelzapata/fastfn/cli/cmd/doctor.go:305.3,314.40 4 3
github.com/misaelzapata/fastfn/cli/cmd/doctor.go:314.40,322.4 1 1
github.com/misaelzapata/fastfn/cli/cmd/doctor.go:322.9,326.23 2 2
github.com/misaelzapata/fastfn/cli/cmd/doctor.go:326.23,328.5 1 2
github.com/misaelzapata/fastfn/cli/cmd/doctor.go:329.4,335.6 1 2
github.com/misaelzapata/fastfn/cli/cmd/doctor.go:338.3,339.21 2 3
github.com/misaelzapata/fastfn/cli/cmd/doctor.go:339.21,340.53 1 2
github.com/misaelzapata/fastfn/cli/cmd/doctor.go:340.53,347.5 1 1
github.com/misaelzapata/fastfn/cli/cmd/doctor.go:347.10,359.5 1 1
github.com/misaelzapata/fastfn/cli/cmd/doctor.go:362.3,363.20 2 3
github.com/misaelzapata/fastfn/cli/cmd/doctor.go:363.20,371.4 1 1
github.com/misaelzapata/fastfn/cli/cmd/doctor.go:371.9,389.4 3 2
github.com/misaelzapata/fastfn/cli/cmd/doctor.go:391.3,392.22 2 3
github.com/misaelzapata/fastfn/cli/cmd/doctor.go:392.22,400.4 1 1
github.com/misaelzapata/fastfn/cli/cmd/doctor.go:400.9,402.37 2 2
github.com/misaelzapata/fastfn/cli/cmd/doctor.go:402.37,404.5 1 1
github.com/misaelzapata/fastfn/cli/cmd/doctor.go:405.4,413.6 1 2
github.com/misaelzapata/fastfn/cli/cmd/doctor.go:416.3,417.21 2 3
github.com/misaelzapata/fastfn/cli/cmd/doctor.go:417.21,419.27 2 1
github.com/misaelzapata/fastfn/cli/cmd/doctor.go:419.27,421.5 1 1
github.com/misaelzapata/fastfn/cli/cmd/doctor.go:422.4,428.6 1 1
github.com/misaelzapata/fastfn/cli/cmd/doctor.go:429.9,432.27 3 2
github.com/misaelzapata/fastfn/cli/cmd/doctor.go:432.27,434.41 2 2
github.com/misaelzapata/fastfn/cli/cmd/doctor.go:434.41,436.6 1 1
github.com/misaelzapata/fastfn/cli/cmd/doctor.go:438.4,446.6 1 2
github.com/misaelzapata/fastfn/cli/cmd/doctor.go:449.3,450.21 2 3
github.com/misaelzapata/fastfn/cli/cmd/doctor.go:450.21,458.4 1 1
github.com/misaelzapata/fastfn/cli/cmd/doctor.go:458.9,460.36 2 2
github.com/misaelzapata/fastfn/cli/cmd/doctor.go:460.36,462.5 1 1
github.com/misaelzapata/fastfn/cli/cmd/doctor.go:463.4,468.6 1 2
github.com/misaelzapata/fastfn/cli/cmd/doctor.go:472.2,478.3 2 3
github.com/misaelzapata/fastfn/cli/cmd/doctor.go:481.121,482.26 1 6
github.com/misaelzapata/fastfn/cli/cmd/doctor.go:482.26,484.35 2 2
github.com/misaelzapata/fastfn/cli/cmd/doctor.go:484.35,486.15 2 3
github.com/misaelzapata/fastfn/cli/cmd/doctor.go:486.15,487.13 1 1
github.com/misaelzapata/fastfn/cli/cmd/doctor.go:489.4,493.6 1 2
github.com/misaelzapata/fastfn/cli/cmd/doctor.go:495.3,495.24 1 2
github.com/misaelzapata/fastfn/cli/cmd/doctor.go:495.24,497.4 1 1
github.com/misaelzapata/fastfn/cli/cmd/doctor.go:498.3,498.22 1 1
github.com/misaelzapata/fastfn/cli/cmd/doctor.go:501.2,503.19 3 4
github.com/misaelzapata/fastfn/cli/cmd/doctor.go:503.19,505.3 1 1
github.com/misaelzapata/fastfn/cli/cmd/doctor.go:506.2,506.23 1 3
github.com/misaelzapata/fastfn/cli/cmd/doctor.go:506.23,508.3 1 1
github.com/misaelzapata/fastfn/cli/cmd/doctor.go:510.2,510.26 1 2
github.com/misaelzapata/fastfn/cli/cmd/doctor.go:510.26,511.26 1 1
github.com/misaelzapata/fastfn/cli/cmd/doctor.go:511.26,513.4 1 1
github.com/misaelzapata/fastfn/cli/cmd/doctor.go:515.2,515.21 1 2
github.com/misaelzapata/fastfn/cli/cmd/doctor.go:518.60,519.16 1 14
github.com/misaelzapata/fastfn/cli/cmd/doctor.go:519.16,521.3 1 1
github.com/misaelzapata/fastfn/cli/cmd/doctor.go:523.2,526.50 3 13
github.com/misaelzapata/fastfn/cli/cmd/doctor.go:526.50,527.17 1 12
github.com/misaelzapata/fastfn/cli/cmd/doctor.go:527.17,530.4 2 2
github.com/misaelzapata/fastfn/cli/cmd/doctor.go:531.3,531.40 1 10
github.com/misaelzapata/fastfn/cli/cmd/doctor.go:531.40,534.4 2 1
github.com/misaelzapata/fastfn/cli/cmd/doctor.go:535.3,535.31 1 9
github.com/misaelzapata/fastfn/cli/cmd/doctor.go:538.2,538.25 1 13
github.com/misaelzapata/fastfn/cli/cmd/doctor.go:539.14,540.82 1 1
github.com/misaelzapata/fastfn/cli/cmd/doctor.go:541.16,542.26 1 1
github.com/misaelzapata/fastfn/cli/cmd/doctor.go:542.26,544.4 1 1
github.com/misaelzapata/fastfn/cli/cmd/doctor.go:545.13,546.26 1 9
github.com/misaelzapata/fastfn/cli/cmd/doctor.go:546.26,549.4 2 10
github.com/misaelzapata/fastfn/cli/cmd/doctor.go:550.10,551.72 1 2
github.com/misaelzapata/fastfn/cli/cmd/doctor.go:555.2,557.28 3 13
github.com/misaelzapata/fastfn/cli/cmd/doctor.go:557.28,559.14 2 9
github.com/misaelzapata/fastfn/cli/cmd/doctor.go:559.14,560.12 1 1
github.com/misaelzapata/fastfn/cli/cmd/doctor.go:562.3,563.27 2 8
github.com/misaelzapata/fastfn/cli/cmd/doctor.go:565.2,565.20 1 13
github.com/misaelzapata/fastfn/cli/cmd/doctor.go:568.58,569.25 1 10
github.com/misaelzapata/fastfn/cli/cmd/doctor.go:570.14,574.9 1 4
github.com/misaelzapata/fastfn/cli/cmd/doctor.go:575.22,576.33 1 4
github.com/misaelzapata/fastfn/cli/cmd/doctor.go:577.19,579.25 2 1
github.com/misaelzapata/fastfn/cli/cmd/doctor.go:579.25,581.4 1 3
github.com/misaelzapata/fastfn/cli/cmd/doctor.go:582.3,582.33 1 1
github.com/misaelzapata/fastfn/cli/cmd/doctor.go:583.10,584.77 1 1
github.com/misaelzapata/fastfn/cli/cmd/doctor.go:588.67,590.18 2 5
github.com/misaelzapata/fastfn/cli/cmd/doctor.go:590.18,592.3 1 1
github.com/misaelzapata/fastfn/cli/cmd/doctor.go:593.2,599.8 3 4
github.com/misaelzapata/fastfn/cli/cmd/doctor.go:602.62,603.25 1 11
github.com/misaelzapata/fastfn/cli/cmd/doctor.go:603.25,604.24 1 14
github.com/misaelzapata/fastfn/cli/cmd/doctor.go:604.24,605.25 1 10
github.com/misaelzapata/fastfn/cli/cmd/doctor.go:606.16,607.55 1 8
github.com/misaelzapata/fastfn/cli/cmd/doctor.go:607.55,609.6 1 8
github.com/misaelzapata/fastfn/cli/cmd/doctor.go:610.12,612.36 2 2
github.com/misaelzapata/fastfn/cli/cmd/doctor.go:612.36,614.6 1 1
github.com/misaelzapata/fastfn/cli/cmd/doctor.go:618.2,618.11 1 2
github.com/misaelzapata/fastfn/cli/cmd/doctor.go:621.75,622.25 1 5
github.com/misaelzapata/fastfn/cli/cmd/doctor.go:622.25,624.10 2 8
github.com/misaelzapata/fastfn/cli/cmd/doctor.go:624.10,625.12 1 4
github.com/misaelzapata/fastfn/cli/cmd/doctor.go:627.3,627.24 1 4
github.com/misaelzapata/fastfn/cli/cmd/doctor.go:628.13,629.12 1 2
github.com/misaelzapata/fastfn/cli/cmd/doctor.go:630.15,632.18 2 2
github.com/misaelzapata/fastfn/cli/cmd/doctor.go:632.18,634.5 1 1
github.com/misaelzapata/fastfn/cli/cmd/doctor.go:637.2,637.12 1 2
github.com/misaelzapata/fastfn/cli/cmd/doctor.go:640.64,642.27 2 6
github.com/misaelzapata/fastfn/cli/cmd/doctor.go:642.27,643.19 1 50
github.com/misaelzapata/fastfn/cli/cmd/doctor.go:644.23,645.10 1 37
github.com/misaelzapata/fastfn/cli/cmd/doctor.go:646.25,647.12 1 4
github.com/misaelzapata/fastfn/cli/cmd/doctor.go:648.25,649.12 1 9
github.com/misaelzapata/fastfn/cli/cmd/doctor.go:652.2,652.10 1 6
github.com/misaelzapata/fastfn/cli/cmd/doctor.go:655.64,656.12 1 3
github.com/misaelzapata/fastfn/cli/cmd/doctor.go:656.12,660.3 3 1
github.com/misaelzapata/fastfn/cli/cmd/doctor.go:662.2,663.38 2 2
github.com/misaelzapata/fastfn/cli/cmd/doctor.go:663.38,666.25 3 2
github.com/misaelzapata/fastfn/cli/cmd/doctor.go:666.25,668.4 1 1
github.com/misaelzapata/fastfn/cli/cmd/doctor.go:669.3,670.23 2 2
github.com/misaelzapata/fastfn/cli/cmd/doctor.go:670.23,672.4 1 1
github.com/misaelzapata/fastfn/cli/cmd/doctor.go:673.3,673.29 1 2
github.com/misaelzapata/fastfn/cli/cmd/doctor.go:673.29,675.33 2 1
github.com/misaelzapata/fastfn/cli/cmd/doctor.go:675.33,677.5 1 2
github.com/misaelzapata/fastfn/cli/cmd/doctor.go:678.4,679.27 2 1
github.com/misaelzapata/fastfn/cli/cmd/doctor.go:679.27,681.5 1 2
github.com/misaelzapata/fastfn/cli/cmd/doctor.go:684.2,685.12 2 2
github.com/misaelzapata/fastfn/cli/cmd/doctor.go:688.42,689.11 1 6
github.com/misaelzapata/fastfn/cli/cmd/doctor.go:690.22,691.16 1 3
github.com/misaelzapata/fastfn/cli/cmd/doctor.go:692.24,693.18 1 1
github.com/misaelzapata/fastfn/cli/cmd/doctor.go:694.24,695.18 1 1
github.com/misaelzapata/fastfn/cli/cmd/doctor.go:696.10,697.18 1 1
github.com/misaelzapata/fastfn/cli/cmd/doctor.go:701.46,702.13 1 14
github.com/misaelzapata/fastfn/cli/cmd/doctor.go:703.19,704.29 1 6
github.com/misaelzapata/fastfn/cli/cmd/doctor.go:704.29,706.4 1 2
github.com/misaelzapata/fastfn/cli/cmd/doctor.go:707.3,707.28 1 4
github.com/misaelzapata/fastfn/cli/cmd/doctor.go:707.28,709.4 1 2
github.com/misaelzapata/fastfn/cli/cmd/doctor.go:710.3,710.54 1 2
github.com/misaelzapata/fastfn/cli/cmd/doctor.go:711.16,712.21 1 5
github.com/misaelzapata/fastfn/cli/cmd/doctor.go:713.17,714.103 1 2
github.com/misaelzapata/fastfn/cli/cmd/doctor.go:715.16,716.192 1 1
github.com/misaelzapata/fastfn/cli/cmd/doctor.go:717.11,718.73 1 2
github.com/misaelzapata/fastfn/cli/cmd/doctor.go:720.10,721.74 1 3
github.com/misaelzapata/fastfn/cli/cmd/doctor.go:725.86,727.16 2 14
github.com/misaelzapata/fastfn/cli/cmd/doctor.go:727.16,734.3 1 1
github.com/misaelzapata/fastfn/cli/cmd/doctor.go:735.2,738.19 4 13
github.com/misaelzapata/fastfn/cli/cmd/doctor.go:738.19,740.3 1 1
github.com/misaelzapata/fastfn/cli/cmd/doctor.go:741.2,743.16 3 13
github.com/misaelzapata/fastfn/cli/cmd/doctor.go:743.16,746.3 2 1
github.com/misaelzapata/fastfn/cli/cmd/doctor.go:747.2,755.3 1 13
github.com/misaelzapata/fastfn/cli/cmd/doctor.go:758.38,759.51 1 5
github.com/misaelzapata/fastfn/cli/cmd/doctor.go:759.51,765.3 1 1
github.com/misaelzapata/fastfn/cli/cmd/doctor.go:766.2,774.57 5 4
github.com/misaelzapata/fastfn/cli/cmd/doctor.go:774.57,782.3 1 1
github.com/misaelzapata/fastfn/cli/cmd/doctor.go:783.2,783.18 1 3
github.com/misaelzapata/fastfn/cli/cmd/doctor.go:783.18,785.3 1 1
github.com/misaelzapata/fastfn/cli/cmd/doctor.go:786.2,791.3 1 3
github.com/misaelzapata/fastfn/cli/cmd/doctor.go:794.34,797.15 2 4
github.com/misaelzapata/fastfn/cli/cmd/doctor.go:797.15,803.3 1 3
github.com/misaelzapata/fastfn/cli/cmd/doctor.go:804.2,809.3 1 1
github.com/misaelzapata/fastfn/cli/cmd/doctor.go:812.57,814.16 2 9
github.com/misaelzapata/fastfn/cli/cmd/doctor.go:814.16,815.16 1 5
github.com/misaelzapata/fastfn/cli/cmd/doctor.go:815.16,822.4 1 2
github.com/misaelzapata/fastfn/cli/cmd/doctor.go:823.3,824.68 2 3
github.com/misaelzapata/fastfn/cli/cmd/doctor.go:824.68,831.4 1 1
github.com/misaelzapata/fastfn/cli/cmd/doctor.go:832.3,837.10 1 2
github.com/misaelzapata/fastfn/cli/cmd/doctor.go:840.2,841.20 2 4
github.com/misaelzapata/fastfn/cli/cmd/doctor.go:841.20,848.3 1 1
github.com/misaelzapata/fastfn/cli/cmd/doctor.go:850.2,851.16 2 3
github.com/misaelzapata/fastfn/cli/cmd/doctor.go:851.16,858.3 1 1
github.com/misaelzapata/fastfn/cli/cmd/doctor.go:859.2,860.53 2 2
github.com/misaelzapata/fastfn/cli/cmd/doctor.go:860.53,867.3 1 1
github.com/misaelzapata/fastfn/cli/cmd/doctor.go:869.2,875.45 2 1
github.com/misaelzapata/fastfn/cli/cmd/doctor.go:875.45,876.63 1 1
github.com/misaelzapata/fastfn/cli/cmd/doctor.go:876.63,879.4 2 1
github.com/misaelzapata/fastfn/cli/cmd/doctor.go:881.2,881.21 1 1
github.com/misaelzapata/fastfn/cli/cmd/doctor.go:884.32,885.19 1 12
github.com/misaelzapata/fastfn/cli/cmd/doctor.go:885.19,886.45 1 5
github.com/misaelzapata/fastfn/cli/cmd/doctor.go:886.45,888.4 1 4
github.com/misaelzapata/fastfn/cli/cmd/doctor.go:889.3,889.12 1 1
github.com/misaelzapata/fastfn/cli/cmd/doctor.go:891.2,891.50 1 7
github.com/misaelzapata/fastfn/cli/cmd/doctor.go:891.50,893.3 1 1
github.com/misaelzapata/fastfn/cli/cmd/doctor.go:894.2,894.50 1 6
github.com/misaelzapata/fastfn/cli/cmd/doctor.go:894.50,896.3 1 1
github.com/misaelzapata/fastfn/cli/cmd/doctor.go:897.2,897.11 1 5
github.com/misaelzapata/fastfn/cli/cmd/doctor.go:900.38,902.15 2 4
github.com/misaelzapata/fastfn/cli/cmd/doctor.go:902.15,904.3 1 3
github.com/misaelzapata/fastfn/cli/cmd/doctor.go:905.2,905.40 1 4
github.com/misaelzapata/fastfn/cli/cmd/doctor.go:905.40,912.3 1 1
github.com/misaelzapata/fastfn/cli/cmd/doctor.go:913.2,917.3 1 3
github.com/misaelzapata/fastfn/cli/cmd/doctor.go:920.42,922.16 2 6
github.com/misaelzapata/fastfn/cli/cmd/doctor.go:922.16,924.3 1 2
github.com/misaelzapata/fastfn/cli/cmd/doctor.go:925.2,926.38 2 6
github.com/misaelzapata/fastfn/cli/cmd/doctor.go:926.38,933.3 1 1
github.com/misaelzapata/fastfn/cli/cmd/doctor.go:934.2,936.16 3 5
github.com/misaelzapata/fastfn/cli/cmd/doctor.go:936.16,943.3 1 1
github.com/misaelzapata/fastfn/cli/cmd/doctor.go:944.2,949.3 2 4
github.com/misaelzapata/fastfn/cli/cmd/doctor.go:952.41,955.2 2 36
github.com/misaelzapata/fastfn/cli/cmd/doctor.go:957.44,958.39 1 15
github.com/misaelzapata/fastfn/cli/cmd/doctor.go:958.39,960.3 1 1
github.com/misaelzapata/fastfn/cli/cmd/doctor.go:961.2,961.68 1 14
github.com/misaelzapata/fastfn/cli/cmd/doctor.go:961.68,963.3 1 2
github.com/misaelzapata/fastfn/cli/cmd/doctor.go:964.2,965.20 2 12
github.com/misaelzapata/fastfn/cli/cmd/doctor.go:965.20,967.3 1 2
github.com/misaelzapata/fastfn/cli/cmd/doctor.go:968.2,968.29 1 10
github.com/misaelzapata/fastfn/cli/cmd/doctor.go:968.29,969.35 1 24
github.com/misaelzapata/fastfn/cli/cmd/doctor.go:969.35,971.4 1 1
github.com/misaelzapata/fastfn/cli/cmd/doctor.go:972.3,972.49 1 23
github.com/misaelzapata/fastfn/cli/cmd/doctor.go:972.49,974.4 1 2
github.com/misaelzapata/fastfn/cli/cmd/doctor.go:975.3,975.26 1 21
github.com/misaelzapata/fastfn/cli/cmd/doctor.go:975.26,978.41 3 96
github.com/misaelzapata/fastfn/cli/cmd/doctor.go:978.41,980.5 1 1
github.com/misaelzapata/fastfn/cli/cmd/doctor.go:983.2,983.13 1 6
github.com/misaelzapata/fastfn/cli/cmd/doctor.go:986.80,988.30 2 7
github.com/misaelzapata/fastfn/cli/cmd/doctor.go:988.30,990.3 1 1
github.com/misaelzapata/fastfn/cli/cmd/doctor.go:991.2,991.54 1 6
github.com/misaelzapata/fastfn/cli/cmd/doctor.go:991.54,992.30 1 2
github.com/misaelzapata/fastfn/cli/cmd/doctor.go:992.30,993.89 1 2
github.com/misaelzapata/fastfn/cli/cmd/doctor.go:993.89,995.5 1 1
github.com/misaelzapata/fastfn/cli/cmd/doctor.go:997.3,997.15 1 1
github.com/misaelzapata/fastfn/cli/cmd/doctor.go:999.2,999.53 1 4
github.com/misaelzapata/fastfn/cli/cmd/doctor.go:1002.82,1004.9 2 5
github.com/misaelzapata/fastfn/cli/cmd/doctor.go:1005.16,1006.87 1 1
github.com/misaelzapata/fastfn/cli/cmd/doctor.go:1007.18,1008.89 1 1
github.com/misaelzapata/fastfn/cli/cmd/doctor.go:1009.10,1010.83 1 3
github.com/misaelzapata/fastfn/cli/cmd/doctor.go:1014.76,1016.18 2 5
github.com/misaelzapata/fastfn/cli/cmd/doctor.go:1016.18,1017.14 1 4
github.com/misaelzapata/fastfn/cli/cmd/doctor.go:1017.14,1019.4 1 2
github.com/misaelzapata/fastfn/cli/cmd/doctor.go:1020.3,1020.26 1 2
github.com/misaelzapata/fastfn/cli/cmd/doctor.go:1022.2,1022.23 1 1
github.com/misaelzapata/fastfn/cli/cmd/init.go:32.47,38.52 4 7
github.com/misaelzapata/fastfn/cli/cmd/init.go:38.52,40.4 1 1
github.com/misaelzapata/fastfn/cli/cmd/init.go:43.3,43.19 1 6
github.com/misaelzapata/fastfn/cli/cmd/init.go:44.17,45.39 1 1
github.com/misaelzapata/fastfn/cli/cmd/init.go:46.15,47.37 1 1
github.com/misaelzapata/fastfn/cli/cmd/init.go:48.14,49.36 1 1
github.com/misaelzapata/fastfn/cli/cmd/init.go:50.14,51.36 1 1
github.com/misaelzapata/fastfn/cli/cmd/init.go:52.15,53.37 1 1
github.com/misaelzapata/fastfn/cli/cmd/init.go:54.11,55.114 1 1
github.com/misaelzapata/fastfn/cli/cmd/init.go:58.3,62.19 4 5
github.com/misaelzapata/fastfn/cli/cmd/init.go:63.17,65.38 2 1
github.com/misaelzapata/fastfn/cli/cmd/init.go:66.15,67.32 1 1
github.com/misaelzapata/fastfn/cli/cmd/init.go:68.14,69.33 1 1
github.com/misaelzapata/fastfn/cli/cmd/init.go:70.14,71.33 1 1
github.com/misaelzapata/fastfn/cli/cmd/init.go:72.15,73.32 1 1
github.com/misaelzapata/fastfn/cli/cmd/init.go:75.3,75.88 1 5
github.com/misaelzapata/fastfn/cli/cmd/init.go:79.13,82.2 2 1
github.com/misaelzapata/fastfn/cli/cmd/init.go:84.47,114.2 4 1
github.com/misaelzapata/fastfn/cli/cmd/init.go:116.49,142.2 5 1
github.com/misaelzapata/fastfn/cli/cmd/init.go:144.46,166.2 4 1
github.com/misaelzapata/fastfn/cli/cmd/init.go:168.46,195.2 4 1
github.com/misaelzapata/fastfn/cli/cmd/init.go:197.47,219.2 4 1
github.com/misaelzapata/fastfn/cli/cmd/init.go:221.38,222.66 1 12
github.com/misaelzapata/fastfn/cli/cmd/init.go:222.66,224.3 1 1
github.com/misaelzapata/fastfn/cli/cmd/log_alias.go:13.35,16.2 2 6
github.com/misaelzapata/fastfn/cli/cmd/log_alias.go:18.45,19.19 1 31
github.com/misaelzapata/fastfn/cli/cmd/log_alias.go:19.19,21.3 1 5
github.com/misaelzapata/fastfn/cli/cmd/log_alias.go:23.2,31.35 2 26
github.com/misaelzapata/fastfn/cli/cmd/log_alias.go:31.35,33.3 1 6
github.com/misaelzapata/fastfn/cli/cmd/log_alias.go:36.2,36.37 1 20
github.com/misaelzapata/fastfn/cli/cmd/log_alias.go:36.37,38.3 1 1
github.com/misaelzapata/fastfn/cli/cmd/log_alias.go:40.2,40.90 1 19
github.com/misaelzapata/fastfn/cli/cmd/log_alias.go:40.90,42.3 1 1
github.com/misaelzapata/fastfn/cli/cmd/log_alias.go:43.2,43.89 1 18
github.com/misaelzapata/fastfn/cli/cmd/log_alias.go:43.89,45.3 1 1
github.com/misaelzapata/fastfn/cli/cmd/log_alias.go:46.2,46.66 1 17
github.com/misaelzapata/fastfn/cli/cmd/log_alias.go:46.66,48.3 1 1
github.com/misaelzapata/fastfn/cli/cmd/log_alias.go:49.2,49.63 1 16
github.com/misaelzapata/fastfn/cli/cmd/log_alias.go:49.63,51.3 1 1
github.com/misaelzapata/fastfn/cli/cmd/log_alias.go:52.2,52.106 1 15
github.com/misaelzapata/fastfn/cli/cmd/log_alias.go:52.106,54.3 1 3
github.com/misaelzapata/fastfn/cli/cmd/log_alias.go:55.2,55.45 1 12
github.com/misaelzapata/fastfn/cli/cmd/log_alias.go:55.45,57.3 1 1
github.com/misaelzapata/fastfn/cli/cmd/log_alias.go:58.2,58.42 1 11
github.com/misaelzapata/fastfn/cli/cmd/log_alias.go:58.42,60.3 1 1
github.com/misaelzapata/fastfn/cli/cmd/log_alias.go:61.2,61.57 1 10
github.com/misaelzapata/fastfn/cli/cmd/log_alias.go:61.57,63.3 1 1
github.com/misaelzapata/fastfn/cli/cmd/log_alias.go:64.2,64.80 1 9
github.com/misaelzapata/fastfn/cli/cmd/log_alias.go:64.80,66.3 1 1
github.com/misaelzapata/fastfn/cli/cmd/log_alias.go:68.2,68.13 1 8
github.com/misaelzapata/fastfn/cli/cmd/log_alias.go:71.45,72.17 1 6
github.com/misaelzapata/fastfn/cli/cmd/log_alias.go:72.17,74.3 1 1
github.com/misaelzapata/fastfn/cli/cmd/log_alias.go:76.2,78.29 3 5
github.com/misaelzapata/fastfn/cli/cmd/log_alias.go:78.29,81.34 3 16
github.com/misaelzapata/fastfn/cli/cmd/log_alias.go:81.34,82.12 1 3
github.com/misaelzapata/fastfn/cli/cmd/log_alias.go:84.3,84.22 1 13
github.com/misaelzapata/fastfn/cli/cmd/log_alias.go:86.2,86.19 1 5
github.com/misaelzapata/fastfn/cli/cmd/log_alias.go:89.47,94.40 5 6
github.com/misaelzapata/fastfn/cli/cmd/log_alias.go:94.40,96.3 1 5
github.com/misaelzapata/fastfn/cli/cmd/log_alias.go:97.2,97.12 1 6
github.com/misaelzapata/fastfn/cli/cmd/log_alias.go:100.55,102.58 2 2
github.com/misaelzapata/fastfn/cli/cmd/log_alias.go:102.58,104.3 1 1
github.com/misaelzapata/fastfn/cli/cmd/log_alias.go:105.2,105.20 1 1
github.com/misaelzapata/fastfn/cli/cmd/logs.go:37.108,38.32 1 12
github.com/misaelzapata/fastfn/cli/cmd/logs.go:38.32,40.3 1 1
github.com/misaelzapata/fastfn/cli/cmd/logs.go:41.2,41.17 1 11
github.com/misaelzapata/fastfn/cli/cmd/logs.go:41.17,42.23 1 2
github.com/misaelzapata/fastfn/cli/cmd/logs.go:42.23,44.4 1 1
github.com/misaelzapata/fastfn/cli/cmd/logs.go:45.3,45.32 1 1
github.com/misaelzapata/fastfn/cli/cmd/logs.go:47.2,47.17 1 9
github.com/misaelzapata/fastfn/cli/cmd/logs.go:47.17,48.21 1 2
github.com/misaelzapata/fastfn/cli/cmd/logs.go:48.21,50.4 1 1
github.com/misaelzapata/fastfn/cli/cmd/logs.go:51.3,51.32 1 1
github.com/misaelzapata/fastfn/cli/cmd/logs.go:53.2,53.21 1 7
github.com/misaelzapata/fastfn/cli/cmd/logs.go:53.21,55.3 1 3
github.com/misaelzapata/fastfn/cli/cmd/logs.go:56.2,56.19 1 4
github.com/misaelzapata/fastfn/cli/cmd/logs.go:56.19,58.3 1 3
github.com/misaelzapata/fastfn/cli/cmd/logs.go:59.2,59.83 1 1
github.com/misaelzapata/fastfn/cli/cmd/logs.go:62.46,68.2 5 2
github.com/misaelzapata/fastfn/cli/cmd/logs.go:70.79,71.20 1 8
github.com/misaelzapata/fastfn/cli/cmd/logs.go:71.20,73.3 1 1
github.com/misaelzapata/fastfn/cli/cmd/logs.go:74.2,75.18 2 7
github.com/misaelzapata/fastfn/cli/cmd/logs.go:76.13,77.73 1 3
github.com/misaelzapata/fastfn/cli/cmd/logs.go:78.15,79.48 1 2
github.com/misaelzapata/fastfn/cli/cmd/logs.go:80.16,81.49 1 1
github.com/misaelzapata/fastfn/cli/cmd/logs.go:82.10,83.85 1 1
github.com/misaelzapata/fastfn/cli/cmd/logs.go:85.2,85.19 1 6
github.com/misaelzapata/fastfn/cli/cmd/logs.go:88.58,90.16 2 4
github.com/misaelzapata/fastfn/cli/cmd/logs.go:90.16,92.3 1 1
github.com/misaelzapata/fastfn/cli/cmd/logs.go:94.2,95.26 2 3
github.com/misaelzapata/fastfn/cli/cmd/logs.go:95.26,96.39 1 5
github.com/misaelzapata/fastfn/cli/cmd/logs.go:96.39,98.4 1 3
github.com/misaelzapata/fastfn/cli/cmd/logs.go:100.2,100.24 1 3
github.com/misaelzapata/fastfn/cli/cmd/logs.go:100.24,102.3 1 1
github.com/misaelzapata/fastfn/cli/cmd/logs.go:104.2,105.19 2 2
github.com/misaelzapata/fastfn/cli/cmd/logs.go:105.19,107.3 1 1
github.com/misaelzapata/fastfn/cli/cmd/logs.go:108.2,114.22 6 2
github.com/misaelzapata/fastfn/cli/cmd/logs.go:134.47,137.49 3 6
github.com/misaelzapata/fastfn/cli/cmd/logs.go:137.49,139.4 1 1
github.com/misaelzapata/fastfn/cli/cmd/logs.go:139.9,141.59 2 5
github.com/misaelzapata/fastfn/cli/cmd/logs.go:141.59,144.5 2 5
github.com/misaelzapata/fastfn/cli/cmd/logs.go:147.3,148.50 2 6
github.com/misaelzapata/fastfn/cli/cmd/logs.go:148.50,150.4 1 4
github.com/misaelzapata/fastfn/cli/cmd/logs.go:151.3,154.17 3 6
github.com/misaelzapata/fastfn/cli/cmd/logs.go:154.17,156.4 1 1
github.com/misaelzapata/fastfn/cli/cmd/logs.go:158.3,158.18 1 6
github.com/misaelzapata/fastfn/cli/cmd/logs.go:159.26,160.57 1 2
github.com/misaelzapata/fastfn/cli/cmd/logs.go:160.57,162.5 1 1
github.com/misaelzapata/fastfn/cli/cmd/logs.go:163.26,164.55 1 2
github.com/misaelzapata/fastfn/cli/cmd/logs.go:164.55,166.5 1 1
github.com/misaelzapata/fastfn/cli/cmd/logs.go:167.11,168.51 1 2
github.com/misaelzapata/fastfn/cli/cmd/logs.go:173.13,180.2 6 1
github.com/misaelzapata/fastfn/cli/cmd/root.go:48.16,49.42 1 2
github.com/misaelzapata/fastfn/cli/cmd/root.go:49.42,51.3 1 1
github.com/misaelzapata/fastfn/cli/cmd/root.go:54.13,60.2 4 1
github.com/misaelzapata/fastfn/cli/cmd/root.go:62.19,63.19 1 7
github.com/misaelzapata/fastfn/cli/cmd/root.go:63.19,65.3 1 2
github.com/misaelzapata/fastfn/cli/cmd/root.go:65.8,67.51 1 5
github.com/misaelzapata/fastfn/cli/cmd/root.go:67.51,69.4 1 1
github.com/misaelzapata/fastfn/cli/cmd/root.go:69.9,69.58 1 4
github.com/misaelzapata/fastfn/cli/cmd/root.go:69.58,72.4 1 2
github.com/misaelzapata/fastfn/cli/cmd/root.go:75.2,78.45 2 7
github.com/misaelzapata/fastfn/cli/cmd/root.go:78.45,79.20 1 4
github.com/misaelzapata/fastfn/cli/cmd/root.go:79.20,82.4 2 1
github.com/misaelzapata/fastfn/cli/cmd/root.go:86.46,87.27 1 14
github.com/misaelzapata/fastfn/cli/cmd/root.go:87.27,88.60 1 30
github.com/misaelzapata/fastfn/cli/cmd/root.go:88.60,90.4 1 6
github.com/misaelzapata/fastfn/cli/cmd/root.go:92.2,92.11 1 8
github.com/misaelzapata/fastfn/cli/cmd/root.go:95.38,97.2 1 8
github.com/misaelzapata/fastfn/cli/cmd/root.go:99.39,101.2 1 6
github.com/misaelzapata/fastfn/cli/cmd/root.go:103.50,104.27 1 26
github.com/misaelzapata/fastfn/cli/cmd/root.go:104.27,105.23 1 182
github.com/misaelzapata/fastfn/cli/cmd/root.go:105.23,107.4 1 10
github.com/misaelzapata/fastfn/cli/cmd/root.go:109.2,109.21 1 16
github.com/misaelzapata/fastfn/cli/cmd/root.go:112.34,113.7 1 8
github.com/misaelzapata/fastfn/cli/cmd/root.go:113.7,115.3 1 7
github.com/misaelzapata/fastfn/cli/cmd/root.go:116.2,116.12 1 1
github.com/misaelzapata/fastfn/cli/cmd/root.go:119.54,134.2 1 19
github.com/misaelzapata/fastfn/cli/cmd/root.go:136.72,137.71 1 27
github.com/misaelzapata/fastfn/cli/cmd/root.go:137.71,139.3 1 12
github.com/misaelzapata/fastfn/cli/cmd/root.go:140.2,140.67 1 15
github.com/misaelzapata/fastfn/cli/cmd/root.go:140.67,142.23 2 3
github.com/misaelzapata/fastfn/cli/cmd/root.go:142.23,144.4 1 3
github.com/misaelzapata/fastfn/cli/cmd/root.go:148.40,155.2 1 7
github.com/misaelzapata/fastfn/cli/cmd/root.go:157.58,158.56 1 27
github.com/misaelzapata/fastfn/cli/cmd/root.go:158.56,160.3 1 22
github.com/misaelzapata/fastfn/cli/cmd/root.go:161.2,161.46 1 5
github.com/misaelzapata/fastfn/cli/cmd/root.go:161.46,163.23 2 3
github.com/misaelzapata/fastfn/cli/cmd/root.go:163.23,165.4 1 3
github.com/misaelzapata/fastfn/cli/cmd/run.go:20.48,21.19 1 9
github.com/misaelzapata/fastfn/cli/cmd/run.go:21.19,23.3 1 7
github.com/misaelzapata/fastfn/cli/cmd/run.go:24.2,24.50 1 2
github.com/misaelzapata/fastfn/cli/cmd/run.go:24.50,26.3 1 1
github.com/misaelzapata/fastfn/cli/cmd/run.go:27.2,27.12 1 1
github.com/misaelzapata/fastfn/cli/cmd/run.go:43.47,44.68 1 6
github.com/misaelzapata/fastfn/cli/cmd/run.go:44.68,46.4 1 1
github.com/misaelzapata/fastfn/cli/cmd/run.go:47.3,47.47 1 6
github.com/misaelzapata/fastfn/cli/cmd/run.go:47.47,49.4 1 1
github.com/misaelzapata/fastfn/cli/cmd/run.go:50.3,50.18 1 6
github.com/misaelzapata/fastfn/cli/cmd/run.go:50.18,53.4 2 1
github.com/misaelzapata/fastfn/cli/cmd/run.go:55.3,58.17 3 6
github.com/misaelzapata/fastfn/cli/cmd/run.go:58.17,60.4 1 1
github.com/misaelzapata/fastfn/cli/cmd/run.go:61.3,61.44 1 5
github.com/misaelzapata/fastfn/cli/cmd/run.go:61.44,62.59 1 1
github.com/misaelzapata/fastfn/cli/cmd/run.go:62.59,65.5 2 1
github.com/misaelzapata/fastfn/cli/cmd/run.go:67.3,67.53 1 5
github.com/misaelzapata/fastfn/cli/cmd/run.go:67.53,69.4 1 1
github.com/misaelzapata/fastfn/cli/cmd/run.go:71.3,71.20 1 4
github.com/misaelzapata/fastfn/cli/cmd/run.go:71.20,81.18 4 3
github.com/misaelzapata/fastfn/cli/cmd/run.go:81.18,83.5 1 1
github.com/misaelzapata/fastfn/cli/cmd/run.go:84.9,86.4 1 1
github.com/misaelzapata/fastfn/cli/cmd/run.go:90.13,94.2 3 1
github.com/misaelzapata/fastfn/cli/cmd/version.go:19.47,22.3 1 1
github.com/misaelzapata/fastfn/cli/cmd/version.go:25.13,27.2 1 1
